{"meta": {"format": 3, "version": "7.13.5", "timestamp": "2026-04-30T23:20:29.660359", "branch_coverage": true, "show_contexts": false}, "files": {"src/stogger/__init__.py": {"executed_lines": [9, 22, 24, 25, 28, 31, 34, 37, 40, 43, 46, 49, 53], "summary": {"covered_lines": 13, "num_statements": 13, "percent_covered": 100.0, "percent_covered_display": "100.00", "missing_lines": 0, "excluded_lines": 0, "percent_statements_covered": 100.0, "percent_statements_covered_display": "100.00", "num_branches": 0, "num_partial_branches": 0, "covered_branches": 0, "missing_branches": 0, "percent_branches_covered": 100.0, "percent_branches_covered_display": "100.00"}, "missing_lines": [], "excluded_lines": [], "executed_branches": [], "missing_branches": [], "functions": {"": {"executed_lines": [9, 22, 24, 25, 28, 31, 34, 37, 40, 43, 46, 49, 53], "summary": {"covered_lines": 13, "num_statements": 13, "percent_covered": 100.0, "percent_covered_display": "100.00", "missing_lines": 0, "excluded_lines": 0, "percent_statements_covered": 100.0, "percent_statements_covered_display": "100.00", "num_branches": 0, "num_partial_branches": 0, "covered_branches": 0, "missing_branches": 0, "percent_branches_covered": 100.0, "percent_branches_covered_display": "100.00"}, "missing_lines": [], "excluded_lines": [], "start_line": 1, "executed_branches": [], "missing_branches": []}}, "classes": {"": {"executed_lines": [9, 22, 24, 25, 28, 31, 34, 37, 40, 43, 46, 49, 53], "summary": {"covered_lines": 13, "num_statements": 13, "percent_covered": 100.0, "percent_covered_display": "100.00", "missing_lines": 0, "excluded_lines": 0, "percent_statements_covered": 100.0, "percent_statements_covered_display": "100.00", "num_branches": 0, "num_partial_branches": 0, "covered_branches": 0, "missing_branches": 0, "percent_branches_covered": 100.0, "percent_branches_covered_display": "100.00"}, "missing_lines": [], "excluded_lines": [], "start_line": 1, "executed_branches": [], "missing_branches": []}}}, "src/stogger/_colors.py": {"executed_lines": [7, 9, 11, 23], "summary": {"covered_lines": 4, "num_statements": 14, "percent_covered": 31.25, "percent_covered_display": "31.25", "missing_lines": 10, "excluded_lines": 0, "percent_statements_covered": 28.571428571428573, "percent_statements_covered_display": "28.57", "num_branches": 2, "num_partial_branches": 1, "covered_branches": 1, "missing_branches": 1, "percent_branches_covered": 50.0, "percent_branches_covered_display": "50.00"}, "missing_lines": [12, 13, 14, 15, 16, 17, 18, 19, 20, 21], "excluded_lines": [], "executed_branches": [[11, 23]], "missing_branches": [[11, 12]], "functions": {"": {"executed_lines": [7, 9, 11, 23], "summary": {"covered_lines": 4, "num_statements": 14, "percent_covered": 31.25, "percent_covered_display": "31.25", "missing_lines": 10, "excluded_lines": 0, "percent_statements_covered": 28.571428571428573, "percent_statements_covered_display": "28.57", "num_branches": 2, "num_partial_branches": 1, "covered_branches": 1, "missing_branches": 1, "percent_branches_covered": 50.0, "percent_branches_covered_display": "50.00"}, "missing_lines": [12, 13, 14, 15, 16, 17, 18, 19, 20, 21], "excluded_lines": [], "start_line": 1, "executed_branches": [[11, 23]], "missing_branches": [[11, 12]]}}, "classes": {"": {"executed_lines": [7, 9, 11, 23], "summary": {"covered_lines": 4, "num_statements": 14, "percent_covered": 31.25, "percent_covered_display": "31.25", "missing_lines": 10, "excluded_lines": 0, "percent_statements_covered": 28.571428571428573, "percent_statements_covered_display": "28.57", "num_branches": 2, "num_partial_branches": 1, "covered_branches": 1, "missing_branches": 1, "percent_branches_covered": 50.0, "percent_branches_covered_display": "50.00"}, "missing_lines": [12, 13, 14, 15, 16, 17, 18, 19, 20, 21], "excluded_lines": [], "start_line": 1, "executed_branches": [[11, 23]], "missing_branches": [[11, 12]]}}}, "src/stogger/_regexes.py": {"executed_lines": [], "summary": {"covered_lines": 0, "num_statements": 5, "percent_covered": 0.0, "percent_covered_display": "0.00", "missing_lines": 5, "excluded_lines": 0, "percent_statements_covered": 0.0, "percent_statements_covered_display": "0.00", "num_branches": 0, "num_partial_branches": 0, "covered_branches": 0, "missing_branches": 0, "percent_branches_covered": 100.0, "percent_branches_covered_display": "100.00"}, "missing_lines": [1, 5, 11, 14, 17], "excluded_lines": [], "executed_branches": [], "missing_branches": [], "functions": {"": {"executed_lines": [], "summary": {"covered_lines": 0, "num_statements": 5, "percent_covered": 0.0, "percent_covered_display": "0.00", "missing_lines": 5, "excluded_lines": 0, "percent_statements_covered": 0.0, "percent_statements_covered_display": "0.00", "num_branches": 0, "num_partial_branches": 0, "covered_branches": 0, "missing_branches": 0, "percent_branches_covered": 100.0, "percent_branches_covered_display": "100.00"}, "missing_lines": [1, 5, 11, 14, 17], "excluded_lines": [], "start_line": 1, "executed_branches": [], "missing_branches": []}}, "classes": {"": {"executed_lines": [], "summary": {"covered_lines": 0, "num_statements": 5, "percent_covered": 0.0, "percent_covered_display": "0.00", "missing_lines": 5, "excluded_lines": 0, "percent_statements_covered": 0.0, "percent_statements_covered_display": "0.00", "num_branches": 0, "num_partial_branches": 0, "covered_branches": 0, "missing_branches": 0, "percent_branches_covered": 100.0, "percent_branches_covered_display": "100.00"}, "missing_lines": [1, 5, 11, 14, 17], "excluded_lines": [], "start_line": 1, "executed_branches": [], "missing_branches": []}}}, "src/stogger/config.py": {"executed_lines": [3, 4, 5, 6, 7, 9, 12, 13, 26, 27, 28, 29, 30, 32, 42, 52, 83, 124, 131, 133, 134, 135, 136, 138, 139, 140, 141, 142, 143, 144, 145, 146, 147, 148, 149, 150, 151, 152, 155, 156, 157, 158, 159, 164, 172, 174, 175, 177, 182, 183, 184, 185, 186, 187, 188, 189, 197, 200, 251, 312, 348, 377, 404, 472, 504, 546, 547, 561, 562, 563, 564, 565, 566, 570], "summary": {"covered_lines": 74, "num_statements": 206, "percent_covered": 28.14814814814815, "percent_covered_display": "28.15", "missing_lines": 132, "excluded_lines": 0, "percent_statements_covered": 35.922330097087375, "percent_statements_covered_display": "35.92", "num_branches": 64, "num_partial_branches": 0, "covered_branches": 2, "missing_branches": 62, "percent_branches_covered": 3.125, "percent_branches_covered_display": "3.12"}, "missing_lines": [40, 50, 65, 66, 67, 70, 71, 72, 75, 76, 78, 79, 80, 193, 194, 195, 213, 215, 216, 219, 220, 221, 222, 223, 224, 229, 230, 231, 234, 235, 236, 241, 242, 243, 244, 248, 262, 263, 265, 266, 268, 269, 272, 275, 276, 277, 278, 279, 280, 283, 284, 285, 288, 301, 303, 323, 324, 326, 327, 329, 330, 331, 333, 335, 336, 337, 338, 339, 345, 359, 360, 362, 363, 365, 366, 367, 368, 374, 382, 383, 384, 385, 387, 389, 390, 391, 393, 394, 395, 397, 398, 399, 401, 406, 407, 408, 409, 412, 413, 414, 415, 416, 419, 421, 422, 423, 426, 427, 428, 429, 432, 457, 459, 460, 461, 463, 478, 480, 493, 495, 510, 511, 513, 514, 515, 516, 517, 519, 520, 522, 535, 537], "excluded_lines": [], "executed_branches": [[182, 183], [182, 185]], "missing_branches": [[70, 71], [70, 75], [71, 70], [71, 72], [215, 216], [215, 219], [220, 221], [220, 234], [223, 224], [223, 234], [262, 263], [262, 265], [276, 277], [276, 283], [277, 276], [277, 278], [279, 276], [279, 280], [283, 284], [283, 288], [284, 283], [284, 285], [323, 324], [323, 326], [333, 335], [333, 345], [335, 336], [335, 345], [336, 335], [336, 337], [338, 335], [338, 339], [359, 360], [359, 362], [366, 367], [366, 374], [390, 391], [390, 393], [394, 395], [394, 397], [398, 399], [398, 401], [412, 413], [412, 419], [414, 412], [414, 415], [419, 421], [419, 426], [422, 423], [422, 426], [426, 427], [426, 432], [428, 426], [428, 429], [459, 460], [459, 463], [514, 515], [514, 519], [515, 514], [515, 516], [519, 520], [519, 522]], "functions": {"ProjectStructure.get_source_paths": {"executed_lines": [], "summary": {"covered_lines": 0, "num_statements": 1, "percent_covered": 0.0, "percent_covered_display": "0.00", "missing_lines": 1, "excluded_lines": 0, "percent_statements_covered": 0.0, "percent_statements_covered_display": "0.00", "num_branches": 0, "num_partial_branches": 0, "covered_branches": 0, "missing_branches": 0, "percent_branches_covered": 100.0, "percent_branches_covered_display": "100.00"}, "missing_lines": [40], "excluded_lines": [], "start_line": 32, "executed_branches": [], "missing_branches": []}, "ProjectStructure.get_test_paths": {"executed_lines": [], "summary": {"covered_lines": 0, "num_statements": 1, "percent_covered": 0.0, "percent_covered_display": "0.00", "missing_lines": 1, "excluded_lines": 0, "percent_statements_covered": 0.0, "percent_statements_covered_display": "0.00", "num_branches": 0, "num_partial_branches": 0, "covered_branches": 0, "missing_branches": 0, "percent_branches_covered": 100.0, "percent_branches_covered_display": "100.00"}, "missing_lines": [50], "excluded_lines": [], "start_line": 42, "executed_branches": [], "missing_branches": []}, "ProjectStructure.should_exclude_from_logging_analysis": {"executed_lines": [], "summary": {"covered_lines": 0, "num_statements": 11, "percent_covered": 0.0, "percent_covered_display": "0.00", "missing_lines": 11, "excluded_lines": 0, "percent_statements_covered": 0.0, "percent_statements_covered_display": "0.00", "num_branches": 4, "num_partial_branches": 0, "covered_branches": 0, "missing_branches": 4, "percent_branches_covered": 0.0, "percent_branches_covered_display": "0.00"}, "missing_lines": [65, 66, 67, 70, 71, 72, 75, 76, 78, 79, 80], "excluded_lines": [], "start_line": 52, "executed_branches": [], "missing_branches": [[70, 71], [70, 75], [71, 70], [71, 72]]}, "StoggerConfig.__init__": {"executed_lines": [131, 133, 134, 135, 136, 138, 139, 140, 141, 142, 143, 144, 145, 146, 147, 148, 149, 150, 151, 152, 155, 156, 157, 158, 159], "summary": {"covered_lines": 25, "num_statements": 25, "percent_covered": 100.0, "percent_covered_display": "100.00", "missing_lines": 0, "excluded_lines": 0, "percent_statements_covered": 100.0, "percent_statements_covered_display": "100.00", "num_branches": 0, "num_partial_branches": 0, "covered_branches": 0, "missing_branches": 0, "percent_branches_covered": 100.0, "percent_branches_covered_display": "100.00"}, "missing_lines": [], "excluded_lines": [], "start_line": 124, "executed_branches": [], "missing_branches": []}, "StoggerConfig._load_config": {"executed_lines": [172, 174, 175, 177, 182, 183, 184, 185, 186, 187, 188, 189, 197], "summary": {"covered_lines": 13, "num_statements": 16, "percent_covered": 83.33333333333333, "percent_covered_display": "83.33", "missing_lines": 3, "excluded_lines": 0, "percent_statements_covered": 81.25, "percent_statements_covered_display": "81.25", "num_branches": 2, "num_partial_branches": 0, "covered_branches": 2, "missing_branches": 0, "percent_branches_covered": 100.0, "percent_branches_covered_display": "100.00"}, "missing_lines": [193, 194, 195], "excluded_lines": [], "start_line": 164, "executed_branches": [[182, 183], [182, 185]], "missing_branches": []}, "detect_project_structure": {"executed_lines": [], "summary": {"covered_lines": 0, "num_statements": 20, "percent_covered": 0.0, "percent_covered_display": "0.00", "missing_lines": 20, "excluded_lines": 0, "percent_statements_covered": 0.0, "percent_statements_covered_display": "0.00", "num_branches": 6, "num_partial_branches": 0, "covered_branches": 0, "missing_branches": 6, "percent_branches_covered": 0.0, "percent_branches_covered_display": "0.00"}, "missing_lines": [213, 215, 216, 219, 220, 221, 222, 223, 224, 229, 230, 231, 234, 235, 236, 241, 242, 243, 244, 248], "excluded_lines": [], "start_line": 200, "executed_branches": [], "missing_branches": [[215, 216], [215, 219], [220, 221], [220, 234], [223, 224], [223, 234]]}, "_probe_stogger_section": {"executed_lines": [], "summary": {"covered_lines": 0, "num_statements": 19, "percent_covered": 0.0, "percent_covered_display": "0.00", "missing_lines": 19, "excluded_lines": 0, "percent_statements_covered": 0.0, "percent_statements_covered_display": "0.00", "num_branches": 12, "num_partial_branches": 0, "covered_branches": 0, "missing_branches": 12, "percent_branches_covered": 0.0, "percent_branches_covered_display": "0.00"}, "missing_lines": [262, 263, 265, 266, 268, 269, 272, 275, 276, 277, 278, 279, 280, 283, 284, 285, 288, 301, 303], "excluded_lines": [], "start_line": 251, "executed_branches": [], "missing_branches": [[262, 263], [262, 265], [276, 277], [276, 283], [277, 276], [277, 278], [279, 276], [279, 280], [283, 284], [283, 288], [284, 283], [284, 285]]}, "_probe_hatch_section": {"executed_lines": [], "summary": {"covered_lines": 0, "num_statements": 14, "percent_covered": 0.0, "percent_covered_display": "0.00", "missing_lines": 14, "excluded_lines": 0, "percent_statements_covered": 0.0, "percent_statements_covered_display": "0.00", "num_branches": 10, "num_partial_branches": 0, "covered_branches": 0, "missing_branches": 10, "percent_branches_covered": 0.0, "percent_branches_covered_display": "0.00"}, "missing_lines": [323, 324, 326, 327, 329, 330, 331, 333, 335, 336, 337, 338, 339, 345], "excluded_lines": [], "start_line": 312, "executed_branches": [], "missing_branches": [[323, 324], [323, 326], [333, 335], [333, 345], [335, 336], [335, 345], [336, 335], [336, 337], [338, 335], [338, 339]]}, "_probe_pytest_section": {"executed_lines": [], "summary": {"covered_lines": 0, "num_statements": 9, "percent_covered": 0.0, "percent_covered_display": "0.00", "missing_lines": 9, "excluded_lines": 0, "percent_statements_covered": 0.0, "percent_statements_covered_display": "0.00", "num_branches": 4, "num_partial_branches": 0, "covered_branches": 0, "missing_branches": 4, "percent_branches_covered": 0.0, "percent_branches_covered_display": "0.00"}, "missing_lines": [359, 360, 362, 363, 365, 366, 367, 368, 374], "excluded_lines": [], "start_line": 348, "executed_branches": [], "missing_branches": [[359, 360], [359, 362], [366, 367], [366, 374]]}, "_detect_from_pyproject": {"executed_lines": [], "summary": {"covered_lines": 0, "num_statements": 15, "percent_covered": 0.0, "percent_covered_display": "0.00", "missing_lines": 15, "excluded_lines": 0, "percent_statements_covered": 0.0, "percent_statements_covered_display": "0.00", "num_branches": 6, "num_partial_branches": 0, "covered_branches": 0, "missing_branches": 6, "percent_branches_covered": 0.0, "percent_branches_covered_display": "0.00"}, "missing_lines": [382, 383, 384, 385, 387, 389, 390, 391, 393, 394, 395, 397, 398, 399, 401], "excluded_lines": [], "start_line": 377, "executed_branches": [], "missing_branches": [[390, 391], [390, 393], [394, 395], [394, 397], [398, 399], [398, 401]]}, "_detect_from_heuristics": {"executed_lines": [], "summary": {"covered_lines": 0, "num_statements": 23, "percent_covered": 0.0, "percent_covered_display": "0.00", "missing_lines": 23, "excluded_lines": 0, "percent_statements_covered": 0.0, "percent_statements_covered_display": "0.00", "num_branches": 14, "num_partial_branches": 0, "covered_branches": 0, "missing_branches": 14, "percent_branches_covered": 0.0, "percent_branches_covered_display": "0.00"}, "missing_lines": [406, 407, 408, 409, 412, 413, 414, 415, 416, 419, 421, 422, 423, 426, 427, 428, 429, 432, 457, 459, 460, 461, 463], "excluded_lines": [], "start_line": 404, "executed_branches": [], "missing_branches": [[412, 413], [412, 419], [414, 412], [414, 415], [419, 421], [419, 426], [422, 423], [422, 426], [426, 427], [426, 432], [428, 426], [428, 429], [459, 460], [459, 463]]}, "_create_default_structure_with_src": {"executed_lines": [], "summary": {"covered_lines": 0, "num_statements": 4, "percent_covered": 0.0, "percent_covered_display": "0.00", "missing_lines": 4, "excluded_lines": 0, "percent_statements_covered": 0.0, "percent_statements_covered_display": "0.00", "num_branches": 0, "num_partial_branches": 0, "covered_branches": 0, "missing_branches": 0, "percent_branches_covered": 100.0, "percent_branches_covered_display": "100.00"}, "missing_lines": [478, 480, 493, 495], "excluded_lines": [], "start_line": 472, "executed_branches": [], "missing_branches": []}, "_create_default_structure_with_tests": {"executed_lines": [], "summary": {"covered_lines": 0, "num_statements": 12, "percent_covered": 0.0, "percent_covered_display": "0.00", "missing_lines": 12, "excluded_lines": 0, "percent_statements_covered": 0.0, "percent_statements_covered_display": "0.00", "num_branches": 6, "num_partial_branches": 0, "covered_branches": 0, "missing_branches": 6, "percent_branches_covered": 0.0, "percent_branches_covered_display": "0.00"}, "missing_lines": [510, 511, 513, 514, 515, 516, 517, 519, 520, 522, 535, 537], "excluded_lines": [], "start_line": 504, "executed_branches": [], "missing_branches": [[514, 515], [514, 519], [515, 514], [515, 516], [519, 520], [519, 522]]}, "": {"executed_lines": [3, 4, 5, 6, 7, 9, 12, 13, 26, 27, 28, 29, 30, 32, 42, 52, 83, 124, 164, 200, 251, 312, 348, 377, 404, 472, 504, 546, 547, 561, 562, 563, 564, 565, 566, 570], "summary": {"covered_lines": 36, "num_statements": 36, "percent_covered": 100.0, "percent_covered_display": "100.00", "missing_lines": 0, "excluded_lines": 0, "percent_statements_covered": 100.0, "percent_statements_covered_display": "100.00", "num_branches": 0, "num_partial_branches": 0, "covered_branches": 0, "missing_branches": 0, "percent_branches_covered": 100.0, "percent_branches_covered_display": "100.00"}, "missing_lines": [], "excluded_lines": [], "start_line": 1, "executed_branches": [], "missing_branches": []}}, "classes": {"ProjectStructure": {"executed_lines": [], "summary": {"covered_lines": 0, "num_statements": 13, "percent_covered": 0.0, "percent_covered_display": "0.00", "missing_lines": 13, "excluded_lines": 0, "percent_statements_covered": 0.0, "percent_statements_covered_display": "0.00", "num_branches": 4, "num_partial_branches": 0, "covered_branches": 0, "missing_branches": 4, "percent_branches_covered": 0.0, "percent_branches_covered_display": "0.00"}, "missing_lines": [40, 50, 65, 66, 67, 70, 71, 72, 75, 76, 78, 79, 80], "excluded_lines": [], "start_line": 13, "executed_branches": [], "missing_branches": [[70, 71], [70, 75], [71, 70], [71, 72]]}, "StoggerConfig": {"executed_lines": [131, 133, 134, 135, 136, 138, 139, 140, 141, 142, 143, 144, 145, 146, 147, 148, 149, 150, 151, 152, 155, 156, 157, 158, 159, 172, 174, 175, 177, 182, 183, 184, 185, 186, 187, 188, 189, 197], "summary": {"covered_lines": 38, "num_statements": 41, "percent_covered": 93.02325581395348, "percent_covered_display": "93.02", "missing_lines": 3, "excluded_lines": 0, "percent_statements_covered": 92.6829268292683, "percent_statements_covered_display": "92.68", "num_branches": 2, "num_partial_branches": 0, "covered_branches": 2, "missing_branches": 0, "percent_branches_covered": 100.0, "percent_branches_covered_display": "100.00"}, "missing_lines": [193, 194, 195], "excluded_lines": [], "start_line": 83, "executed_branches": [[182, 183], [182, 185]], "missing_branches": []}, "SimpleFormatSettings": {"executed_lines": [], "summary": {"covered_lines": 0, "num_statements": 0, "percent_covered": 100.0, "percent_covered_display": "100.00", "missing_lines": 0, "excluded_lines": 0, "percent_statements_covered": 100.0, "percent_statements_covered_display": "100.00", "num_branches": 0, "num_partial_branches": 0, "covered_branches": 0, "missing_branches": 0, "percent_branches_covered": 100.0, "percent_branches_covered_display": "100.00"}, "missing_lines": [], "excluded_lines": [], "start_line": 547, "executed_branches": [], "missing_branches": []}, "": {"executed_lines": [3, 4, 5, 6, 7, 9, 12, 13, 26, 27, 28, 29, 30, 32, 42, 52, 83, 124, 164, 200, 251, 312, 348, 377, 404, 472, 504, 546, 547, 561, 562, 563, 564, 565, 566, 570], "summary": {"covered_lines": 36, "num_statements": 152, "percent_covered": 17.142857142857142, "percent_covered_display": "17.14", "missing_lines": 116, "excluded_lines": 0, "percent_statements_covered": 23.68421052631579, "percent_statements_covered_display": "23.68", "num_branches": 58, "num_partial_branches": 0, "covered_branches": 0, "missing_branches": 58, "percent_branches_covered": 0.0, "percent_branches_covered_display": "0.00"}, "missing_lines": [213, 215, 216, 219, 220, 221, 222, 223, 224, 229, 230, 231, 234, 235, 236, 241, 242, 243, 244, 248, 262, 263, 265, 266, 268, 269, 272, 275, 276, 277, 278, 279, 280, 283, 284, 285, 288, 301, 303, 323, 324, 326, 327, 329, 330, 331, 333, 335, 336, 337, 338, 339, 345, 359, 360, 362, 363, 365, 366, 367, 368, 374, 382, 383, 384, 385, 387, 389, 390, 391, 393, 394, 395, 397, 398, 399, 401, 406, 407, 408, 409, 412, 413, 414, 415, 416, 419, 421, 422, 423, 426, 427, 428, 429, 432, 457, 459, 460, 461, 463, 478, 480, 493, 495, 510, 511, 513, 514, 515, 516, 517, 519, 520, 522, 535, 537], "excluded_lines": [], "start_line": 1, "executed_branches": [], "missing_branches": [[215, 216], [215, 219], [220, 221], [220, 234], [223, 224], [223, 234], [262, 263], [262, 265], [276, 277], [276, 283], [277, 276], [277, 278], [279, 276], [279, 280], [283, 284], [283, 288], [284, 283], [284, 285], [323, 324], [323, 326], [333, 335], [333, 345], [335, 336], [335, 345], [336, 335], [336, 337], [338, 335], [338, 339], [359, 360], [359, 362], [366, 367], [366, 374], [390, 391], [390, 393], [394, 395], [394, 397], [398, 399], [398, 401], [412, 413], [412, 419], [414, 412], [414, 415], [419, 421], [419, 426], [422, 423], [422, 426], [426, 427], [426, 432], [428, 426], [428, 429], [459, 460], [459, 463], [514, 515], [514, 519], [515, 514], [515, 516], [519, 520], [519, 522]]}}}, "src/stogger/core.py": {"executed_lines": [3, 4, 5, 6, 7, 8, 9, 10, 11, 12, 13, 14, 16, 19, 22, 24, 27, 28, 30, 31, 33, 40, 51, 52, 53, 57, 58, 60, 80, 81, 82, 85, 87, 89, 90, 91, 94, 99, 111, 127, 130, 131, 132, 133, 136, 137, 138, 139, 140, 141, 143, 145, 157, 158, 159, 163, 165, 166, 172, 174, 176, 177, 181, 183, 184, 185, 186, 187, 188, 189, 190, 191, 192, 194, 196, 197, 198, 199, 202, 204, 205, 206, 207, 208, 209, 211, 214, 217, 220, 223, 228, 229, 231, 232, 233, 236, 237, 240, 241, 243, 244, 245, 259, 261, 262, 266, 268, 270, 271, 273, 274, 277, 278, 279, 281, 282, 284, 285, 288, 291, 298, 300, 303, 306, 307, 308, 310, 311, 313, 314, 317, 318, 319, 322, 323, 326, 327, 328, 329, 330, 333, 334, 335, 337, 338, 339, 342, 348, 349, 350, 351, 352, 353, 354, 356, 359, 366, 373, 375, 391, 450, 484, 486, 487, 489, 492, 498, 509, 510, 512, 513, 514, 515, 519, 520, 524, 525, 530, 532, 538, 540, 548, 586, 595, 600, 611, 628, 642, 643, 644, 646, 647, 651, 653, 654, 655, 657, 662, 668, 669, 671, 672, 673, 675, 677, 681, 682, 683, 685, 687, 696, 701, 702, 703, 705, 708, 711, 712, 713, 715, 718, 727, 728, 733, 734, 735, 736, 737, 738, 742, 745, 758, 759, 760, 762, 763, 764, 767, 781, 782, 787, 788, 789, 790, 791, 792, 796, 797, 800, 851, 895], "summary": {"covered_lines": 251, "num_statements": 380, "percent_covered": 60.47430830039526, "percent_covered_display": "60.47", "missing_lines": 129, "excluded_lines": 4, "percent_statements_covered": 66.05263157894737, "percent_statements_covered_display": "66.05", "num_branches": 126, "num_partial_branches": 31, "covered_branches": 55, "missing_branches": 71, "percent_branches_covered": 43.65079365079365, "percent_branches_covered_display": "43.65"}, "missing_lines": [34, 35, 36, 38, 41, 43, 44, 45, 46, 48, 61, 64, 65, 67, 68, 70, 71, 72, 74, 75, 77, 88, 167, 168, 169, 170, 175, 178, 179, 200, 212, 215, 218, 221, 224, 225, 226, 234, 238, 246, 258, 263, 264, 275, 286, 289, 312, 336, 378, 379, 382, 383, 384, 385, 388, 420, 422, 423, 430, 431, 434, 437, 438, 439, 442, 443, 445, 447, 488, 490, 516, 517, 526, 527, 528, 541, 542, 543, 545, 556, 557, 559, 561, 571, 579, 597, 648, 658, 659, 660, 691, 692, 693, 694, 704, 714, 739, 740, 793, 794, 814, 816, 817, 819, 820, 822, 823, 827, 831, 832, 833, 834, 836, 838, 840, 846, 866, 868, 869, 871, 872, 873, 874, 882, 884, 886, 891, 892, 903], "excluded_lines": [730, 731, 784, 785], "executed_branches": [[87, 89], [130, 131], [130, 132], [132, 133], [132, 136], [157, 158], [157, 159], [165, 166], [174, 176], [183, 184], [183, 188], [196, 197], [197, 198], [197, 199], [211, 214], [214, 217], [217, 220], [220, 223], [223, 228], [228, -202], [228, 229], [233, 236], [237, 240], [245, 259], [262, 266], [274, 277], [278, 279], [285, 288], [288, 291], [311, 313], [334, 335], [334, 339], [335, 337], [337, 338], [349, 350], [349, 356], [487, 489], [489, 492], [512, 513], [524, 525], [524, 532], [525, 530], [540, -450], [647, 651], [657, 662], [668, 669], [701, 702], [701, 703], [703, 705], [713, 715], [735, 736], [735, 742], [788, -787], [788, 789], [791, 792]], "missing_branches": [[41, 43], [41, 44], [64, 65], [64, 67], [68, 70], [68, 72], [72, 74], [72, 77], [87, 88], [165, 167], [168, 169], [168, 170], [174, 175], [196, 200], [211, 212], [214, 215], [217, 218], [220, 221], [223, 224], [225, 226], [225, 228], [233, 234], [237, 238], [245, 246], [246, 258], [246, 259], [262, 263], [274, 275], [278, 281], [285, 286], [288, 289], [311, 312], [335, 336], [337, 339], [378, 379], [378, 382], [382, 383], [382, 388], [384, 385], [384, 388], [437, 438], [437, 442], [438, 437], [438, 439], [442, 443], [442, 445], [487, 488], [489, 490], [512, 524], [525, 526], [540, 541], [541, 542], [541, 545], [556, 557], [556, 559], [647, 648], [657, 658], [668, 671], [703, 704], [713, 714], [791, 788], [816, 817], [816, 819], [819, 820], [819, 822], [822, 823], [822, 831], [832, 833], [832, 836], [868, 869], [868, 871]], "functions": {"PartialFormatter.__init__": {"executed_lines": [30, 31], "summary": {"covered_lines": 2, "num_statements": 2, "percent_covered": 100.0, "percent_covered_display": "100.00", "missing_lines": 0, "excluded_lines": 0, "percent_statements_covered": 100.0, "percent_statements_covered_display": "100.00", "num_branches": 0, "num_partial_branches": 0, "covered_branches": 0, "missing_branches": 0, "percent_branches_covered": 100.0, "percent_branches_covered_display": "100.00"}, "missing_lines": [], "excluded_lines": [], "start_line": 28, "executed_branches": [], "missing_branches": []}, "PartialFormatter.get_field": {"executed_lines": [], "summary": {"covered_lines": 0, "num_statements": 4, "percent_covered": 0.0, "percent_covered_display": "0.00", "missing_lines": 4, "excluded_lines": 0, "percent_statements_covered": 0.0, "percent_statements_covered_display": "0.00", "num_branches": 0, "num_partial_branches": 0, "covered_branches": 0, "missing_branches": 0, "percent_branches_covered": 100.0, "percent_branches_covered_display": "100.00"}, "missing_lines": [34, 35, 36, 38], "excluded_lines": [], "start_line": 33, "executed_branches": [], "missing_branches": []}, "PartialFormatter.format_field": {"executed_lines": [], "summary": {"covered_lines": 0, "num_statements": 6, "percent_covered": 0.0, "percent_covered_display": "0.00", "missing_lines": 6, "excluded_lines": 0, "percent_statements_covered": 0.0, "percent_statements_covered_display": "0.00", "num_branches": 2, "num_partial_branches": 0, "covered_branches": 0, "missing_branches": 2, "percent_branches_covered": 0.0, "percent_branches_covered_display": "0.00"}, "missing_lines": [41, 43, 44, 45, 46, 48], "excluded_lines": [], "start_line": 40, "executed_branches": [], "missing_branches": [[41, 43], [41, 44]]}, "TranslationProcessor.__init__": {"executed_lines": [53, 57, 58], "summary": {"covered_lines": 3, "num_statements": 3, "percent_covered": 100.0, "percent_covered_display": "100.00", "missing_lines": 0, "excluded_lines": 0, "percent_statements_covered": 100.0, "percent_statements_covered_display": "100.00", "num_branches": 0, "num_partial_branches": 0, "covered_branches": 0, "missing_branches": 0, "percent_branches_covered": 100.0, "percent_branches_covered_display": "100.00"}, "missing_lines": [], "excluded_lines": [], "start_line": 52, "executed_branches": [], "missing_branches": []}, "TranslationProcessor.__call__": {"executed_lines": [], "summary": {"covered_lines": 0, "num_statements": 11, "percent_covered": 0.0, "percent_covered_display": "0.00", "missing_lines": 11, "excluded_lines": 0, "percent_statements_covered": 0.0, "percent_statements_covered_display": "0.00", "num_branches": 6, "num_partial_branches": 0, "covered_branches": 0, "missing_branches": 6, "percent_branches_covered": 0.0, "percent_branches_covered_display": "0.00"}, "missing_lines": [61, 64, 65, 67, 68, 70, 71, 72, 74, 75, 77], "excluded_lines": [], "start_line": 60, "executed_branches": [], "missing_branches": [[64, 65], [64, 67], [68, 70], [68, 72], [72, 74], [72, 77]]}, "_pad": {"executed_lines": [81, 82], "summary": {"covered_lines": 2, "num_statements": 2, "percent_covered": 100.0, "percent_covered_display": "100.00", "missing_lines": 0, "excluded_lines": 0, "percent_statements_covered": 100.0, "percent_statements_covered_display": "100.00", "num_branches": 0, "num_partial_branches": 0, "covered_branches": 0, "missing_branches": 0, "percent_branches_covered": 100.0, "percent_branches_covered_display": "100.00"}, "missing_lines": [], "excluded_lines": [], "start_line": 80, "executed_branches": [], "missing_branches": []}, "prefix": {"executed_lines": [87, 89, 90, 91], "summary": {"covered_lines": 4, "num_statements": 5, "percent_covered": 71.42857142857143, "percent_covered_display": "71.43", "missing_lines": 1, "excluded_lines": 0, "percent_statements_covered": 80.0, "percent_statements_covered_display": "80.00", "num_branches": 2, "num_partial_branches": 1, "covered_branches": 1, "missing_branches": 1, "percent_branches_covered": 50.0, "percent_branches_covered_display": "50.00"}, "missing_lines": [88], "excluded_lines": [], "start_line": 85, "executed_branches": [[87, 89]], "missing_branches": [[87, 88]]}, "ConsoleFileRenderer.__init__": {"executed_lines": [127, 130, 131, 132, 133, 136, 137, 138, 139, 140, 141, 143, 145, 157, 158, 159], "summary": {"covered_lines": 16, "num_statements": 16, "percent_covered": 100.0, "percent_covered_display": "100.00", "missing_lines": 0, "excluded_lines": 0, "percent_statements_covered": 100.0, "percent_statements_covered_display": "100.00", "num_branches": 6, "num_partial_branches": 0, "covered_branches": 6, "missing_branches": 0, "percent_branches_covered": 100.0, "percent_branches_covered_display": "100.00"}, "missing_lines": [], "excluded_lines": [], "start_line": 111, "executed_branches": [[130, 131], [130, 132], [132, 133], [132, 136], [157, 158], [157, 159]], "missing_branches": []}, "ConsoleFileRenderer._resolve_level_name": {"executed_lines": [165, 166], "summary": {"covered_lines": 2, "num_statements": 6, "percent_covered": 30.0, "percent_covered_display": "30.00", "missing_lines": 4, "excluded_lines": 0, "percent_statements_covered": 33.333333333333336, "percent_statements_covered_display": "33.33", "num_branches": 4, "num_partial_branches": 1, "covered_branches": 1, "missing_branches": 3, "percent_branches_covered": 25.0, "percent_branches_covered_display": "25.00"}, "missing_lines": [167, 168, 169, 170], "excluded_lines": [], "start_line": 163, "executed_branches": [[165, 166]], "missing_branches": [[165, 167], [168, 169], [168, 170]]}, "ConsoleFileRenderer._should_drop_by_level": {"executed_lines": [174, 176, 177], "summary": {"covered_lines": 3, "num_statements": 6, "percent_covered": 50.0, "percent_covered_display": "50.00", "missing_lines": 3, "excluded_lines": 0, "percent_statements_covered": 50.0, "percent_statements_covered_display": "50.00", "num_branches": 2, "num_partial_branches": 1, "covered_branches": 1, "missing_branches": 1, "percent_branches_covered": 50.0, "percent_branches_covered_display": "50.00"}, "missing_lines": [175, 178, 179], "excluded_lines": [], "start_line": 172, "executed_branches": [[174, 176]], "missing_branches": [[174, 175]]}, "ConsoleFileRenderer._strip_internal_fields": {"executed_lines": [183, 184, 185, 186, 187, 188, 189, 190, 191, 192], "summary": {"covered_lines": 10, "num_statements": 10, "percent_covered": 100.0, "percent_covered_display": "100.00", "missing_lines": 0, "excluded_lines": 0, "percent_statements_covered": 100.0, "percent_statements_covered_display": "100.00", "num_branches": 2, "num_partial_branches": 0, "covered_branches": 2, "missing_branches": 0, "percent_branches_covered": 100.0, "percent_branches_covered_display": "100.00"}, "missing_lines": [], "excluded_lines": [], "start_line": 181, "executed_branches": [[183, 184], [183, 188]], "missing_branches": []}, "ConsoleFileRenderer._format_timestamp": {"executed_lines": [196, 197, 198, 199], "summary": {"covered_lines": 4, "num_statements": 5, "percent_covered": 77.77777777777777, "percent_covered_display": "77.78", "missing_lines": 1, "excluded_lines": 0, "percent_statements_covered": 80.0, "percent_statements_covered_display": "80.00", "num_branches": 4, "num_partial_branches": 1, "covered_branches": 3, "missing_branches": 1, "percent_branches_covered": 75.0, "percent_branches_covered_display": "75.00"}, "missing_lines": [200], "excluded_lines": [], "start_line": 194, "executed_branches": [[196, 197], [197, 198], [197, 199]], "missing_branches": [[196, 200]]}, "ConsoleFileRenderer._render_output_sections": {"executed_lines": [204, 205, 206, 207, 208, 209, 211, 214, 217, 220, 223, 228, 229], "summary": {"covered_lines": 13, "num_statements": 20, "percent_covered": 58.8235294117647, "percent_covered_display": "58.82", "missing_lines": 7, "excluded_lines": 0, "percent_statements_covered": 65.0, "percent_statements_covered_display": "65.00", "num_branches": 14, "num_partial_branches": 5, "covered_branches": 7, "missing_branches": 7, "percent_branches_covered": 50.0, "percent_branches_covered_display": "50.00"}, "missing_lines": [212, 215, 218, 221, 224, 225, 226], "excluded_lines": [], "start_line": 202, "executed_branches": [[211, 214], [214, 217], [217, 220], [220, 223], [223, 228], [228, -202], [228, 229]], "missing_branches": [[211, 212], [214, 215], [217, 218], [220, 221], [223, 224], [225, 226], [225, 228]]}, "ConsoleFileRenderer.__call__": {"executed_lines": [232, 233, 236, 237, 240, 241, 243, 261, 262, 266, 268, 270, 271, 273, 274, 277, 278, 279, 281, 282, 284, 285, 288, 291, 298, 300], "summary": {"covered_lines": 26, "num_statements": 33, "percent_covered": 70.2127659574468, "percent_covered_display": "70.21", "missing_lines": 7, "excluded_lines": 0, "percent_statements_covered": 78.78787878787878, "percent_statements_covered_display": "78.79", "num_branches": 14, "num_partial_branches": 7, "covered_branches": 7, "missing_branches": 7, "percent_branches_covered": 50.0, "percent_branches_covered_display": "50.00"}, "missing_lines": [234, 238, 263, 264, 275, 286, 289], "excluded_lines": [], "start_line": 231, "executed_branches": [[233, 236], [237, 240], [262, 266], [274, 277], [278, 279], [285, 288], [288, 291]], "missing_branches": [[233, 234], [237, 238], [262, 263], [274, 275], [278, 281], [285, 286], [288, 289]]}, "ConsoleFileRenderer.__call__.write": {"executed_lines": [244, 245, 259], "summary": {"covered_lines": 3, "num_statements": 5, "percent_covered": 44.44444444444444, "percent_covered_display": "44.44", "missing_lines": 2, "excluded_lines": 0, "percent_statements_covered": 60.0, "percent_statements_covered_display": "60.00", "num_branches": 4, "num_partial_branches": 1, "covered_branches": 1, "missing_branches": 3, "percent_branches_covered": 25.0, "percent_branches_covered_display": "25.00"}, "missing_lines": [246, 258], "excluded_lines": [], "start_line": 243, "executed_branches": [[245, 259]], "missing_branches": [[245, 246], [246, 258], [246, 259]]}, "JSONRenderer.__init__": {"executed_lines": [307, 308], "summary": {"covered_lines": 2, "num_statements": 2, "percent_covered": 100.0, "percent_covered_display": "100.00", "missing_lines": 0, "excluded_lines": 0, "percent_statements_covered": 100.0, "percent_statements_covered_display": "100.00", "num_branches": 0, "num_partial_branches": 0, "covered_branches": 0, "missing_branches": 0, "percent_branches_covered": 100.0, "percent_branches_covered_display": "100.00"}, "missing_lines": [], "excluded_lines": [], "start_line": 306, "executed_branches": [], "missing_branches": []}, "JSONRenderer.__call__": {"executed_lines": [311, 313, 314], "summary": {"covered_lines": 3, "num_statements": 4, "percent_covered": 66.66666666666667, "percent_covered_display": "66.67", "missing_lines": 1, "excluded_lines": 0, "percent_statements_covered": 75.0, "percent_statements_covered_display": "75.00", "num_branches": 2, "num_partial_branches": 1, "covered_branches": 1, "missing_branches": 1, "percent_branches_covered": 50.0, "percent_branches_covered_display": "50.00"}, "missing_lines": [312], "excluded_lines": [], "start_line": 310, "executed_branches": [[311, 313]], "missing_branches": [[311, 312]]}, "add_pid": {"executed_lines": [318, 319], "summary": {"covered_lines": 2, "num_statements": 2, "percent_covered": 100.0, "percent_covered_display": "100.00", "missing_lines": 0, "excluded_lines": 0, "percent_statements_covered": 100.0, "percent_statements_covered_display": "100.00", "num_branches": 0, "num_partial_branches": 0, "covered_branches": 0, "missing_branches": 0, "percent_branches_covered": 100.0, "percent_branches_covered_display": "100.00"}, "missing_lines": [], "excluded_lines": [], "start_line": 317, "executed_branches": [], "missing_branches": []}, "add_caller_info": {"executed_lines": [323, 326, 327, 328, 329, 330], "summary": {"covered_lines": 6, "num_statements": 6, "percent_covered": 100.0, "percent_covered_display": "100.00", "missing_lines": 0, "excluded_lines": 0, "percent_statements_covered": 100.0, "percent_statements_covered_display": "100.00", "num_branches": 0, "num_partial_branches": 0, "covered_branches": 0, "missing_branches": 0, "percent_branches_covered": 100.0, "percent_branches_covered_display": "100.00"}, "missing_lines": [], "excluded_lines": [], "start_line": 322, "executed_branches": [], "missing_branches": []}, "process_exc_info": {"executed_lines": [334, 335, 337, 338, 339], "summary": {"covered_lines": 5, "num_statements": 6, "percent_covered": 75.0, "percent_covered_display": "75.00", "missing_lines": 1, "excluded_lines": 0, "percent_statements_covered": 83.33333333333333, "percent_statements_covered_display": "83.33", "num_branches": 6, "num_partial_branches": 2, "covered_branches": 4, "missing_branches": 2, "percent_branches_covered": 66.66666666666667, "percent_branches_covered_display": "66.67"}, "missing_lines": [336], "excluded_lines": [], "start_line": 333, "executed_branches": [[334, 335], [334, 339], [335, 337], [337, 338]], "missing_branches": [[335, 336], [337, 339]]}, "format_exc_info": {"executed_lines": [348, 349, 350, 351, 352, 353, 354, 356], "summary": {"covered_lines": 8, "num_statements": 8, "percent_covered": 100.0, "percent_covered_display": "100.00", "missing_lines": 0, "excluded_lines": 0, "percent_statements_covered": 100.0, "percent_statements_covered_display": "100.00", "num_branches": 2, "num_partial_branches": 0, "covered_branches": 2, "missing_branches": 0, "percent_branches_covered": 100.0, "percent_branches_covered_display": "100.00"}, "missing_lines": [], "excluded_lines": [], "start_line": 342, "executed_branches": [[349, 350], [349, 356]], "missing_branches": []}, "SelectRenderedString.__init__": {"executed_lines": [373], "summary": {"covered_lines": 1, "num_statements": 1, "percent_covered": 100.0, "percent_covered_display": "100.00", "missing_lines": 0, "excluded_lines": 0, "percent_statements_covered": 100.0, "percent_statements_covered_display": "100.00", "num_branches": 0, "num_partial_branches": 0, "covered_branches": 0, "missing_branches": 0, "percent_branches_covered": 100.0, "percent_branches_covered_display": "100.00"}, "missing_lines": [], "excluded_lines": [], "start_line": 366, "executed_branches": [], "missing_branches": []}, "SelectRenderedString.__call__": {"executed_lines": [], "summary": {"covered_lines": 0, "num_statements": 7, "percent_covered": 0.0, "percent_covered_display": "0.00", "missing_lines": 7, "excluded_lines": 0, "percent_statements_covered": 0.0, "percent_statements_covered_display": "0.00", "num_branches": 6, "num_partial_branches": 0, "covered_branches": 0, "missing_branches": 6, "percent_branches_covered": 0.0, "percent_branches_covered_display": "0.00"}, "missing_lines": [378, 379, 382, 383, 384, 385, 388], "excluded_lines": [], "start_line": 375, "executed_branches": [], "missing_branches": [[378, 379], [378, 382], [382, 383], [382, 388], [384, 385], [384, 388]]}, "log_to_stdlib": {"executed_lines": [], "summary": {"covered_lines": 0, "num_statements": 13, "percent_covered": 0.0, "percent_covered_display": "0.00", "missing_lines": 13, "excluded_lines": 0, "percent_statements_covered": 0.0, "percent_statements_covered_display": "0.00", "num_branches": 6, "num_partial_branches": 0, "covered_branches": 0, "missing_branches": 6, "percent_branches_covered": 0.0, "percent_branches_covered_display": "0.00"}, "missing_lines": [420, 422, 423, 430, 431, 434, 437, 438, 439, 442, 443, 445, 447], "excluded_lines": [], "start_line": 391, "executed_branches": [], "missing_branches": [[437, 438], [437, 442], [438, 437], [438, 439], [442, 443], [442, 445]]}, "init_logging": {"executed_lines": [484, 486, 487, 489, 492, 498, 509, 510, 512, 513, 514, 515, 519, 520, 524, 525, 530, 532, 538, 540], "summary": {"covered_lines": 20, "num_statements": 31, "percent_covered": 60.0, "percent_covered_display": "60.00", "missing_lines": 11, "excluded_lines": 0, "percent_statements_covered": 64.51612903225806, "percent_statements_covered_display": "64.52", "num_branches": 14, "num_partial_branches": 5, "covered_branches": 7, "missing_branches": 7, "percent_branches_covered": 50.0, "percent_branches_covered_display": "50.00"}, "missing_lines": [488, 490, 516, 517, 526, 527, 528, 541, 542, 543, 545], "excluded_lines": [], "start_line": 450, "executed_branches": [[487, 489], [489, 492], [512, 513], [524, 525], [524, 532], [525, 530], [540, -450]], "missing_branches": [[487, 488], [489, 490], [512, 524], [525, 526], [540, 541], [541, 542], [541, 545]]}, "init_early_logging": {"executed_lines": [], "summary": {"covered_lines": 0, "num_statements": 6, "percent_covered": 0.0, "percent_covered_display": "0.00", "missing_lines": 6, "excluded_lines": 0, "percent_statements_covered": 0.0, "percent_statements_covered_display": "0.00", "num_branches": 2, "num_partial_branches": 0, "covered_branches": 0, "missing_branches": 2, "percent_branches_covered": 0.0, "percent_branches_covered_display": "0.00"}, "missing_lines": [556, 557, 559, 561, 571, 579], "excluded_lines": [], "start_line": 548, "executed_branches": [], "missing_branches": [[556, 557], [556, 559]]}, "JournalLoggerFactory.__call__": {"executed_lines": [], "summary": {"covered_lines": 0, "num_statements": 1, "percent_covered": 0.0, "percent_covered_display": "0.00", "missing_lines": 1, "excluded_lines": 0, "percent_statements_covered": 0.0, "percent_statements_covered_display": "0.00", "num_branches": 0, "num_partial_branches": 0, "covered_branches": 0, "missing_branches": 0, "percent_branches_covered": 100.0, "percent_branches_covered_display": "100.00"}, "missing_lines": [597], "excluded_lines": [], "start_line": 595, "executed_branches": [], "missing_branches": []}, "SystemdJournalRenderer.__init__": {"executed_lines": [643, 644], "summary": {"covered_lines": 2, "num_statements": 2, "percent_covered": 100.0, "percent_covered_display": "100.00", "missing_lines": 0, "excluded_lines": 0, "percent_statements_covered": 100.0, "percent_statements_covered_display": "100.00", "num_branches": 0, "num_partial_branches": 0, "covered_branches": 0, "missing_branches": 0, "percent_branches_covered": 100.0, "percent_branches_covered_display": "100.00"}, "missing_lines": [], "excluded_lines": [], "start_line": 642, "executed_branches": [], "missing_branches": []}, "SystemdJournalRenderer.__call__": {"executed_lines": [647, 651, 653, 654, 655, 657, 662, 668, 669, 671, 672, 673, 675, 677, 681, 682, 683, 685], "summary": {"covered_lines": 18, "num_statements": 22, "percent_covered": 75.0, "percent_covered_display": "75.00", "missing_lines": 4, "excluded_lines": 0, "percent_statements_covered": 81.81818181818181, "percent_statements_covered_display": "81.82", "num_branches": 6, "num_partial_branches": 3, "covered_branches": 3, "missing_branches": 3, "percent_branches_covered": 50.0, "percent_branches_covered_display": "50.00"}, "missing_lines": [648, 658, 659, 660], "excluded_lines": [], "start_line": 646, "executed_branches": [[647, 651], [657, 662], [668, 669]], "missing_branches": [[647, 648], [657, 658], [668, 671]]}, "SystemdJournalRenderer.handle_json_fallback": {"executed_lines": [], "summary": {"covered_lines": 0, "num_statements": 4, "percent_covered": 0.0, "percent_covered_display": "0.00", "missing_lines": 4, "excluded_lines": 0, "percent_statements_covered": 0.0, "percent_statements_covered_display": "0.00", "num_branches": 0, "num_partial_branches": 0, "covered_branches": 0, "missing_branches": 0, "percent_branches_covered": 100.0, "percent_branches_covered_display": "100.00"}, "missing_lines": [691, 692, 693, 694], "excluded_lines": [], "start_line": 687, "executed_branches": [], "missing_branches": []}, "SystemdJournalRenderer.dump_for_journal": {"executed_lines": [701, 702, 703, 705], "summary": {"covered_lines": 4, "num_statements": 5, "percent_covered": 77.77777777777777, "percent_covered_display": "77.78", "missing_lines": 1, "excluded_lines": 0, "percent_statements_covered": 80.0, "percent_statements_covered_display": "80.00", "num_branches": 4, "num_partial_branches": 1, "covered_branches": 3, "missing_branches": 1, "percent_branches_covered": 75.0, "percent_branches_covered_display": "75.00"}, "missing_lines": [704], "excluded_lines": [], "start_line": 696, "executed_branches": [[701, 702], [701, 703], [703, 705]], "missing_branches": [[703, 704]]}, "CmdOutputFileRenderer.__call__": {"executed_lines": [712, 713, 715], "summary": {"covered_lines": 3, "num_statements": 4, "percent_covered": 66.66666666666667, "percent_covered_display": "66.67", "missing_lines": 1, "excluded_lines": 0, "percent_statements_covered": 75.0, "percent_statements_covered_display": "75.00", "num_branches": 2, "num_partial_branches": 1, "covered_branches": 1, "missing_branches": 1, "percent_branches_covered": 50.0, "percent_branches_covered_display": "50.00"}, "missing_lines": [714], "excluded_lines": [], "start_line": 711, "executed_branches": [[713, 715]], "missing_branches": [[713, 714]]}, "MultiRenderer.__init__": {"executed_lines": [728], "summary": {"covered_lines": 1, "num_statements": 1, "percent_covered": 100.0, "percent_covered_display": "100.00", "missing_lines": 0, "excluded_lines": 0, "percent_statements_covered": 100.0, "percent_statements_covered_display": "100.00", "num_branches": 0, "num_partial_branches": 0, "covered_branches": 0, "missing_branches": 0, "percent_branches_covered": 100.0, "percent_branches_covered_display": "100.00"}, "missing_lines": [], "excluded_lines": [], "start_line": 727, "executed_branches": [], "missing_branches": []}, "MultiRenderer.__repr__": {"executed_lines": [], "summary": {"covered_lines": 0, "num_statements": 0, "percent_covered": 100.0, "percent_covered_display": "100.00", "missing_lines": 0, "excluded_lines": 1, "percent_statements_covered": 100.0, "percent_statements_covered_display": "100.00", "num_branches": 0, "num_partial_branches": 0, "covered_branches": 0, "missing_branches": 0, "percent_branches_covered": 100.0, "percent_branches_covered_display": "100.00"}, "missing_lines": [], "excluded_lines": [731], "start_line": 730, "executed_branches": [], "missing_branches": []}, "MultiRenderer.__call__": {"executed_lines": [734, 735, 736, 737, 738, 742], "summary": {"covered_lines": 6, "num_statements": 8, "percent_covered": 80.0, "percent_covered_display": "80.00", "missing_lines": 2, "excluded_lines": 0, "percent_statements_covered": 75.0, "percent_statements_covered_display": "75.00", "num_branches": 2, "num_partial_branches": 0, "covered_branches": 2, "missing_branches": 0, "percent_branches_covered": 100.0, "percent_branches_covered_display": "100.00"}, "missing_lines": [739, 740], "excluded_lines": [], "start_line": 733, "executed_branches": [[735, 736], [735, 742]], "missing_branches": []}, "MultiOptimisticLoggerFactory.__init__": {"executed_lines": [759, 760], "summary": {"covered_lines": 2, "num_statements": 2, "percent_covered": 100.0, "percent_covered_display": "100.00", "missing_lines": 0, "excluded_lines": 0, "percent_statements_covered": 100.0, "percent_statements_covered_display": "100.00", "num_branches": 0, "num_partial_branches": 0, "covered_branches": 0, "missing_branches": 0, "percent_branches_covered": 100.0, "percent_branches_covered_display": "100.00"}, "missing_lines": [], "excluded_lines": [], "start_line": 758, "executed_branches": [], "missing_branches": []}, "MultiOptimisticLoggerFactory.__call__": {"executed_lines": [763, 764], "summary": {"covered_lines": 2, "num_statements": 2, "percent_covered": 100.0, "percent_covered_display": "100.00", "missing_lines": 0, "excluded_lines": 0, "percent_statements_covered": 100.0, "percent_statements_covered_display": "100.00", "num_branches": 0, "num_partial_branches": 0, "covered_branches": 0, "missing_branches": 0, "percent_branches_covered": 100.0, "percent_branches_covered_display": "100.00"}, "missing_lines": [], "excluded_lines": [], "start_line": 762, "executed_branches": [], "missing_branches": []}, "MultiOptimisticLogger.__init__": {"executed_lines": [782], "summary": {"covered_lines": 1, "num_statements": 1, "percent_covered": 100.0, "percent_covered_display": "100.00", "missing_lines": 0, "excluded_lines": 0, "percent_statements_covered": 100.0, "percent_statements_covered_display": "100.00", "num_branches": 0, "num_partial_branches": 0, "covered_branches": 0, "missing_branches": 0, "percent_branches_covered": 100.0, "percent_branches_covered_display": "100.00"}, "missing_lines": [], "excluded_lines": [], "start_line": 781, "executed_branches": [], "missing_branches": []}, "MultiOptimisticLogger.__repr__": {"executed_lines": [], "summary": {"covered_lines": 0, "num_statements": 0, "percent_covered": 100.0, "percent_covered_display": "100.00", "missing_lines": 0, "excluded_lines": 1, "percent_statements_covered": 100.0, "percent_statements_covered_display": "100.00", "num_branches": 0, "num_partial_branches": 0, "covered_branches": 0, "missing_branches": 0, "percent_branches_covered": 100.0, "percent_branches_covered_display": "100.00"}, "missing_lines": [], "excluded_lines": [785], "start_line": 784, "executed_branches": [], "missing_branches": []}, "MultiOptimisticLogger.msg": {"executed_lines": [788, 789, 790, 791, 792], "summary": {"covered_lines": 5, "num_statements": 7, "percent_covered": 72.72727272727273, "percent_covered_display": "72.73", "missing_lines": 2, "excluded_lines": 0, "percent_statements_covered": 71.42857142857143, "percent_statements_covered_display": "71.43", "num_branches": 4, "num_partial_branches": 1, "covered_branches": 3, "missing_branches": 1, "percent_branches_covered": 75.0, "percent_branches_covered_display": "75.00"}, "missing_lines": [793, 794], "excluded_lines": [], "start_line": 787, "executed_branches": [[788, -787], [788, 789], [791, 792]], "missing_branches": [[791, 788]]}, "MultiOptimisticLogger.__getattr__": {"executed_lines": [797], "summary": {"covered_lines": 1, "num_statements": 1, "percent_covered": 100.0, "percent_covered_display": "100.00", "missing_lines": 0, "excluded_lines": 0, "percent_statements_covered": 100.0, "percent_statements_covered_display": "100.00", "num_branches": 0, "num_partial_branches": 0, "covered_branches": 0, "missing_branches": 0, "percent_branches_covered": 100.0, "percent_branches_covered_display": "100.00"}, "missing_lines": [], "excluded_lines": [], "start_line": 796, "executed_branches": [], "missing_branches": []}, "init_command_logging": {"executed_lines": [], "summary": {"covered_lines": 0, "num_statements": 16, "percent_covered": 0.0, "percent_covered_display": "0.00", "missing_lines": 16, "excluded_lines": 0, "percent_statements_covered": 0.0, "percent_statements_covered_display": "0.00", "num_branches": 8, "num_partial_branches": 0, "covered_branches": 0, "missing_branches": 8, "percent_branches_covered": 0.0, "percent_branches_covered_display": "0.00"}, "missing_lines": [814, 816, 817, 819, 820, 822, 823, 827, 831, 832, 833, 834, 836, 838, 840, 846], "excluded_lines": [], "start_line": 800, "executed_branches": [], "missing_branches": [[816, 817], [816, 819], [819, 820], [819, 822], [822, 823], [822, 831], [832, 833], [832, 836]]}, "drop_cmd_output_logfile": {"executed_lines": [], "summary": {"covered_lines": 0, "num_statements": 12, "percent_covered": 0.0, "percent_covered_display": "0.00", "missing_lines": 12, "excluded_lines": 0, "percent_statements_covered": 0.0, "percent_statements_covered_display": "0.00", "num_branches": 2, "num_partial_branches": 0, "covered_branches": 0, "missing_branches": 2, "percent_branches_covered": 0.0, "percent_branches_covered_display": "0.00"}, "missing_lines": [866, 868, 869, 871, 872, 873, 874, 882, 884, 886, 891, 892], "excluded_lines": [], "start_line": 851, "executed_branches": [], "missing_branches": [[868, 869], [868, 871]]}, "logging_initialized": {"executed_lines": [], "summary": {"covered_lines": 0, "num_statements": 1, "percent_covered": 0.0, "percent_covered_display": "0.00", "missing_lines": 1, "excluded_lines": 0, "percent_statements_covered": 0.0, "percent_statements_covered_display": "0.00", "num_branches": 0, "num_partial_branches": 0, "covered_branches": 0, "missing_branches": 0, "percent_branches_covered": 100.0, "percent_branches_covered_display": "100.00"}, "missing_lines": [903], "excluded_lines": [], "start_line": 895, "executed_branches": [], "missing_branches": []}, "": {"executed_lines": [3, 4, 5, 6, 7, 8, 9, 10, 11, 12, 13, 14, 16, 19, 22, 24, 27, 28, 33, 40, 51, 52, 60, 80, 85, 94, 99, 111, 163, 172, 181, 194, 202, 231, 303, 306, 310, 317, 322, 333, 342, 359, 366, 375, 391, 450, 548, 586, 595, 600, 611, 628, 642, 646, 687, 696, 708, 711, 718, 727, 733, 745, 758, 762, 767, 781, 787, 796, 800, 851, 895], "summary": {"covered_lines": 71, "num_statements": 71, "percent_covered": 100.0, "percent_covered_display": "100.00", "missing_lines": 0, "excluded_lines": 2, "percent_statements_covered": 100.0, "percent_statements_covered_display": "100.00", "num_branches": 0, "num_partial_branches": 0, "covered_branches": 0, "missing_branches": 0, "percent_branches_covered": 100.0, "percent_branches_covered_display": "100.00"}, "missing_lines": [], "excluded_lines": [730, 784], "start_line": 1, "executed_branches": [], "missing_branches": []}}, "classes": {"PartialFormatter": {"executed_lines": [30, 31], "summary": {"covered_lines": 2, "num_statements": 12, "percent_covered": 14.285714285714286, "percent_covered_display": "14.29", "missing_lines": 10, "excluded_lines": 0, "percent_statements_covered": 16.666666666666668, "percent_statements_covered_display": "16.67", "num_branches": 2, "num_partial_branches": 0, "covered_branches": 0, "missing_branches": 2, "percent_branches_covered": 0.0, "percent_branches_covered_display": "0.00"}, "missing_lines": [34, 35, 36, 38, 41, 43, 44, 45, 46, 48], "excluded_lines": [], "start_line": 27, "executed_branches": [], "missing_branches": [[41, 43], [41, 44]]}, "TranslationProcessor": {"executed_lines": [53, 57, 58], "summary": {"covered_lines": 3, "num_statements": 14, "percent_covered": 15.0, "percent_covered_display": "15.00", "missing_lines": 11, "excluded_lines": 0, "percent_statements_covered": 21.428571428571427, "percent_statements_covered_display": "21.43", "num_branches": 6, "num_partial_branches": 0, "covered_branches": 0, "missing_branches": 6, "percent_branches_covered": 0.0, "percent_branches_covered_display": "0.00"}, "missing_lines": [61, 64, 65, 67, 68, 70, 71, 72, 74, 75, 77], "excluded_lines": [], "start_line": 51, "executed_branches": [], "missing_branches": [[64, 65], [64, 67], [68, 70], [68, 72], [72, 74], [72, 77]]}, "ConsoleFileRenderer": {"executed_lines": [127, 130, 131, 132, 133, 136, 137, 138, 139, 140, 141, 143, 145, 157, 158, 159, 165, 166, 174, 176, 177, 183, 184, 185, 186, 187, 188, 189, 190, 191, 192, 196, 197, 198, 199, 204, 205, 206, 207, 208, 209, 211, 214, 217, 220, 223, 228, 229, 232, 233, 236, 237, 240, 241, 243, 244, 245, 259, 261, 262, 266, 268, 270, 271, 273, 274, 277, 278, 279, 281, 282, 284, 285, 288, 291, 298, 300], "summary": {"covered_lines": 77, "num_statements": 101, "percent_covered": 69.5364238410596, "percent_covered_display": "69.54", "missing_lines": 24, "excluded_lines": 0, "percent_statements_covered": 76.23762376237623, "percent_statements_covered_display": "76.24", "num_branches": 50, "num_partial_branches": 16, "covered_branches": 28, "missing_branches": 22, "percent_branches_covered": 56.0, "percent_branches_covered_display": "56.00"}, "missing_lines": [167, 168, 169, 170, 175, 178, 179, 200, 212, 215, 218, 221, 224, 225, 226, 234, 238, 246, 258, 263, 264, 275, 286, 289], "excluded_lines": [], "start_line": 94, "executed_branches": [[130, 131], [130, 132], [132, 133], [132, 136], [157, 158], [157, 159], [165, 166], [174, 176], [183, 184], [183, 188], [196, 197], [197, 198], [197, 199], [211, 214], [214, 217], [217, 220], [220, 223], [223, 228], [228, -202], [228, 229], [233, 236], [237, 240], [245, 259], [262, 266], [274, 277], [278, 279], [285, 288], [288, 291]], "missing_branches": [[165, 167], [168, 169], [168, 170], [174, 175], [196, 200], [211, 212], [214, 215], [217, 218], [220, 221], [223, 224], [225, 226], [225, 228], [233, 234], [237, 238], [245, 246], [246, 258], [246, 259], [262, 263], [274, 275], [278, 281], [285, 286], [288, 289]]}, "JSONRenderer": {"executed_lines": [307, 308, 311, 313, 314], "summary": {"covered_lines": 5, "num_statements": 6, "percent_covered": 75.0, "percent_covered_display": "75.00", "missing_lines": 1, "excluded_lines": 0, "percent_statements_covered": 83.33333333333333, "percent_statements_covered_display": "83.33", "num_branches": 2, "num_partial_branches": 1, "covered_branches": 1, "missing_branches": 1, "percent_branches_covered": 50.0, "percent_branches_covered_display": "50.00"}, "missing_lines": [312], "excluded_lines": [], "start_line": 303, "executed_branches": [[311, 313]], "missing_branches": [[311, 312]]}, "SelectRenderedString": {"executed_lines": [373], "summary": {"covered_lines": 1, "num_statements": 8, "percent_covered": 7.142857142857143, "percent_covered_display": "7.14", "missing_lines": 7, "excluded_lines": 0, "percent_statements_covered": 12.5, "percent_statements_covered_display": "12.50", "num_branches": 6, "num_partial_branches": 0, "covered_branches": 0, "missing_branches": 6, "percent_branches_covered": 0.0, "percent_branches_covered_display": "0.00"}, "missing_lines": [378, 379, 382, 383, 384, 385, 388], "excluded_lines": [], "start_line": 359, "executed_branches": [], "missing_branches": [[378, 379], [378, 382], [382, 383], [382, 388], [384, 385], [384, 388]]}, "JournalLoggerFactory": {"executed_lines": [], "summary": {"covered_lines": 0, "num_statements": 1, "percent_covered": 0.0, "percent_covered_display": "0.00", "missing_lines": 1, "excluded_lines": 0, "percent_statements_covered": 0.0, "percent_statements_covered_display": "0.00", "num_branches": 0, "num_partial_branches": 0, "covered_branches": 0, "missing_branches": 0, "percent_branches_covered": 100.0, "percent_branches_covered_display": "100.00"}, "missing_lines": [597], "excluded_lines": [], "start_line": 586, "executed_branches": [], "missing_branches": []}, "SystemdJournalRenderer": {"executed_lines": [643, 644, 647, 651, 653, 654, 655, 657, 662, 668, 669, 671, 672, 673, 675, 677, 681, 682, 683, 685, 701, 702, 703, 705], "summary": {"covered_lines": 24, "num_statements": 33, "percent_covered": 69.76744186046511, "percent_covered_display": "69.77", "missing_lines": 9, "excluded_lines": 0, "percent_statements_covered": 72.72727272727273, "percent_statements_covered_display": "72.73", "num_branches": 10, "num_partial_branches": 4, "covered_branches": 6, "missing_branches": 4, "percent_branches_covered": 60.0, "percent_branches_covered_display": "60.00"}, "missing_lines": [648, 658, 659, 660, 691, 692, 693, 694, 704], "excluded_lines": [], "start_line": 628, "executed_branches": [[647, 651], [657, 662], [668, 669], [701, 702], [701, 703], [703, 705]], "missing_branches": [[647, 648], [657, 658], [668, 671], [703, 704]]}, "CmdOutputFileRenderer": {"executed_lines": [712, 713, 715], "summary": {"covered_lines": 3, "num_statements": 4, "percent_covered": 66.66666666666667, "percent_covered_display": "66.67", "missing_lines": 1, "excluded_lines": 0, "percent_statements_covered": 75.0, "percent_statements_covered_display": "75.00", "num_branches": 2, "num_partial_branches": 1, "covered_branches": 1, "missing_branches": 1, "percent_branches_covered": 50.0, "percent_branches_covered_display": "50.00"}, "missing_lines": [714], "excluded_lines": [], "start_line": 708, "executed_branches": [[713, 715]], "missing_branches": [[713, 714]]}, "MultiRenderer": {"executed_lines": [728, 734, 735, 736, 737, 738, 742], "summary": {"covered_lines": 7, "num_statements": 9, "percent_covered": 81.81818181818181, "percent_covered_display": "81.82", "missing_lines": 2, "excluded_lines": 1, "percent_statements_covered": 77.77777777777777, "percent_statements_covered_display": "77.78", "num_branches": 2, "num_partial_branches": 0, "covered_branches": 2, "missing_branches": 0, "percent_branches_covered": 100.0, "percent_branches_covered_display": "100.00"}, "missing_lines": [739, 740], "excluded_lines": [731], "start_line": 718, "executed_branches": [[735, 736], [735, 742]], "missing_branches": []}, "MultiOptimisticLoggerFactory": {"executed_lines": [759, 760, 763, 764], "summary": {"covered_lines": 4, "num_statements": 4, "percent_covered": 100.0, "percent_covered_display": "100.00", "missing_lines": 0, "excluded_lines": 0, "percent_statements_covered": 100.0, "percent_statements_covered_display": "100.00", "num_branches": 0, "num_partial_branches": 0, "covered_branches": 0, "missing_branches": 0, "percent_branches_covered": 100.0, "percent_branches_covered_display": "100.00"}, "missing_lines": [], "excluded_lines": [], "start_line": 745, "executed_branches": [], "missing_branches": []}, "MultiOptimisticLogger": {"executed_lines": [782, 788, 789, 790, 791, 792, 797], "summary": {"covered_lines": 7, "num_statements": 9, "percent_covered": 76.92307692307692, "percent_covered_display": "76.92", "missing_lines": 2, "excluded_lines": 1, "percent_statements_covered": 77.77777777777777, "percent_statements_covered_display": "77.78", "num_branches": 4, "num_partial_branches": 1, "covered_branches": 3, "missing_branches": 1, "percent_branches_covered": 75.0, "percent_branches_covered_display": "75.00"}, "missing_lines": [793, 794], "excluded_lines": [785], "start_line": 767, "executed_branches": [[788, -787], [788, 789], [791, 792]], "missing_branches": [[791, 788]]}, "": {"executed_lines": [3, 4, 5, 6, 7, 8, 9, 10, 11, 12, 13, 14, 16, 19, 22, 24, 27, 28, 33, 40, 51, 52, 60, 80, 81, 82, 85, 87, 89, 90, 91, 94, 99, 111, 163, 172, 181, 194, 202, 231, 303, 306, 310, 317, 318, 319, 322, 323, 326, 327, 328, 329, 330, 333, 334, 335, 337, 338, 339, 342, 348, 349, 350, 351, 352, 353, 354, 356, 359, 366, 375, 391, 450, 484, 486, 487, 489, 492, 498, 509, 510, 512, 513, 514, 515, 519, 520, 524, 525, 530, 532, 538, 540, 548, 586, 595, 600, 611, 628, 642, 646, 687, 696, 708, 711, 718, 727, 733, 745, 758, 762, 767, 781, 787, 796, 800, 851, 895], "summary": {"covered_lines": 118, "num_statements": 179, "percent_covered": 59.72850678733032, "percent_covered_display": "59.73", "missing_lines": 61, "excluded_lines": 2, "percent_statements_covered": 65.92178770949721, "percent_statements_covered_display": "65.92", "num_branches": 42, "num_partial_branches": 8, "covered_branches": 14, "missing_branches": 28, "percent_branches_covered": 33.333333333333336, "percent_branches_covered_display": "33.33"}, "missing_lines": [88, 336, 420, 422, 423, 430, 431, 434, 437, 438, 439, 442, 443, 445, 447, 488, 490, 516, 517, 526, 527, 528, 541, 542, 543, 545, 556, 557, 559, 561, 571, 579, 814, 816, 817, 819, 820, 822, 823, 827, 831, 832, 833, 834, 836, 838, 840, 846, 866, 868, 869, 871, 872, 873, 874, 882, 884, 886, 891, 892, 903], "excluded_lines": [730, 784], "start_line": 1, "executed_branches": [[87, 89], [334, 335], [334, 339], [335, 337], [337, 338], [349, 350], [349, 356], [487, 489], [489, 492], [512, 513], [524, 525], [524, 532], [525, 530], [540, -450]], "missing_branches": [[87, 88], [335, 336], [337, 339], [437, 438], [437, 442], [438, 437], [438, 439], [442, 443], [442, 445], [487, 488], [489, 490], [512, 524], [525, 526], [540, 541], [541, 542], [541, 545], [556, 557], [556, 559], [816, 817], [816, 819], [819, 820], [819, 822], [822, 823], [822, 831], [832, 833], [832, 836], [868, 869], [868, 871]]}}}, "src/stogger/factory.py": {"executed_lines": [3, 4, 5, 6, 7, 8, 9, 11, 13, 14, 25, 28, 30, 37, 46, 47, 48, 49, 55, 56, 57, 63, 71, 74, 81, 83, 85, 88, 90, 97, 98, 99, 105, 106, 110, 113, 115, 116, 117, 118, 119, 120, 121, 122, 128, 134, 135, 136, 140, 141, 142, 147, 149, 150, 151, 153, 154, 155, 158, 162, 163, 164, 165, 166, 169, 172, 174, 175, 180, 183, 185, 192, 196, 201, 206, 208, 209, 210, 211, 213, 214, 215, 216, 218, 226, 228, 229, 231, 233], "summary": {"covered_lines": 89, "num_statements": 106, "percent_covered": 80.0, "percent_covered_display": "80.00", "missing_lines": 17, "excluded_lines": 0, "percent_statements_covered": 83.9622641509434, "percent_statements_covered_display": "83.96", "num_branches": 34, "num_partial_branches": 9, "covered_branches": 23, "missing_branches": 11, "percent_branches_covered": 67.6470588235294, "percent_branches_covered_display": "67.65"}, "missing_lines": [31, 50, 58, 64, 65, 72, 84, 123, 124, 125, 144, 159, 160, 167, 168, 219, 224], "excluded_lines": [], "executed_branches": [[30, 37], [46, 47], [46, 71], [49, 55], [57, 63], [71, 74], [83, 85], [97, 98], [97, 105], [135, -128], [135, 136], [136, 140], [136, 141], [141, 142], [166, 169], [208, 209], [208, 213], [213, 214], [213, 218], [215, 216], [218, 226], [228, 229], [228, 231]], "missing_branches": [[30, 31], [49, 50], [57, 58], [71, 72], [83, 84], [141, 144], [166, 167], [167, 166], [167, 168], [215, 218], [218, 219]], "functions": {"build_shared_processors": {"executed_lines": [30, 37, 46, 47, 48, 49, 55, 56, 57, 63, 71, 74, 81, 83, 85], "summary": {"covered_lines": 15, "num_statements": 22, "percent_covered": 64.70588235294117, "percent_covered_display": "64.71", "missing_lines": 7, "excluded_lines": 0, "percent_statements_covered": 68.18181818181819, "percent_statements_covered_display": "68.18", "num_branches": 12, "num_partial_branches": 5, "covered_branches": 7, "missing_branches": 5, "percent_branches_covered": 58.333333333333336, "percent_branches_covered_display": "58.33"}, "missing_lines": [31, 50, 58, 64, 65, 72, 84], "excluded_lines": [], "start_line": 28, "executed_branches": [[30, 37], [46, 47], [46, 71], [49, 55], [57, 63], [71, 74], [83, 85]], "missing_branches": [[30, 31], [49, 50], [57, 58], [71, 72], [83, 84]]}, "build_renderer": {"executed_lines": [90, 97, 98, 99, 105, 106, 110], "summary": {"covered_lines": 7, "num_statements": 7, "percent_covered": 100.0, "percent_covered_display": "100.00", "missing_lines": 0, "excluded_lines": 0, "percent_statements_covered": 100.0, "percent_statements_covered_display": "100.00", "num_branches": 2, "num_partial_branches": 0, "covered_branches": 2, "missing_branches": 0, "percent_branches_covered": 100.0, "percent_branches_covered_display": "100.00"}, "missing_lines": [], "excluded_lines": [], "start_line": 88, "executed_branches": [[97, 98], [97, 105]], "missing_branches": []}, "_create_file_handler": {"executed_lines": [115, 116, 117, 118, 119, 120, 121, 122], "summary": {"covered_lines": 8, "num_statements": 11, "percent_covered": 72.72727272727273, "percent_covered_display": "72.73", "missing_lines": 3, "excluded_lines": 0, "percent_statements_covered": 72.72727272727273, "percent_statements_covered_display": "72.73", "num_branches": 0, "num_partial_branches": 0, "covered_branches": 0, "missing_branches": 0, "percent_branches_covered": 100.0, "percent_branches_covered_display": "100.00"}, "missing_lines": [123, 124, 125], "excluded_lines": [], "start_line": 113, "executed_branches": [], "missing_branches": []}, "_assign_formatters": {"executed_lines": [134, 135, 136, 140, 141, 142], "summary": {"covered_lines": 6, "num_statements": 7, "percent_covered": 84.61538461538461, "percent_covered_display": "84.62", "missing_lines": 1, "excluded_lines": 0, "percent_statements_covered": 85.71428571428571, "percent_statements_covered_display": "85.71", "num_branches": 6, "num_partial_branches": 1, "covered_branches": 5, "missing_branches": 1, "percent_branches_covered": 83.33333333333333, "percent_branches_covered_display": "83.33"}, "missing_lines": [144], "excluded_lines": [], "start_line": 128, "executed_branches": [[135, -128], [135, 136], [136, 140], [136, 141], [141, 142]], "missing_branches": [[141, 144]]}, "_configure_async_logging": {"executed_lines": [149, 150, 151, 153, 154, 155, 158, 162, 163, 164, 165, 166, 169], "summary": {"covered_lines": 13, "num_statements": 15, "percent_covered": 73.6842105263158, "percent_covered_display": "73.68", "missing_lines": 2, "excluded_lines": 0, "percent_statements_covered": 86.66666666666667, "percent_statements_covered_display": "86.67", "num_branches": 4, "num_partial_branches": 1, "covered_branches": 1, "missing_branches": 3, "percent_branches_covered": 25.0, "percent_branches_covered_display": "25.00"}, "missing_lines": [167, 168], "excluded_lines": [], "start_line": 147, "executed_branches": [[166, 169]], "missing_branches": [[166, 167], [167, 166], [167, 168]]}, "_configure_async_logging.cleanup_listener": {"executed_lines": [], "summary": {"covered_lines": 0, "num_statements": 2, "percent_covered": 0.0, "percent_covered_display": "0.00", "missing_lines": 2, "excluded_lines": 0, "percent_statements_covered": 0.0, "percent_statements_covered_display": "0.00", "num_branches": 0, "num_partial_branches": 0, "covered_branches": 0, "missing_branches": 0, "percent_branches_covered": 100.0, "percent_branches_covered_display": "100.00"}, "missing_lines": [159, 160], "excluded_lines": [], "start_line": 158, "executed_branches": [], "missing_branches": []}, "_configure_sync_logging": {"executed_lines": [174, 175, 180], "summary": {"covered_lines": 3, "num_statements": 3, "percent_covered": 100.0, "percent_covered_display": "100.00", "missing_lines": 0, "excluded_lines": 0, "percent_statements_covered": 100.0, "percent_statements_covered_display": "100.00", "num_branches": 0, "num_partial_branches": 0, "covered_branches": 0, "missing_branches": 0, "percent_branches_covered": 100.0, "percent_branches_covered_display": "100.00"}, "missing_lines": [], "excluded_lines": [], "start_line": 172, "executed_branches": [], "missing_branches": []}, "configure_stdlib_logging": {"executed_lines": [185, 192, 196, 201, 206, 208, 209, 210, 211, 213, 214, 215, 216, 218, 226, 228, 229, 231, 233], "summary": {"covered_lines": 19, "num_statements": 21, "percent_covered": 87.09677419354838, "percent_covered_display": "87.10", "missing_lines": 2, "excluded_lines": 0, "percent_statements_covered": 90.47619047619048, "percent_statements_covered_display": "90.48", "num_branches": 10, "num_partial_branches": 2, "covered_branches": 8, "missing_branches": 2, "percent_branches_covered": 80.0, "percent_branches_covered_display": "80.00"}, "missing_lines": [219, 224], "excluded_lines": [], "start_line": 183, "executed_branches": [[208, 209], [208, 213], [213, 214], [213, 218], [215, 216], [218, 226], [228, 229], [228, 231]], "missing_branches": [[215, 218], [218, 219]]}, "": {"executed_lines": [3, 4, 5, 6, 7, 8, 9, 11, 13, 14, 25, 28, 88, 113, 128, 147, 172, 183], "summary": {"covered_lines": 18, "num_statements": 18, "percent_covered": 100.0, "percent_covered_display": "100.00", "missing_lines": 0, "excluded_lines": 0, "percent_statements_covered": 100.0, "percent_statements_covered_display": "100.00", "num_branches": 0, "num_partial_branches": 0, "covered_branches": 0, "missing_branches": 0, "percent_branches_covered": 100.0, "percent_branches_covered_display": "100.00"}, "missing_lines": [], "excluded_lines": [], "start_line": 1, "executed_branches": [], "missing_branches": []}}, "classes": {"": {"executed_lines": [3, 4, 5, 6, 7, 8, 9, 11, 13, 14, 25, 28, 30, 37, 46, 47, 48, 49, 55, 56, 57, 63, 71, 74, 81, 83, 85, 88, 90, 97, 98, 99, 105, 106, 110, 113, 115, 116, 117, 118, 119, 120, 121, 122, 128, 134, 135, 136, 140, 141, 142, 147, 149, 150, 151, 153, 154, 155, 158, 162, 163, 164, 165, 166, 169, 172, 174, 175, 180, 183, 185, 192, 196, 201, 206, 208, 209, 210, 211, 213, 214, 215, 216, 218, 226, 228, 229, 231, 233], "summary": {"covered_lines": 89, "num_statements": 106, "percent_covered": 80.0, "percent_covered_display": "80.00", "missing_lines": 17, "excluded_lines": 0, "percent_statements_covered": 83.9622641509434, "percent_statements_covered_display": "83.96", "num_branches": 34, "num_partial_branches": 9, "covered_branches": 23, "missing_branches": 11, "percent_branches_covered": 67.6470588235294, "percent_branches_covered_display": "67.65"}, "missing_lines": [31, 50, 58, 64, 65, 72, 84, 123, 124, 125, 144, 159, 160, 167, 168, 219, 224], "excluded_lines": [], "start_line": 1, "executed_branches": [[30, 37], [46, 47], [46, 71], [49, 55], [57, 63], [71, 74], [83, 85], [97, 98], [97, 105], [135, -128], [135, 136], [136, 140], [136, 141], [141, 142], [166, 169], [208, 209], [208, 213], [213, 214], [213, 218], [215, 216], [218, 226], [228, 229], [228, 231]], "missing_branches": [[30, 31], [49, 50], [57, 58], [71, 72], [83, 84], [141, 144], [166, 167], [167, 166], [167, 168], [215, 218], [218, 219]]}}}}, "totals": {"covered_lines": 431, "num_statements": 724, "percent_covered": 53.89473684210526, "percent_covered_display": "53.89", "missing_lines": 293, "excluded_lines": 4, "percent_statements_covered": 59.530386740331494, "percent_statements_covered_display": "59.53", "num_branches": 226, "num_partial_branches": 41, "covered_branches": 81, "missing_branches": 145, "percent_branches_covered": 35.84070796460177, "percent_branches_covered_display": "35.84"}}