{"meta": {"format": 3, "version": "7.10.1", "timestamp": "2025-08-28T13:50:48.703150", "branch_coverage": false, "show_contexts": false}, "files": {"src/nicestlog/__init__.py": {"executed_lines": [1, 9, 10, 11, 12, 13, 14, 15, 16, 23, 26, 27, 31], "summary": {"covered_lines": 12, "num_statements": 12, "percent_covered": 100.0, "percent_covered_display": "100", "missing_lines": 0, "excluded_lines": 2}, "missing_lines": [], "excluded_lines": [28, 29], "functions": {"": {"executed_lines": [1, 9, 10, 11, 12, 13, 14, 15, 16, 23, 26, 27, 31], "summary": {"covered_lines": 12, "num_statements": 12, "percent_covered": 100.0, "percent_covered_display": "100", "missing_lines": 0, "excluded_lines": 2}, "missing_lines": [], "excluded_lines": [28, 29]}}, "classes": {"": {"executed_lines": [1, 9, 10, 11, 12, 13, 14, 15, 16, 23, 26, 27, 31], "summary": {"covered_lines": 12, "num_statements": 12, "percent_covered": 100.0, "percent_covered_display": "100", "missing_lines": 0, "excluded_lines": 2}, "missing_lines": [], "excluded_lines": [28, 29]}}}, "src/nicestlog/__main__.py": {"executed_lines": [1, 5, 7, 8], "summary": {"covered_lines": 3, "num_statements": 3, "percent_covered": 100.0, "percent_covered_display": "100", "missing_lines": 0, "excluded_lines": 0}, "missing_lines": [], "excluded_lines": [], "functions": {"": {"executed_lines": [1, 5, 7, 8], "summary": {"covered_lines": 3, "num_statements": 3, "percent_covered": 100.0, "percent_covered_display": "100", "missing_lines": 0, "excluded_lines": 0}, "missing_lines": [], "excluded_lines": []}}, "classes": {"": {"executed_lines": [1, 5, 7, 8], "summary": {"covered_lines": 3, "num_statements": 3, "percent_covered": 100.0, "percent_covered_display": "100", "missing_lines": 0, "excluded_lines": 0}, "missing_lines": [], "excluded_lines": []}}}, "src/nicestlog/_regexes.py": {"executed_lines": [1, 2, 6, 12, 15, 18], "summary": {"covered_lines": 6, "num_statements": 6, "percent_covered": 100.0, "percent_covered_display": "100", "missing_lines": 0, "excluded_lines": 0}, "missing_lines": [], "excluded_lines": [], "functions": {"": {"executed_lines": [1, 2, 6, 12, 15, 18], "summary": {"covered_lines": 6, "num_statements": 6, "percent_covered": 100.0, "percent_covered_display": "100", "missing_lines": 0, "excluded_lines": 0}, "missing_lines": [], "excluded_lines": []}}, "classes": {"": {"executed_lines": [1, 2, 6, 12, 15, 18], "summary": {"covered_lines": 6, "num_statements": 6, "percent_covered": 100.0, "percent_covered_display": "100", "missing_lines": 0, "excluded_lines": 0}, "missing_lines": [], "excluded_lines": []}}}, "src/nicestlog/advanced_assistant.py": {"executed_lines": [1, 16, 18, 19, 20, 21, 22, 23, 24, 25, 28, 35, 36, 38, 39, 43, 44, 45, 47, 48, 49, 50, 51, 52, 53, 56, 57, 58, 60, 61, 62, 63, 64, 65, 66, 68, 69, 71, 72, 75, 76, 77, 79, 80, 81, 82, 83, 84, 85, 86, 88, 89, 91, 93, 94, 96, 98, 99, 101, 103, 104, 106, 108, 124, 125, 126, 128, 129, 130, 131, 132, 133, 136, 137, 141, 142, 147, 148, 155, 156, 157, 158, 159, 160, 161, 162, 163, 165, 172, 174, 182, 183, 184, 185, 186, 187, 190, 193, 196, 197, 199, 210, 221, 223, 225, 226, 228, 229, 232, 242, 245, 246, 248, 250, 252, 253, 254, 256, 257, 258, 259, 260, 261, 262, 270, 272, 273, 281, 283, 295, 312, 313, 316, 318, 320, 322, 323, 325, 326, 339, 341, 354, 356, 357, 358, 362, 364, 380, 382, 383, 386, 387, 388, 391, 398, 400, 406, 407, 414, 416, 417, 421, 428, 459, 460, 467, 468, 469, 470, 471, 475, 483, 485, 492, 493, 496, 499, 501, 511, 513, 515, 518, 519, 520, 524, 532, 541, 542, 543, 544, 545, 546, 547, 549, 558, 559, 560, 561, 562, 571, 574, 575, 582, 583, 584, 585, 590, 592, 600, 604, 605, 611, 613, 618, 619, 621, 626, 627, 629, 636, 640, 642, 654, 665, 673, 685, 692, 694, 695, 704, 706, 713, 714, 715, 717, 718, 720, 729, 731, 732, 741, 745, 754, 755, 761, 762, 765, 768, 769, 775, 776, 779, 783, 786, 796, 797, 803, 804, 807, 812, 814, 822, 831, 833, 834, 854, 905, 907, 910, 912, 913, 916, 920, 921], "summary": {"covered_lines": 265, "num_statements": 312, "percent_covered": 84.93589743589743, "percent_covered_display": "85", "missing_lines": 47, "excluded_lines": 0}, "missing_lines": [110, 139, 144, 233, 255, 300, 301, 302, 366, 368, 376, 377, 378, 419, 431, 451, 452, 453, 454, 456, 533, 630, 633, 634, 655, 656, 658, 667, 670, 671, 739, 842, 858, 867, 868, 874, 876, 877, 878, 879, 880, 881, 882, 889, 890, 892, 901], "excluded_lines": [], "functions": {"TransformationMetrics.duration": {"executed_lines": [71, 72], "summary": {"covered_lines": 2, "num_statements": 2, "percent_covered": 100.0, "percent_covered_display": "100", "missing_lines": 0, "excluded_lines": 0}, "missing_lines": [], "excluded_lines": []}, "CodeAnalysisResult.lines_of_code": {"executed_lines": [91], "summary": {"covered_lines": 1, "num_statements": 1, "percent_covered": 100.0, "percent_covered_display": "100", "missing_lines": 0, "excluded_lines": 0}, "missing_lines": [], "excluded_lines": []}, "CodeAnalysisResult.function_count": {"executed_lines": [96], "summary": {"covered_lines": 1, "num_statements": 1, "percent_covered": 100.0, "percent_covered_display": "100", "missing_lines": 0, "excluded_lines": 0}, "missing_lines": [], "excluded_lines": []}, "CodeAnalysisResult.class_count": {"executed_lines": [101], "summary": {"covered_lines": 1, "num_statements": 1, "percent_covered": 100.0, "percent_covered_display": "100", "missing_lines": 0, "excluded_lines": 0}, "missing_lines": [], "excluded_lines": []}, "CodeAnalysisResult.issues": {"executed_lines": [106], "summary": {"covered_lines": 1, "num_statements": 1, "percent_covered": 100.0, "percent_covered_display": "100", "missing_lines": 0, "excluded_lines": 0}, "missing_lines": [], "excluded_lines": []}, "CodeAnalysisResult.to_dict": {"executed_lines": [], "summary": {"covered_lines": 0, "num_statements": 1, "percent_covered": 0.0, "percent_covered_display": "0", "missing_lines": 1, "excluded_lines": 0}, "missing_lines": [110], "excluded_lines": []}, "TransformationResult.file_path": {"executed_lines": [], "summary": {"covered_lines": 0, "num_statements": 1, "percent_covered": 0.0, "percent_covered_display": "0", "missing_lines": 1, "excluded_lines": 0}, "missing_lines": [139], "excluded_lines": []}, "TransformationResult.changes": {"executed_lines": [], "summary": {"covered_lines": 0, "num_statements": 1, "percent_covered": 0.0, "percent_covered_display": "0", "missing_lines": 1, "excluded_lines": 0}, "missing_lines": [144], "excluded_lines": []}, "AdvancedASTAnalyzer.__init__": {"executed_lines": [156, 157, 158, 159, 160, 161, 162, 163, 165], "summary": {"covered_lines": 9, "num_statements": 9, "percent_covered": 100.0, "percent_covered_display": "100", "missing_lines": 0, "excluded_lines": 0}, "missing_lines": [], "excluded_lines": []}, "AdvancedASTAnalyzer.analyze": {"executed_lines": [174, 182, 183, 184, 185, 186, 187, 190, 193, 196, 197, 199, 210, 221], "summary": {"covered_lines": 14, "num_statements": 14, "percent_covered": 100.0, "percent_covered_display": "100", "missing_lines": 0, "excluded_lines": 0}, "missing_lines": [], "excluded_lines": []}, "AdvancedASTAnalyzer.visit": {"executed_lines": [225, 226, 228, 229, 232, 242, 245, 246], "summary": {"covered_lines": 8, "num_statements": 9, "percent_covered": 88.88888888888889, "percent_covered_display": "89", "missing_lines": 1, "excluded_lines": 0}, "missing_lines": [233], "excluded_lines": []}, "AdvancedASTAnalyzer._analyze_node_specific": {"executed_lines": [250, 252, 253, 254, 256, 257, 258, 259, 260, 261, 262], "summary": {"covered_lines": 11, "num_statements": 12, "percent_covered": 91.66666666666667, "percent_covered_display": "92", "missing_lines": 1, "excluded_lines": 0}, "missing_lines": [255], "excluded_lines": []}, "AdvancedASTAnalyzer._analyze_function": {"executed_lines": [272, 273, 281, 283, 295, 312, 313, 316], "summary": {"covered_lines": 8, "num_statements": 11, "percent_covered": 72.72727272727273, "percent_covered_display": "73", "missing_lines": 3, "excluded_lines": 0}, "missing_lines": [300, 301, 302], "excluded_lines": []}, "AdvancedASTAnalyzer._function_has_logging_calls": {"executed_lines": [320, 322, 323, 325, 326, 339, 341, 354, 356, 357, 358, 362], "summary": {"covered_lines": 12, "num_statements": 12, "percent_covered": 100.0, "percent_covered_display": "100", "missing_lines": 0, "excluded_lines": 0}, "missing_lines": [], "excluded_lines": []}, "AdvancedASTAnalyzer._analyze_class": {"executed_lines": [], "summary": {"covered_lines": 0, "num_statements": 5, "percent_covered": 0.0, "percent_covered_display": "0", "missing_lines": 5, "excluded_lines": 0}, "missing_lines": [366, 368, 376, 377, 378], "excluded_lines": []}, "AdvancedASTAnalyzer._analyze_call": {"executed_lines": [382, 383, 386, 387, 388, 391, 398, 400, 406, 407], "summary": {"covered_lines": 10, "num_statements": 10, "percent_covered": 100.0, "percent_covered_display": "100", "missing_lines": 0, "excluded_lines": 0}, "missing_lines": [], "excluded_lines": []}, "AdvancedASTAnalyzer._analyze_import": {"executed_lines": [416, 417, 421], "summary": {"covered_lines": 3, "num_statements": 4, "percent_covered": 75.0, "percent_covered_display": "75", "missing_lines": 1, "excluded_lines": 0}, "missing_lines": [419], "excluded_lines": []}, "AdvancedASTAnalyzer._is_common_function_pattern": {"executed_lines": [], "summary": {"covered_lines": 0, "num_statements": 6, "percent_covered": 0.0, "percent_covered_display": "0", "missing_lines": 6, "excluded_lines": 0}, "missing_lines": [431, 451, 452, 453, 454, 456], "excluded_lines": []}, "AdvancedTransformer.__init__": {"executed_lines": [468, 469, 470, 471, 475], "summary": {"covered_lines": 5, "num_statements": 5, "percent_covered": 100.0, "percent_covered_display": "100", "missing_lines": 0, "excluded_lines": 0}, "missing_lines": [], "excluded_lines": []}, "AdvancedTransformer.transform": {"executed_lines": [485, 492, 493, 496, 499, 501, 511], "summary": {"covered_lines": 7, "num_statements": 7, "percent_covered": 100.0, "percent_covered_display": "100", "missing_lines": 0, "excluded_lines": 0}, "missing_lines": [], "excluded_lines": []}, "AdvancedTransformer.visit": {"executed_lines": [515, 518, 519, 520, 524, 532, 541, 542, 543, 544, 545, 546, 547, 549, 558, 559, 560, 561, 562, 571], "summary": {"covered_lines": 20, "num_statements": 21, "percent_covered": 95.23809523809524, "percent_covered_display": "95", "missing_lines": 1, "excluded_lines": 0}, "missing_lines": [533], "excluded_lines": []}, "AdvancedAssistant.__init__": {"executed_lines": [583, 584, 585, 590, 592], "summary": {"covered_lines": 5, "num_statements": 5, "percent_covered": 100.0, "percent_covered_display": "100", "missing_lines": 0, "excluded_lines": 0}, "missing_lines": [], "excluded_lines": []}, "AdvancedAssistant._initialize_default_patterns": {"executed_lines": [604, 611, 642, 654, 665, 673, 685], "summary": {"covered_lines": 7, "num_statements": 7, "percent_covered": 100.0, "percent_covered_display": "100", "missing_lines": 0, "excluded_lines": 0}, "missing_lines": [], "excluded_lines": []}, "AdvancedAssistant._initialize_default_patterns.is_print_call": {"executed_lines": [605], "summary": {"covered_lines": 1, "num_statements": 1, "percent_covered": 100.0, "percent_covered_display": "100", "missing_lines": 0, "excluded_lines": 0}, "missing_lines": [], "excluded_lines": []}, "AdvancedAssistant._initialize_default_patterns.transform_print_to_log": {"executed_lines": [613, 618, 619, 621, 626, 627, 629, 636, 640], "summary": {"covered_lines": 9, "num_statements": 12, "percent_covered": 75.0, "percent_covered_display": "75", "missing_lines": 3, "excluded_lines": 0}, "missing_lines": [630, 633, 634], "excluded_lines": []}, "AdvancedAssistant._initialize_default_patterns.is_function_without_docstring": {"executed_lines": [], "summary": {"covered_lines": 0, "num_statements": 3, "percent_covered": 0.0, "percent_covered_display": "0", "missing_lines": 3, "excluded_lines": 0}, "missing_lines": [655, 656, 658], "excluded_lines": []}, "AdvancedAssistant._initialize_default_patterns.add_docstring": {"executed_lines": [], "summary": {"covered_lines": 0, "num_statements": 3, "percent_covered": 0.0, "percent_covered_display": "0", "missing_lines": 3, "excluded_lines": 0}, "missing_lines": [667, 670, 671], "excluded_lines": []}, "AdvancedAssistant.add_pattern": {"executed_lines": [694, 695], "summary": {"covered_lines": 2, "num_statements": 2, "percent_covered": 100.0, "percent_covered_display": "100", "missing_lines": 0, "excluded_lines": 0}, "missing_lines": [], "excluded_lines": []}, "AdvancedAssistant.analyze_file": {"executed_lines": [706, 713, 714, 715, 717, 718, 720, 729, 731, 732], "summary": {"covered_lines": 10, "num_statements": 11, "percent_covered": 90.9090909090909, "percent_covered_display": "91", "missing_lines": 1, "excluded_lines": 0}, "missing_lines": [739], "excluded_lines": []}, "AdvancedAssistant.transform_file": {"executed_lines": [745, 754, 755, 761, 762, 765, 768, 769, 775, 776, 779, 783, 786, 796, 797, 803, 804, 807, 812, 814, 822, 831, 833, 834], "summary": {"covered_lines": 24, "num_statements": 25, "percent_covered": 96.0, "percent_covered_display": "96", "missing_lines": 1, "excluded_lines": 0}, "missing_lines": [842], "excluded_lines": []}, "AdvancedAssistant.transform_directory": {"executed_lines": [], "summary": {"covered_lines": 0, "num_statements": 15, "percent_covered": 0.0, "percent_covered_display": "0", "missing_lines": 15, "excluded_lines": 0}, "missing_lines": [858, 867, 868, 874, 876, 877, 878, 879, 880, 881, 882, 889, 890, 892, 901], "excluded_lines": []}, "create_advanced_assistant": {"executed_lines": [907], "summary": {"covered_lines": 1, "num_statements": 1, "percent_covered": 100.0, "percent_covered_display": "100", "missing_lines": 0, "excluded_lines": 0}, "missing_lines": [], "excluded_lines": []}, "analyze_python_file": {"executed_lines": [912, 913], "summary": {"covered_lines": 2, "num_statements": 2, "percent_covered": 100.0, "percent_covered_display": "100", "missing_lines": 0, "excluded_lines": 0}, "missing_lines": [], "excluded_lines": []}, "transform_python_file": {"executed_lines": [920, 921], "summary": {"covered_lines": 2, "num_statements": 2, "percent_covered": 100.0, "percent_covered_display": "100", "missing_lines": 0, "excluded_lines": 0}, "missing_lines": [], "excluded_lines": []}, "": {"executed_lines": [1, 16, 18, 19, 20, 21, 22, 23, 24, 25, 28, 35, 36, 38, 39, 43, 44, 45, 47, 48, 49, 50, 51, 52, 53, 56, 57, 58, 60, 61, 62, 63, 64, 65, 66, 68, 69, 75, 76, 77, 79, 80, 81, 82, 83, 84, 85, 86, 88, 89, 93, 94, 98, 99, 103, 104, 108, 124, 125, 126, 128, 129, 130, 131, 132, 133, 136, 137, 141, 142, 147, 148, 155, 172, 223, 248, 270, 318, 364, 380, 414, 428, 459, 460, 467, 483, 513, 574, 575, 582, 600, 692, 704, 741, 854, 905, 910, 916], "summary": {"covered_lines": 89, "num_statements": 89, "percent_covered": 100.0, "percent_covered_display": "100", "missing_lines": 0, "excluded_lines": 0}, "missing_lines": [], "excluded_lines": []}}, "classes": {"NodeType": {"executed_lines": [], "summary": {"covered_lines": 0, "num_statements": 0, "percent_covered": 100.0, "percent_covered_display": "100", "missing_lines": 0, "excluded_lines": 0}, "missing_lines": [], "excluded_lines": []}, "ASTPattern": {"executed_lines": [], "summary": {"covered_lines": 0, "num_statements": 0, "percent_covered": 100.0, "percent_covered_display": "100", "missing_lines": 0, "excluded_lines": 0}, "missing_lines": [], "excluded_lines": []}, "TransformationMetrics": {"executed_lines": [71, 72], "summary": {"covered_lines": 2, "num_statements": 2, "percent_covered": 100.0, "percent_covered_display": "100", "missing_lines": 0, "excluded_lines": 0}, "missing_lines": [], "excluded_lines": []}, "CodeAnalysisResult": {"executed_lines": [91, 96, 101, 106], "summary": {"covered_lines": 4, "num_statements": 5, "percent_covered": 80.0, "percent_covered_display": "80", "missing_lines": 1, "excluded_lines": 0}, "missing_lines": [110], "excluded_lines": []}, "TransformationResult": {"executed_lines": [], "summary": {"covered_lines": 0, "num_statements": 2, "percent_covered": 0.0, "percent_covered_display": "0", "missing_lines": 2, "excluded_lines": 0}, "missing_lines": [139, 144], "excluded_lines": []}, "AdvancedASTAnalyzer": {"executed_lines": [156, 157, 158, 159, 160, 161, 162, 163, 165, 174, 182, 183, 184, 185, 186, 187, 190, 193, 196, 197, 199, 210, 221, 225, 226, 228, 229, 232, 242, 245, 246, 250, 252, 253, 254, 256, 257, 258, 259, 260, 261, 262, 272, 273, 281, 283, 295, 312, 313, 316, 320, 322, 323, 325, 326, 339, 341, 354, 356, 357, 358, 362, 382, 383, 386, 387, 388, 391, 398, 400, 406, 407, 416, 417, 421], "summary": {"covered_lines": 75, "num_statements": 92, "percent_covered": 81.52173913043478, "percent_covered_display": "82", "missing_lines": 17, "excluded_lines": 0}, "missing_lines": [233, 255, 300, 301, 302, 366, 368, 376, 377, 378, 419, 431, 451, 452, 453, 454, 456], "excluded_lines": []}, "AdvancedTransformer": {"executed_lines": [468, 469, 470, 471, 475, 485, 492, 493, 496, 499, 501, 511, 515, 518, 519, 520, 524, 532, 541, 542, 543, 544, 545, 546, 547, 549, 558, 559, 560, 561, 562, 571], "summary": {"covered_lines": 32, "num_statements": 33, "percent_covered": 96.96969696969697, "percent_covered_display": "97", "missing_lines": 1, "excluded_lines": 0}, "missing_lines": [533], "excluded_lines": []}, "AdvancedAssistant": {"executed_lines": [583, 584, 585, 590, 592, 604, 605, 611, 613, 618, 619, 621, 626, 627, 629, 636, 640, 642, 654, 665, 673, 685, 694, 695, 706, 713, 714, 715, 717, 718, 720, 729, 731, 732, 745, 754, 755, 761, 762, 765, 768, 769, 775, 776, 779, 783, 786, 796, 797, 803, 804, 807, 812, 814, 822, 831, 833, 834], "summary": {"covered_lines": 58, "num_statements": 84, "percent_covered": 69.04761904761905, "percent_covered_display": "69", "missing_lines": 26, "excluded_lines": 0}, "missing_lines": [630, 633, 634, 655, 656, 658, 667, 670, 671, 739, 842, 858, 867, 868, 874, 876, 877, 878, 879, 880, 881, 882, 889, 890, 892, 901], "excluded_lines": []}, "": {"executed_lines": [1, 16, 18, 19, 20, 21, 22, 23, 24, 25, 28, 35, 36, 38, 39, 43, 44, 45, 47, 48, 49, 50, 51, 52, 53, 56, 57, 58, 60, 61, 62, 63, 64, 65, 66, 68, 69, 75, 76, 77, 79, 80, 81, 82, 83, 84, 85, 86, 88, 89, 93, 94, 98, 99, 103, 104, 108, 124, 125, 126, 128, 129, 130, 131, 132, 133, 136, 137, 141, 142, 147, 148, 155, 172, 223, 248, 270, 318, 364, 380, 414, 428, 459, 460, 467, 483, 513, 574, 575, 582, 600, 692, 704, 741, 854, 905, 907, 910, 912, 913, 916, 920, 921], "summary": {"covered_lines": 94, "num_statements": 94, "percent_covered": 100.0, "percent_covered_display": "100", "missing_lines": 0, "excluded_lines": 0}, "missing_lines": [], "excluded_lines": []}}}, "src/nicestlog/assistant.py": {"executed_lines": [1, 11, 13, 14, 15, 16, 17, 18, 19, 22, 23, 24, 25, 26, 31, 32, 34, 35, 37, 42, 43, 44, 45, 46, 47, 48, 49, 50, 51, 52, 54, 55, 56, 58, 60, 61, 62, 63, 64, 65, 67, 68, 69, 71, 72, 73, 74, 75, 77, 84, 88, 106, 107, 108, 115, 116, 117, 118, 124, 127, 132, 133, 134, 135, 136, 137, 141, 142, 143, 144, 145, 150, 151, 154, 160, 165, 167, 169, 170, 173, 174, 175, 176, 177, 178, 187, 192, 193, 194, 195, 198, 199, 200, 201, 202, 203, 204, 205, 206, 210, 213], "summary": {"covered_lines": 100, "num_statements": 149, "percent_covered": 67.11409395973155, "percent_covered_display": "67", "missing_lines": 49, "excluded_lines": 0}, "missing_lines": [57, 78, 79, 80, 81, 82, 86, 90, 91, 101, 102, 103, 104, 155, 156, 158, 171, 207, 209, 222, 223, 224, 225, 227, 228, 230, 232, 233, 234, 235, 236, 237, 238, 239, 240, 242, 243, 244, 245, 246, 249, 250, 258, 261, 262, 265, 266, 267, 269], "excluded_lines": [], "functions": {"PrintToStructlogTransformer.slugify": {"executed_lines": [37, 42, 43, 44, 45, 46, 47, 48, 49, 50, 51, 52, 54, 55, 56, 58], "summary": {"covered_lines": 16, "num_statements": 17, "percent_covered": 94.11764705882354, "percent_covered_display": "94", "missing_lines": 1, "excluded_lines": 0}, "missing_lines": [57], "excluded_lines": []}, "PrintToStructlogTransformer.derive_event_from_literal": {"executed_lines": [62, 63, 64, 65], "summary": {"covered_lines": 4, "num_statements": 4, "percent_covered": 100.0, "percent_covered_display": "100", "missing_lines": 0, "excluded_lines": 0}, "missing_lines": [], "excluded_lines": []}, "PrintToStructlogTransformer.is_simple_event": {"executed_lines": [69], "summary": {"covered_lines": 1, "num_statements": 1, "percent_covered": 100.0, "percent_covered_display": "100", "missing_lines": 0, "excluded_lines": 0}, "missing_lines": [], "excluded_lines": []}, "PrintToStructlogTransformer.__init__": {"executed_lines": [72, 73, 74, 75], "summary": {"covered_lines": 4, "num_statements": 4, "percent_covered": 100.0, "percent_covered_display": "100", "missing_lines": 0, "excluded_lines": 0}, "missing_lines": [], "excluded_lines": []}, "PrintToStructlogTransformer.visit_Import": {"executed_lines": [], "summary": {"covered_lines": 0, "num_statements": 5, "percent_covered": 0.0, "percent_covered_display": "0", "missing_lines": 5, "excluded_lines": 0}, "missing_lines": [78, 79, 80, 81, 82], "excluded_lines": []}, "PrintToStructlogTransformer.visit_ImportFrom": {"executed_lines": [], "summary": {"covered_lines": 0, "num_statements": 1, "percent_covered": 0.0, "percent_covered_display": "0", "missing_lines": 1, "excluded_lines": 0}, "missing_lines": [86], "excluded_lines": []}, "PrintToStructlogTransformer.visit_Assign": {"executed_lines": [], "summary": {"covered_lines": 0, "num_statements": 6, "percent_covered": 0.0, "percent_covered_display": "0", "missing_lines": 6, "excluded_lines": 0}, "missing_lines": [90, 91, 101, 102, 103, 104], "excluded_lines": []}, "PrintToStructlogTransformer.visit_call_build_print": {"executed_lines": [107, 108, 115, 116, 117, 118, 124, 127, 132, 133, 134, 135, 136, 137, 141, 142, 143, 144, 145, 150, 151, 154, 160, 165], "summary": {"covered_lines": 24, "num_statements": 27, "percent_covered": 88.88888888888889, "percent_covered_display": "89", "missing_lines": 3, "excluded_lines": 0}, "missing_lines": [155, 156, 158], "excluded_lines": []}, "PrintToStructlogTransformer.visit_Call": {"executed_lines": [169, 170], "summary": {"covered_lines": 2, "num_statements": 3, "percent_covered": 66.66666666666667, "percent_covered_display": "67", "missing_lines": 1, "excluded_lines": 0}, "missing_lines": [171], "excluded_lines": []}, "PrintToStructlogTransformer.ensure_imports_and_logger": {"executed_lines": [174, 175, 176, 177, 178, 187, 192, 193, 194, 195], "summary": {"covered_lines": 10, "num_statements": 10, "percent_covered": 100.0, "percent_covered_display": "100", "missing_lines": 0, "excluded_lines": 0}, "missing_lines": [], "excluded_lines": []}, "migrate_file": {"executed_lines": [199, 200, 201, 202, 203, 204, 205, 206, 210], "summary": {"covered_lines": 9, "num_statements": 11, "percent_covered": 81.81818181818181, "percent_covered_display": "82", "missing_lines": 2, "excluded_lines": 0}, "missing_lines": [207, 209], "excluded_lines": []}, "migrate_directory": {"executed_lines": [], "summary": {"covered_lines": 0, "num_statements": 30, "percent_covered": 0.0, "percent_covered_display": "0", "missing_lines": 30, "excluded_lines": 0}, "missing_lines": [222, 223, 224, 225, 227, 228, 230, 232, 233, 234, 235, 236, 237, 238, 239, 240, 242, 243, 244, 245, 246, 249, 250, 258, 261, 262, 265, 266, 267, 269], "excluded_lines": []}, "": {"executed_lines": [1, 11, 13, 14, 15, 16, 17, 18, 19, 22, 23, 24, 25, 26, 31, 32, 34, 35, 60, 61, 67, 68, 71, 77, 84, 88, 106, 167, 173, 198, 213], "summary": {"covered_lines": 30, "num_statements": 30, "percent_covered": 100.0, "percent_covered_display": "100", "missing_lines": 0, "excluded_lines": 0}, "missing_lines": [], "excluded_lines": []}}, "classes": {"MigrationResult": {"executed_lines": [], "summary": {"covered_lines": 0, "num_statements": 0, "percent_covered": 100.0, "percent_covered_display": "100", "missing_lines": 0, "excluded_lines": 0}, "missing_lines": [], "excluded_lines": []}, "PrintToStructlogTransformer": {"executed_lines": [37, 42, 43, 44, 45, 46, 47, 48, 49, 50, 51, 52, 54, 55, 56, 58, 62, 63, 64, 65, 69, 72, 73, 74, 75, 107, 108, 115, 116, 117, 118, 124, 127, 132, 133, 134, 135, 136, 137, 141, 142, 143, 144, 145, 150, 151, 154, 160, 165, 169, 170, 174, 175, 176, 177, 178, 187, 192, 193, 194, 195], "summary": {"covered_lines": 61, "num_statements": 78, "percent_covered": 78.2051282051282, "percent_covered_display": "78", "missing_lines": 17, "excluded_lines": 0}, "missing_lines": [57, 78, 79, 80, 81, 82, 86, 90, 91, 101, 102, 103, 104, 155, 156, 158, 171], "excluded_lines": []}, "": {"executed_lines": [1, 11, 13, 14, 15, 16, 17, 18, 19, 22, 23, 24, 25, 26, 31, 32, 34, 35, 60, 61, 67, 68, 71, 77, 84, 88, 106, 167, 173, 198, 199, 200, 201, 202, 203, 204, 205, 206, 210, 213], "summary": {"covered_lines": 39, "num_statements": 71, "percent_covered": 54.929577464788736, "percent_covered_display": "55", "missing_lines": 32, "excluded_lines": 0}, "missing_lines": [207, 209, 222, 223, 224, 225, 227, 228, 230, 232, 233, 234, 235, 236, 237, 238, 239, 240, 242, 243, 244, 245, 246, 249, 250, 258, 261, 262, 265, 266, 267, 269], "excluded_lines": []}}}, "src/nicestlog/cli.py": {"executed_lines": [1, 8, 10, 11, 12, 13, 15, 16, 17, 18, 19, 20, 21, 22, 23, 25, 31, 34, 35, 39, 40, 41, 42, 43, 47, 48, 51, 54, 55, 59, 60, 70, 74, 75, 85, 86, 87, 90, 92, 96, 97, 115, 116, 119, 121, 125, 126, 128, 133, 135, 136, 144, 148, 149, 153, 154, 175, 177, 179, 180, 183, 189, 194, 195, 197, 198, 199, 201, 202, 204, 205, 207, 210, 211, 212, 213, 217, 223, 225, 226, 227, 228, 229, 230, 231, 234, 235, 236, 237, 238, 241, 242, 243, 245, 250, 252, 253, 254, 258, 259, 260, 261, 262, 263, 265, 266, 267, 270, 273, 274, 278, 279, 288, 289, 292, 293, 297, 298, 303, 305, 306, 307, 308, 309, 311, 312, 313, 315, 316, 318, 319, 320, 323, 324, 348, 349, 358, 359, 361, 365, 369, 371, 373, 374, 375, 377, 380, 381, 419, 421, 422, 423, 424, 427, 428, 436, 437, 438, 439, 441, 442, 445, 446, 451, 452, 453, 455, 458, 459, 460, 461, 462, 467, 468, 469, 472, 474, 476, 478, 480, 481, 484, 485, 490, 491, 494, 495, 496, 499, 500, 507, 508, 509, 511, 512, 524, 560, 562, 563, 566, 568, 571, 573, 578, 579, 580, 582, 583, 584, 586, 587, 589, 592, 594, 595, 597, 598, 599, 603, 604, 605, 606, 608, 609, 610, 612, 614, 625, 626, 627, 630, 634, 637, 641, 644, 645, 646, 648, 649, 654, 655, 661, 664, 665, 667, 669, 671, 672, 673, 677, 678, 681, 708, 764, 766, 767, 773, 792, 823, 839, 871, 877, 900, 933, 961, 1006, 1034, 1035, 1079, 1081, 1084, 1086, 1090, 1091, 1093, 1104, 1107, 1114, 1126, 1127, 1140, 1141, 1145, 1166, 1189, 1207, 1209, 1210, 1212, 1213, 1214, 1216, 1224, 1227, 1235, 1238, 1239, 1240, 1242, 1245, 1246, 1249, 1258, 1260, 1262, 1264, 1265, 1266, 1267, 1282, 1284, 1287, 1288, 1289, 1291, 1293, 1294, 1296, 1297, 1298, 1300, 1301, 1302, 1304, 1305, 1312, 1320, 1327, 1335, 1337, 1344, 1345, 1346, 1347, 1349, 1350, 1351, 1352, 1354, 1357, 1359, 1361, 1372, 1373, 1374, 1376, 1377, 1378, 1379, 1380, 1381, 1382, 1383, 1384, 1385, 1387, 1388, 1390, 1391, 1392, 1394, 1397, 1399, 1401, 1402, 1403, 1404, 1405, 1406, 1407, 1408, 1409, 1410, 1411, 1412, 1413, 1414, 1415, 1419, 1420, 1422, 1425, 1427, 1428, 1429, 1430, 1431, 1434, 1436, 1441, 1442, 1444, 1446, 1454, 1462, 1470, 1479, 1490, 1492, 1495, 1496, 1498, 1502, 1503, 1504, 1505, 1506, 1509, 1510, 1512, 1513, 1514, 1515, 1518, 1532, 1538, 1544, 1546, 1547, 1550, 1551, 1554, 1555, 1556, 1557, 1560, 1561, 1562, 1563, 1566, 1568, 1569, 1570, 1573, 1575, 1578, 1580, 1581, 1582, 1583, 1584, 1585, 1588, 1589, 1592, 1593, 1595, 1596, 1598, 1599, 1601, 1604, 1611, 1635, 1647, 1655, 1658, 1659, 1663, 1673, 1676, 1688, 1689, 1690, 1691, 1694, 1706, 1708, 1709, 1718, 1721, 1725, 1731, 1806, 1807, 1809, 1812, 1816, 1817, 1818, 1819, 1820, 1821, 1823, 1826, 1827, 1833, 1836, 1862, 1935, 2001, 2052, 2129, 2131, 2132, 2134, 2136, 2137, 2138, 2139, 2149, 2151, 2154, 2155, 2156, 2158, 2159, 2162, 2163, 2165, 2168, 2174, 2178, 2179, 2184, 2193, 2195, 2198, 2199, 2201, 2202, 2205, 2206, 2209, 2210, 2211, 2212, 2215, 2218, 2219, 2220, 2221, 2224, 2227, 2230, 2240, 2241, 2242, 2245, 2248, 2253, 2254, 2255, 2256, 2259, 2260, 2261, 2262, 2264, 2269, 2272, 2277, 2278, 2279, 2281, 2282, 2283, 2284, 2285, 2289, 2292, 2293, 2294, 2295, 2296, 2298, 2299, 2300, 2304, 2305, 2312, 2314, 2317, 2318, 2319, 2321, 2325, 2328, 2332, 2337, 2340, 2341, 2349, 2352, 2353, 2354, 2355, 2358, 2359, 2360, 2361, 2364, 2365, 2368, 2371, 2374, 2377, 2405, 2407, 2410], "summary": {"covered_lines": 599, "num_statements": 1153, "percent_covered": 51.95143104943625, "percent_covered_display": "52", "missing_lines": 554, "excluded_lines": 0}, "missing_lines": [129, 130, 218, 219, 220, 221, 246, 247, 280, 281, 284, 334, 335, 336, 337, 339, 362, 363, 366, 429, 430, 431, 432, 434, 447, 448, 464, 502, 515, 517, 518, 519, 520, 521, 525, 528, 529, 530, 531, 533, 535, 536, 537, 539, 540, 542, 547, 548, 551, 554, 555, 557, 601, 615, 616, 617, 619, 620, 622, 656, 682, 683, 686, 689, 690, 693, 694, 695, 696, 700, 703, 712, 714, 715, 716, 717, 718, 719, 720, 721, 723, 724, 725, 726, 728, 729, 730, 731, 732, 734, 741, 742, 744, 745, 748, 755, 756, 758, 759, 761, 769, 775, 780, 781, 782, 784, 785, 787, 789, 797, 798, 799, 800, 802, 803, 808, 809, 810, 811, 812, 813, 815, 816, 818, 820, 827, 832, 833, 834, 836, 848, 849, 850, 851, 853, 854, 859, 860, 861, 864, 865, 866, 868, 873, 874, 879, 880, 881, 882, 884, 885, 886, 888, 889, 890, 892, 893, 895, 897, 902, 907, 908, 909, 911, 912, 913, 914, 916, 919, 920, 921, 922, 923, 925, 926, 928, 930, 935, 936, 940, 941, 942, 943, 944, 946, 947, 949, 951, 952, 953, 956, 958, 963, 965, 966, 967, 968, 969, 970, 971, 973, 974, 975, 976, 978, 979, 980, 981, 982, 984, 994, 1003, 1010, 1011, 1013, 1014, 1015, 1016, 1018, 1020, 1021, 1022, 1023, 1025, 1027, 1028, 1095, 1097, 1098, 1099, 1101, 1109, 1110, 1111, 1147, 1148, 1149, 1150, 1151, 1153, 1154, 1155, 1157, 1158, 1160, 1161, 1162, 1163, 1168, 1169, 1170, 1171, 1172, 1173, 1175, 1176, 1183, 1184, 1186, 1191, 1198, 1199, 1201, 1250, 1251, 1252, 1253, 1254, 1255, 1268, 1271, 1272, 1275, 1280, 1307, 1314, 1316, 1318, 1321, 1323, 1324, 1416, 1417, 1499, 1500, 1520, 1522, 1523, 1525, 1526, 1529, 1534, 1535, 1540, 1541, 1606, 1607, 1648, 1649, 1650, 1651, 1652, 1653, 1660, 1661, 1664, 1665, 1666, 1668, 1671, 1695, 1698, 1699, 1702, 1703, 1713, 1722, 1732, 1734, 1737, 1740, 1741, 1742, 1743, 1744, 1745, 1747, 1750, 1751, 1753, 1754, 1757, 1760, 1761, 1763, 1771, 1774, 1775, 1776, 1777, 1778, 1779, 1780, 1782, 1783, 1784, 1788, 1790, 1791, 1792, 1796, 1797, 1798, 1799, 1800, 1801, 1803, 1829, 1830, 1837, 1839, 1847, 1848, 1849, 1850, 1851, 1852, 1853, 1854, 1856, 1857, 1858, 1864, 1865, 1866, 1868, 1869, 1870, 1871, 1872, 1873, 1875, 1878, 1881, 1882, 1883, 1884, 1885, 1887, 1888, 1892, 1894, 1895, 1896, 1897, 1898, 1899, 1901, 1904, 1905, 1907, 1909, 1910, 1912, 1913, 1914, 1915, 1916, 1917, 1919, 1921, 1922, 1923, 1925, 1926, 1927, 1928, 1929, 1930, 1932, 1941, 1942, 1945, 1946, 1951, 1952, 1953, 1955, 1956, 1957, 1958, 1959, 1960, 1962, 1964, 1965, 1966, 1967, 1969, 1974, 1975, 1978, 1979, 1982, 1984, 1985, 1986, 1987, 1989, 1991, 1992, 1993, 1994, 1995, 1996, 1998, 2010, 2011, 2013, 2015, 2016, 2019, 2020, 2021, 2022, 2025, 2026, 2027, 2030, 2033, 2034, 2036, 2038, 2039, 2040, 2042, 2043, 2044, 2045, 2046, 2047, 2049, 2060, 2061, 2062, 2063, 2064, 2065, 2066, 2068, 2069, 2070, 2071, 2073, 2074, 2076, 2078, 2079, 2080, 2081, 2082, 2083, 2085, 2086, 2087, 2089, 2091, 2092, 2093, 2094, 2095, 2098, 2099, 2100, 2102, 2110, 2113, 2114, 2119, 2120, 2122, 2123, 2124, 2126, 2141, 2142, 2143, 2144, 2146, 2169, 2170, 2171, 2175, 2180, 2188, 2231, 2232, 2235, 2236, 2249, 2250, 2251, 2252, 2333, 2381, 2383, 2386, 2387, 2389, 2390, 2392, 2395, 2397, 2411], "excluded_lines": [], "functions": {"tools_generate_service": {"executed_lines": [70], "summary": {"covered_lines": 1, "num_statements": 1, "percent_covered": 100.0, "percent_covered_display": "100", "missing_lines": 0, "excluded_lines": 0}, "missing_lines": [], "excluded_lines": []}, "tools_review": {"executed_lines": [85, 86, 87, 90, 92], "summary": {"covered_lines": 5, "num_statements": 5, "percent_covered": 100.0, "percent_covered_display": "100", "missing_lines": 0, "excluded_lines": 0}, "missing_lines": [], "excluded_lines": []}, "tools_journal": {"executed_lines": [115, 116, 119, 121], "summary": {"covered_lines": 4, "num_statements": 4, "percent_covered": 100.0, "percent_covered_display": "100", "missing_lines": 0, "excluded_lines": 0}, "missing_lines": [], "excluded_lines": []}, "tools_dashboard": {"executed_lines": [144], "summary": {"covered_lines": 1, "num_statements": 1, "percent_covered": 100.0, "percent_covered_display": "100", "missing_lines": 0, "excluded_lines": 0}, "missing_lines": [], "excluded_lines": []}, "i18n_check": {"executed_lines": [175, 177, 179, 180, 183, 189, 194, 195, 197, 198, 199, 201, 202, 204, 205, 207, 210, 211, 212, 213, 217, 223, 225, 226, 227, 228, 229, 230, 231, 234, 235, 236, 237, 238, 241, 242, 243, 245], "summary": {"covered_lines": 38, "num_statements": 44, "percent_covered": 86.36363636363636, "percent_covered_display": "86", "missing_lines": 6, "excluded_lines": 0}, "missing_lines": [218, 219, 220, 221, 246, 247], "excluded_lines": []}, "init_config": {"executed_lines": [252, 253, 254, 258, 259, 260, 261, 262, 263, 265, 266, 267, 270, 273, 274, 278, 279, 288, 289, 292, 293, 297, 298, 303, 305, 306, 307, 308, 309, 311, 312, 313, 315, 316, 318, 319, 320], "summary": {"covered_lines": 37, "num_statements": 40, "percent_covered": 92.5, "percent_covered_display": "92", "missing_lines": 3, "excluded_lines": 0}, "missing_lines": [280, 281, 284], "excluded_lines": []}, "docs": {"executed_lines": [], "summary": {"covered_lines": 0, "num_statements": 5, "percent_covered": 0.0, "percent_covered_display": "0", "missing_lines": 5, "excluded_lines": 0}, "missing_lines": [334, 335, 336, 337, 339], "excluded_lines": []}, "init_config_cmd": {"executed_lines": [358, 359, 361, 365, 369, 371, 373, 374, 375, 377], "summary": {"covered_lines": 10, "num_statements": 13, "percent_covered": 76.92307692307692, "percent_covered_display": "77", "missing_lines": 3, "excluded_lines": 0}, "missing_lines": [362, 363, 366], "excluded_lines": []}, "check": {"executed_lines": [419, 421, 422, 423, 424, 427, 428, 436, 437, 438, 439, 441, 442, 445, 446, 451, 452, 453, 455, 458, 459, 460, 461, 462, 467, 468, 469, 472, 474, 476, 478, 480, 481, 484, 485, 490, 491, 494, 495, 496, 499, 500, 507, 508, 509, 511, 512, 524, 560, 562, 563, 566, 568], "summary": {"covered_lines": 53, "num_statements": 86, "percent_covered": 61.627906976744185, "percent_covered_display": "62", "missing_lines": 33, "excluded_lines": 0}, "missing_lines": [429, 430, 431, 432, 434, 447, 448, 464, 502, 515, 517, 518, 519, 520, 521, 525, 528, 529, 530, 531, 533, 535, 536, 537, 539, 540, 542, 547, 548, 551, 554, 555, 557], "excluded_lines": []}, "_display_check_analysis_result": {"executed_lines": [573, 578, 579, 580, 582, 583, 584, 586, 587, 589, 592, 594, 595, 597, 598, 599, 603, 604, 605, 606, 608, 609, 610, 612, 614, 625, 626, 627, 630, 634], "summary": {"covered_lines": 30, "num_statements": 37, "percent_covered": 81.08108108108108, "percent_covered_display": "81", "missing_lines": 7, "excluded_lines": 0}, "missing_lines": [601, 615, 616, 617, 619, 620, 622], "excluded_lines": []}, "_display_unified_check_analysis": {"executed_lines": [641, 644, 645, 646, 648, 649, 654, 655, 661, 664, 665, 667, 669, 671, 672, 673, 677, 678, 681], "summary": {"covered_lines": 19, "num_statements": 31, "percent_covered": 61.29032258064516, "percent_covered_display": "61", "missing_lines": 12, "excluded_lines": 0}, "missing_lines": [656, 682, 683, 686, 689, 690, 693, 694, 695, 696, 700, 703], "excluded_lines": []}, "_display_check_directory_analysis": {"executed_lines": [], "summary": {"covered_lines": 0, "num_statements": 29, "percent_covered": 0.0, "percent_covered_display": "0", "missing_lines": 29, "excluded_lines": 0}, "missing_lines": [712, 714, 715, 716, 717, 718, 719, 720, 721, 723, 724, 725, 726, 728, 729, 730, 731, 732, 734, 741, 742, 744, 745, 748, 755, 756, 758, 759, 761], "excluded_lines": []}, "_has_ast_issues": {"executed_lines": [766, 767], "summary": {"covered_lines": 2, "num_statements": 3, "percent_covered": 66.66666666666667, "percent_covered_display": "67", "missing_lines": 1, "excluded_lines": 0}, "missing_lines": [769], "excluded_lines": []}, "_analyze_single_file": {"executed_lines": [], "summary": {"covered_lines": 0, "num_statements": 8, "percent_covered": 0.0, "percent_covered_display": "0", "missing_lines": 8, "excluded_lines": 0}, "missing_lines": [775, 780, 781, 782, 784, 785, 787, 789], "excluded_lines": []}, "_analyze_directory": {"executed_lines": [], "summary": {"covered_lines": 0, "num_statements": 16, "percent_covered": 0.0, "percent_covered_display": "0", "missing_lines": 16, "excluded_lines": 0}, "missing_lines": [797, 798, 799, 800, 802, 803, 808, 809, 810, 811, 812, 813, 815, 816, 818, 820], "excluded_lines": []}, "_transform_single_file": {"executed_lines": [], "summary": {"covered_lines": 0, "num_statements": 5, "percent_covered": 0.0, "percent_covered_display": "0", "missing_lines": 5, "excluded_lines": 0}, "missing_lines": [827, 832, 833, 834, 836], "excluded_lines": []}, "_transform_directory": {"executed_lines": [], "summary": {"covered_lines": 0, "num_statements": 13, "percent_covered": 0.0, "percent_covered_display": "0", "missing_lines": 13, "excluded_lines": 0}, "missing_lines": [848, 849, 850, 851, 853, 854, 859, 860, 861, 864, 865, 866, 868], "excluded_lines": []}, "_transform_interactive": {"executed_lines": [], "summary": {"covered_lines": 0, "num_statements": 2, "percent_covered": 0.0, "percent_covered_display": "0", "missing_lines": 2, "excluded_lines": 0}, "missing_lines": [873, 874], "excluded_lines": []}, "_display_patterns": {"executed_lines": [], "summary": {"covered_lines": 0, "num_statements": 14, "percent_covered": 0.0, "percent_covered_display": "0", "missing_lines": 14, "excluded_lines": 0}, "missing_lines": [879, 880, 881, 882, 884, 885, 886, 888, 889, 890, 892, 893, 895, 897], "excluded_lines": []}, "_display_analysis_result": {"executed_lines": [], "summary": {"covered_lines": 0, "num_statements": 18, "percent_covered": 0.0, "percent_covered_display": "0", "missing_lines": 18, "excluded_lines": 0}, "missing_lines": [902, 907, 908, 909, 911, 912, 913, 914, 916, 919, 920, 921, 922, 923, 925, 926, 928, 930], "excluded_lines": []}, "_display_transformation_result": {"executed_lines": [], "summary": {"covered_lines": 0, "num_statements": 15, "percent_covered": 0.0, "percent_covered_display": "0", "missing_lines": 15, "excluded_lines": 0}, "missing_lines": [935, 936, 940, 941, 942, 943, 944, 946, 947, 949, 951, 952, 953, 956, 958], "excluded_lines": []}, "_display_directory_analysis": {"executed_lines": [], "summary": {"covered_lines": 0, "num_statements": 20, "percent_covered": 0.0, "percent_covered_display": "0", "missing_lines": 20, "excluded_lines": 0}, "missing_lines": [963, 965, 966, 967, 968, 969, 970, 971, 973, 974, 975, 976, 978, 979, 980, 981, 982, 984, 994, 1003], "excluded_lines": []}, "_display_directory_transformation": {"executed_lines": [], "summary": {"covered_lines": 0, "num_statements": 14, "percent_covered": 0.0, "percent_covered_display": "0", "missing_lines": 14, "excluded_lines": 0}, "missing_lines": [1010, 1011, 1013, 1014, 1015, 1016, 1018, 1020, 1021, 1022, 1023, 1025, 1027, 1028], "excluded_lines": []}, "migrate": {"executed_lines": [1079, 1081, 1084, 1086, 1090, 1091, 1093, 1104, 1107, 1114], "summary": {"covered_lines": 10, "num_statements": 18, "percent_covered": 55.55555555555556, "percent_covered_display": "56", "missing_lines": 8, "excluded_lines": 0}, "missing_lines": [1095, 1097, 1098, 1099, 1101, 1109, 1110, 1111], "excluded_lines": []}, "tools_demo": {"executed_lines": [1140, 1141], "summary": {"covered_lines": 2, "num_statements": 2, "percent_covered": 100.0, "percent_covered_display": "100", "missing_lines": 0, "excluded_lines": 0}, "missing_lines": [], "excluded_lines": []}, "_show_markdown_files": {"executed_lines": [], "summary": {"covered_lines": 0, "num_statements": 14, "percent_covered": 0.0, "percent_covered_display": "0", "missing_lines": 14, "excluded_lines": 0}, "missing_lines": [1147, 1148, 1149, 1150, 1151, 1153, 1154, 1155, 1157, 1158, 1160, 1161, 1162, 1163], "excluded_lines": []}, "_show_docs_interactive": {"executed_lines": [], "summary": {"covered_lines": 0, "num_statements": 11, "percent_covered": 0.0, "percent_covered_display": "0", "missing_lines": 11, "excluded_lines": 0}, "missing_lines": [1168, 1169, 1170, 1171, 1172, 1173, 1175, 1176, 1183, 1184, 1186], "excluded_lines": []}, "_show_feature_docs": {"executed_lines": [], "summary": {"covered_lines": 0, "num_statements": 4, "percent_covered": 0.0, "percent_covered_display": "0", "missing_lines": 4, "excluded_lines": 0}, "missing_lines": [1191, 1198, 1199, 1201], "excluded_lines": []}, "run_dashboard_cmd": {"executed_lines": [1209, 1210, 1212, 1213, 1214, 1216, 1224], "summary": {"covered_lines": 7, "num_statements": 7, "percent_covered": 100.0, "percent_covered_display": "100", "missing_lines": 0, "excluded_lines": 0}, "missing_lines": [], "excluded_lines": []}, "run_journal_viewer": {"executed_lines": [1235, 1238, 1239, 1240, 1242, 1245, 1246, 1249], "summary": {"covered_lines": 8, "num_statements": 14, "percent_covered": 57.142857142857146, "percent_covered_display": "57", "missing_lines": 6, "excluded_lines": 0}, "missing_lines": [1250, 1251, 1252, 1253, 1254, 1255], "excluded_lines": []}, "run_log_reviewer": {"executed_lines": [1260, 1262, 1264, 1265, 1266, 1267, 1282, 1284, 1287, 1288, 1289, 1291, 1293, 1294, 1296, 1297, 1298, 1300, 1301, 1302, 1304, 1305, 1312, 1320], "summary": {"covered_lines": 24, "num_statements": 36, "percent_covered": 66.66666666666667, "percent_covered_display": "67", "missing_lines": 12, "excluded_lines": 0}, "missing_lines": [1268, 1271, 1272, 1275, 1280, 1307, 1314, 1316, 1318, 1321, 1323, 1324], "excluded_lines": []}, "generate_service_cmd": {"executed_lines": [1335, 1337, 1344, 1345, 1346, 1347, 1349, 1350, 1351, 1352, 1354], "summary": {"covered_lines": 11, "num_statements": 11, "percent_covered": 100.0, "percent_covered_display": "100", "missing_lines": 0, "excluded_lines": 0}, "missing_lines": [], "excluded_lines": []}, "run_demos": {"executed_lines": [1359, 1361, 1372, 1376, 1377, 1378, 1379, 1380, 1381, 1382, 1383, 1384, 1385, 1387, 1388, 1390, 1391, 1392, 1394, 1397, 1399, 1401, 1402, 1403, 1404, 1405, 1406, 1407, 1408, 1409, 1410, 1411, 1412, 1413, 1414, 1415, 1419, 1420, 1422], "summary": {"covered_lines": 39, "num_statements": 41, "percent_covered": 95.1219512195122, "percent_covered_display": "95", "missing_lines": 2, "excluded_lines": 0}, "missing_lines": [1416, 1417], "excluded_lines": []}, "run_demos.print_demo_separator": {"executed_lines": [1373, 1374], "summary": {"covered_lines": 2, "num_statements": 2, "percent_covered": 100.0, "percent_covered_display": "100", "missing_lines": 0, "excluded_lines": 0}, "missing_lines": [], "excluded_lines": []}, "print_demo_header": {"executed_lines": [1427, 1428, 1429, 1430, 1431], "summary": {"covered_lines": 5, "num_statements": 5, "percent_covered": 100.0, "percent_covered_display": "100", "missing_lines": 0, "excluded_lines": 0}, "missing_lines": [], "excluded_lines": []}, "run_basic_demo": {"executed_lines": [1436, 1441, 1442, 1444, 1446, 1454, 1462, 1470, 1479], "summary": {"covered_lines": 9, "num_statements": 9, "percent_covered": 100.0, "percent_covered_display": "100", "missing_lines": 0, "excluded_lines": 0}, "missing_lines": [], "excluded_lines": []}, "run_i18n_demo": {"executed_lines": [1492, 1495, 1496, 1498, 1502, 1503, 1504, 1505, 1506, 1509, 1510, 1512, 1513, 1514, 1515], "summary": {"covered_lines": 15, "num_statements": 17, "percent_covered": 88.23529411764706, "percent_covered_display": "88", "missing_lines": 2, "excluded_lines": 0}, "missing_lines": [1499, 1500], "excluded_lines": []}, "run_pii_demo": {"executed_lines": [], "summary": {"covered_lines": 0, "num_statements": 6, "percent_covered": 0.0, "percent_covered_display": "0", "missing_lines": 6, "excluded_lines": 0}, "missing_lines": [1520, 1522, 1523, 1525, 1526, 1529], "excluded_lines": []}, "run_eliot_demo": {"executed_lines": [], "summary": {"covered_lines": 0, "num_statements": 2, "percent_covered": 0.0, "percent_covered_display": "0", "missing_lines": 2, "excluded_lines": 0}, "missing_lines": [1534, 1535], "excluded_lines": []}, "run_systemd_demo": {"executed_lines": [], "summary": {"covered_lines": 0, "num_statements": 2, "percent_covered": 0.0, "percent_covered_display": "0", "missing_lines": 2, "excluded_lines": 0}, "missing_lines": [1540, 1541], "excluded_lines": []}, "run_async_demo": {"executed_lines": [1546, 1547, 1550, 1551, 1554, 1555, 1556, 1557, 1560, 1561, 1562, 1563, 1566, 1568, 1569, 1570], "summary": {"covered_lines": 16, "num_statements": 16, "percent_covered": 100.0, "percent_covered_display": "100", "missing_lines": 0, "excluded_lines": 0}, "missing_lines": [], "excluded_lines": []}, "run_complete_demo": {"executed_lines": [1575, 1578, 1580, 1581, 1582, 1583, 1584, 1585, 1588, 1589, 1592, 1593, 1595, 1596, 1598, 1599, 1601], "summary": {"covered_lines": 17, "num_statements": 17, "percent_covered": 100.0, "percent_covered_display": "100", "missing_lines": 0, "excluded_lines": 0}, "missing_lines": [], "excluded_lines": []}, "run_lint_demo": {"executed_lines": [], "summary": {"covered_lines": 0, "num_statements": 2, "percent_covered": 0.0, "percent_covered_display": "0", "missing_lines": 2, "excluded_lines": 0}, "missing_lines": [1606, 1607], "excluded_lines": []}, "run_migrate_command": {"executed_lines": [1647, 1655, 1658, 1659, 1663, 1673, 1676, 1688, 1689, 1690, 1691, 1694, 1706, 1708, 1709, 1718, 1721], "summary": {"covered_lines": 17, "num_statements": 37, "percent_covered": 45.945945945945944, "percent_covered_display": "46", "missing_lines": 20, "excluded_lines": 0}, "missing_lines": [1648, 1649, 1650, 1651, 1652, 1653, 1660, 1661, 1664, 1665, 1666, 1668, 1671, 1695, 1698, 1699, 1702, 1703, 1713, 1722], "excluded_lines": []}, "migrate_single_file": {"executed_lines": [1731, 1806, 1807, 1809, 1812, 1816, 1817, 1818, 1819, 1820, 1821, 1823, 1826, 1827, 1833, 1836, 1862], "summary": {"covered_lines": 17, "num_statements": 108, "percent_covered": 15.74074074074074, "percent_covered_display": "16", "missing_lines": 91, "excluded_lines": 0}, "missing_lines": [1732, 1734, 1737, 1740, 1741, 1747, 1750, 1751, 1753, 1754, 1757, 1760, 1761, 1763, 1771, 1774, 1775, 1776, 1777, 1778, 1779, 1780, 1782, 1783, 1784, 1788, 1790, 1791, 1792, 1796, 1797, 1798, 1799, 1800, 1801, 1803, 1829, 1830, 1837, 1839, 1847, 1848, 1849, 1850, 1851, 1852, 1853, 1854, 1856, 1857, 1858, 1864, 1865, 1866, 1868, 1869, 1870, 1871, 1872, 1873, 1875, 1878, 1881, 1882, 1883, 1884, 1885, 1887, 1888, 1892, 1894, 1895, 1901, 1904, 1905, 1907, 1909, 1910, 1912, 1913, 1919, 1921, 1922, 1923, 1925, 1926, 1927, 1928, 1929, 1930, 1932], "excluded_lines": []}, "migrate_single_file.CLIOutputMigrationResult.__init__": {"executed_lines": [], "summary": {"covered_lines": 0, "num_statements": 4, "percent_covered": 0.0, "percent_covered_display": "0", "missing_lines": 4, "excluded_lines": 0}, "missing_lines": [1742, 1743, 1744, 1745], "excluded_lines": []}, "migrate_single_file.ASTPatternResult.__init__": {"executed_lines": [], "summary": {"covered_lines": 0, "num_statements": 4, "percent_covered": 0.0, "percent_covered_display": "0", "missing_lines": 4, "excluded_lines": 0}, "missing_lines": [1896, 1897, 1898, 1899], "excluded_lines": []}, "migrate_single_file.ASTTransformResult.__init__": {"executed_lines": [], "summary": {"covered_lines": 0, "num_statements": 4, "percent_covered": 0.0, "percent_covered_display": "0", "missing_lines": 4, "excluded_lines": 0}, "missing_lines": [1914, 1915, 1916, 1917], "excluded_lines": []}, "migrate_directory_recursive": {"executed_lines": [], "summary": {"covered_lines": 0, "num_statements": 28, "percent_covered": 0.0, "percent_covered_display": "0", "missing_lines": 28, "excluded_lines": 0}, "missing_lines": [1941, 1942, 1945, 1946, 1951, 1952, 1953, 1955, 1956, 1962, 1964, 1965, 1966, 1967, 1969, 1974, 1975, 1978, 1979, 1982, 1984, 1985, 1986, 1987, 1989, 1991, 1992, 1998], "excluded_lines": []}, "migrate_directory_recursive.DirectoryMigrationResult.__init__": {"executed_lines": [], "summary": {"covered_lines": 0, "num_statements": 4, "percent_covered": 0.0, "percent_covered_display": "0", "missing_lines": 4, "excluded_lines": 0}, "missing_lines": [1957, 1958, 1959, 1960], "excluded_lines": []}, "migrate_directory_recursive.DirectoryRecursiveResult.__init__": {"executed_lines": [], "summary": {"covered_lines": 0, "num_statements": 4, "percent_covered": 0.0, "percent_covered_display": "0", "missing_lines": 4, "excluded_lines": 0}, "missing_lines": [1993, 1994, 1995, 1996], "excluded_lines": []}, "run_interactive_migration": {"executed_lines": [], "summary": {"covered_lines": 0, "num_statements": 22, "percent_covered": 0.0, "percent_covered_display": "0", "missing_lines": 22, "excluded_lines": 0}, "missing_lines": [2010, 2011, 2013, 2015, 2016, 2019, 2020, 2021, 2022, 2025, 2026, 2036, 2038, 2039, 2040, 2042, 2043, 2044, 2045, 2046, 2047, 2049], "excluded_lines": []}, "run_interactive_migration.InteractiveMigrationResult.__init__": {"executed_lines": [], "summary": {"covered_lines": 0, "num_statements": 4, "percent_covered": 0.0, "percent_covered_display": "0", "missing_lines": 4, "excluded_lines": 0}, "missing_lines": [2027, 2030, 2033, 2034], "excluded_lines": []}, "migrate_directory_with_handler": {"executed_lines": [], "summary": {"covered_lines": 0, "num_statements": 37, "percent_covered": 0.0, "percent_covered_display": "0", "missing_lines": 37, "excluded_lines": 0}, "missing_lines": [2060, 2061, 2068, 2069, 2070, 2071, 2073, 2074, 2076, 2078, 2079, 2080, 2081, 2082, 2083, 2085, 2086, 2087, 2089, 2091, 2092, 2093, 2094, 2095, 2098, 2099, 2100, 2102, 2110, 2113, 2114, 2119, 2120, 2122, 2123, 2124, 2126], "excluded_lines": []}, "migrate_directory_with_handler.HandlerMigrationResult.__init__": {"executed_lines": [], "summary": {"covered_lines": 0, "num_statements": 5, "percent_covered": 0.0, "percent_covered_display": "0", "missing_lines": 5, "excluded_lines": 0}, "missing_lines": [2062, 2063, 2064, 2065, 2066], "excluded_lines": []}, "create_migration_backup": {"executed_lines": [2131, 2132, 2134, 2136, 2137, 2138, 2139], "summary": {"covered_lines": 7, "num_statements": 12, "percent_covered": 58.333333333333336, "percent_covered_display": "58", "missing_lines": 5, "excluded_lines": 0}, "missing_lines": [2141, 2142, 2143, 2144, 2146], "excluded_lines": []}, "show_migration_report": {"executed_lines": [2151, 2154, 2155, 2156, 2158, 2159, 2162, 2163, 2165, 2168, 2174, 2178, 2179, 2184], "summary": {"covered_lines": 14, "num_statements": 20, "percent_covered": 70.0, "percent_covered_display": "70", "missing_lines": 6, "excluded_lines": 0}, "missing_lines": [2169, 2170, 2171, 2175, 2180, 2188], "excluded_lines": []}, "_display_next_steps_guidance": {"executed_lines": [2195, 2198, 2199, 2201, 2202, 2205, 2206, 2209, 2210, 2211, 2212, 2215, 2218, 2219, 2220, 2221, 2224, 2227, 2230, 2240, 2241, 2242, 2245, 2248, 2253, 2254, 2255, 2256, 2259, 2260, 2261, 2262, 2264], "summary": {"covered_lines": 33, "num_statements": 41, "percent_covered": 80.48780487804878, "percent_covered_display": "80", "missing_lines": 8, "excluded_lines": 0}, "missing_lines": [2231, 2232, 2235, 2236, 2249, 2250, 2251, 2252], "excluded_lines": []}, "_display_project_analysis": {"executed_lines": [2272, 2277, 2278, 2279, 2281, 2282, 2283, 2284, 2285, 2289, 2292, 2293, 2294, 2295, 2296, 2298, 2299, 2300, 2304, 2305, 2312, 2314, 2317, 2318, 2319, 2321, 2325, 2328, 2332, 2337, 2340, 2341, 2349, 2352, 2353, 2354, 2355, 2358, 2359, 2360, 2361, 2364, 2365, 2368, 2371, 2374], "summary": {"covered_lines": 46, "num_statements": 47, "percent_covered": 97.87234042553192, "percent_covered_display": "98", "missing_lines": 1, "excluded_lines": 0}, "missing_lines": [2333], "excluded_lines": []}, "_configure_logging_focused_patterns": {"executed_lines": [], "summary": {"covered_lines": 0, "num_statements": 9, "percent_covered": 0.0, "percent_covered_display": "0", "missing_lines": 9, "excluded_lines": 0}, "missing_lines": [2381, 2383, 2386, 2387, 2389, 2390, 2392, 2395, 2397], "excluded_lines": []}, "main": {"executed_lines": [2407], "summary": {"covered_lines": 1, "num_statements": 1, "percent_covered": 100.0, "percent_covered_display": "100", "missing_lines": 0, "excluded_lines": 0}, "missing_lines": [], "excluded_lines": []}, "": {"executed_lines": [1, 8, 10, 11, 12, 13, 15, 16, 17, 18, 19, 20, 21, 22, 23, 25, 31, 34, 35, 39, 40, 41, 42, 43, 47, 48, 51, 54, 55, 59, 60, 74, 75, 96, 97, 125, 126, 128, 133, 135, 136, 148, 149, 153, 154, 250, 323, 324, 348, 349, 380, 381, 571, 637, 708, 764, 773, 792, 823, 839, 871, 877, 900, 933, 961, 1006, 1034, 1035, 1126, 1127, 1145, 1166, 1189, 1207, 1227, 1258, 1327, 1357, 1425, 1434, 1490, 1518, 1532, 1538, 1544, 1573, 1604, 1611, 1635, 1725, 1935, 2001, 2052, 2129, 2149, 2193, 2269, 2377, 2405, 2410], "summary": {"covered_lines": 99, "num_statements": 102, "percent_covered": 97.05882352941177, "percent_covered_display": "97", "missing_lines": 3, "excluded_lines": 0}, "missing_lines": [129, 130, 2411], "excluded_lines": []}}, "classes": {"MigrationResultProtocol": {"executed_lines": [], "summary": {"covered_lines": 0, "num_statements": 0, "percent_covered": 100.0, "percent_covered_display": "100", "missing_lines": 0, "excluded_lines": 0}, "missing_lines": [], "excluded_lines": []}, "migrate_single_file.CLIOutputMigrationResult": {"executed_lines": [], "summary": {"covered_lines": 0, "num_statements": 4, "percent_covered": 0.0, "percent_covered_display": "0", "missing_lines": 4, "excluded_lines": 0}, "missing_lines": [1742, 1743, 1744, 1745], "excluded_lines": []}, "migrate_single_file.ASTPatternResult": {"executed_lines": [], "summary": {"covered_lines": 0, "num_statements": 4, "percent_covered": 0.0, "percent_covered_display": "0", "missing_lines": 4, "excluded_lines": 0}, "missing_lines": [1896, 1897, 1898, 1899], "excluded_lines": []}, "migrate_single_file.ASTTransformResult": {"executed_lines": [], "summary": {"covered_lines": 0, "num_statements": 4, "percent_covered": 0.0, "percent_covered_display": "0", "missing_lines": 4, "excluded_lines": 0}, "missing_lines": [1914, 1915, 1916, 1917], "excluded_lines": []}, "migrate_directory_recursive.DirectoryMigrationResult": {"executed_lines": [], "summary": {"covered_lines": 0, "num_statements": 4, "percent_covered": 0.0, "percent_covered_display": "0", "missing_lines": 4, "excluded_lines": 0}, "missing_lines": [1957, 1958, 1959, 1960], "excluded_lines": []}, "migrate_directory_recursive.DirectoryRecursiveResult": {"executed_lines": [], "summary": {"covered_lines": 0, "num_statements": 4, "percent_covered": 0.0, "percent_covered_display": "0", "missing_lines": 4, "excluded_lines": 0}, "missing_lines": [1993, 1994, 1995, 1996], "excluded_lines": []}, "run_interactive_migration.InteractiveMigrationResult": {"executed_lines": [], "summary": {"covered_lines": 0, "num_statements": 4, "percent_covered": 0.0, "percent_covered_display": "0", "missing_lines": 4, "excluded_lines": 0}, "missing_lines": [2027, 2030, 2033, 2034], "excluded_lines": []}, "migrate_directory_with_handler.HandlerMigrationResult": {"executed_lines": [], "summary": {"covered_lines": 0, "num_statements": 5, "percent_covered": 0.0, "percent_covered_display": "0", "missing_lines": 5, "excluded_lines": 0}, "missing_lines": [2062, 2063, 2064, 2065, 2066], "excluded_lines": []}, "": {"executed_lines": [1, 8, 10, 11, 12, 13, 15, 16, 17, 18, 19, 20, 21, 22, 23, 25, 31, 34, 35, 39, 40, 41, 42, 43, 47, 48, 51, 54, 55, 59, 60, 70, 74, 75, 85, 86, 87, 90, 92, 96, 97, 115, 116, 119, 121, 125, 126, 128, 133, 135, 136, 144, 148, 149, 153, 154, 175, 177, 179, 180, 183, 189, 194, 195, 197, 198, 199, 201, 202, 204, 205, 207, 210, 211, 212, 213, 217, 223, 225, 226, 227, 228, 229, 230, 231, 234, 235, 236, 237, 238, 241, 242, 243, 245, 250, 252, 253, 254, 258, 259, 260, 261, 262, 263, 265, 266, 267, 270, 273, 274, 278, 279, 288, 289, 292, 293, 297, 298, 303, 305, 306, 307, 308, 309, 311, 312, 313, 315, 316, 318, 319, 320, 323, 324, 348, 349, 358, 359, 361, 365, 369, 371, 373, 374, 375, 377, 380, 381, 419, 421, 422, 423, 424, 427, 428, 436, 437, 438, 439, 441, 442, 445, 446, 451, 452, 453, 455, 458, 459, 460, 461, 462, 467, 468, 469, 472, 474, 476, 478, 480, 481, 484, 485, 490, 491, 494, 495, 496, 499, 500, 507, 508, 509, 511, 512, 524, 560, 562, 563, 566, 568, 571, 573, 578, 579, 580, 582, 583, 584, 586, 587, 589, 592, 594, 595, 597, 598, 599, 603, 604, 605, 606, 608, 609, 610, 612, 614, 625, 626, 627, 630, 634, 637, 641, 644, 645, 646, 648, 649, 654, 655, 661, 664, 665, 667, 669, 671, 672, 673, 677, 678, 681, 708, 764, 766, 767, 773, 792, 823, 839, 871, 877, 900, 933, 961, 1006, 1034, 1035, 1079, 1081, 1084, 1086, 1090, 1091, 1093, 1104, 1107, 1114, 1126, 1127, 1140, 1141, 1145, 1166, 1189, 1207, 1209, 1210, 1212, 1213, 1214, 1216, 1224, 1227, 1235, 1238, 1239, 1240, 1242, 1245, 1246, 1249, 1258, 1260, 1262, 1264, 1265, 1266, 1267, 1282, 1284, 1287, 1288, 1289, 1291, 1293, 1294, 1296, 1297, 1298, 1300, 1301, 1302, 1304, 1305, 1312, 1320, 1327, 1335, 1337, 1344, 1345, 1346, 1347, 1349, 1350, 1351, 1352, 1354, 1357, 1359, 1361, 1372, 1373, 1374, 1376, 1377, 1378, 1379, 1380, 1381, 1382, 1383, 1384, 1385, 1387, 1388, 1390, 1391, 1392, 1394, 1397, 1399, 1401, 1402, 1403, 1404, 1405, 1406, 1407, 1408, 1409, 1410, 1411, 1412, 1413, 1414, 1415, 1419, 1420, 1422, 1425, 1427, 1428, 1429, 1430, 1431, 1434, 1436, 1441, 1442, 1444, 1446, 1454, 1462, 1470, 1479, 1490, 1492, 1495, 1496, 1498, 1502, 1503, 1504, 1505, 1506, 1509, 1510, 1512, 1513, 1514, 1515, 1518, 1532, 1538, 1544, 1546, 1547, 1550, 1551, 1554, 1555, 1556, 1557, 1560, 1561, 1562, 1563, 1566, 1568, 1569, 1570, 1573, 1575, 1578, 1580, 1581, 1582, 1583, 1584, 1585, 1588, 1589, 1592, 1593, 1595, 1596, 1598, 1599, 1601, 1604, 1611, 1635, 1647, 1655, 1658, 1659, 1663, 1673, 1676, 1688, 1689, 1690, 1691, 1694, 1706, 1708, 1709, 1718, 1721, 1725, 1731, 1806, 1807, 1809, 1812, 1816, 1817, 1818, 1819, 1820, 1821, 1823, 1826, 1827, 1833, 1836, 1862, 1935, 2001, 2052, 2129, 2131, 2132, 2134, 2136, 2137, 2138, 2139, 2149, 2151, 2154, 2155, 2156, 2158, 2159, 2162, 2163, 2165, 2168, 2174, 2178, 2179, 2184, 2193, 2195, 2198, 2199, 2201, 2202, 2205, 2206, 2209, 2210, 2211, 2212, 2215, 2218, 2219, 2220, 2221, 2224, 2227, 2230, 2240, 2241, 2242, 2245, 2248, 2253, 2254, 2255, 2256, 2259, 2260, 2261, 2262, 2264, 2269, 2272, 2277, 2278, 2279, 2281, 2282, 2283, 2284, 2285, 2289, 2292, 2293, 2294, 2295, 2296, 2298, 2299, 2300, 2304, 2305, 2312, 2314, 2317, 2318, 2319, 2321, 2325, 2328, 2332, 2337, 2340, 2341, 2349, 2352, 2353, 2354, 2355, 2358, 2359, 2360, 2361, 2364, 2365, 2368, 2371, 2374, 2377, 2405, 2407, 2410], "summary": {"covered_lines": 599, "num_statements": 1124, "percent_covered": 53.29181494661922, "percent_covered_display": "53", "missing_lines": 525, "excluded_lines": 0}, "missing_lines": [129, 130, 218, 219, 220, 221, 246, 247, 280, 281, 284, 334, 335, 336, 337, 339, 362, 363, 366, 429, 430, 431, 432, 434, 447, 448, 464, 502, 515, 517, 518, 519, 520, 521, 525, 528, 529, 530, 531, 533, 535, 536, 537, 539, 540, 542, 547, 548, 551, 554, 555, 557, 601, 615, 616, 617, 619, 620, 622, 656, 682, 683, 686, 689, 690, 693, 694, 695, 696, 700, 703, 712, 714, 715, 716, 717, 718, 719, 720, 721, 723, 724, 725, 726, 728, 729, 730, 731, 732, 734, 741, 742, 744, 745, 748, 755, 756, 758, 759, 761, 769, 775, 780, 781, 782, 784, 785, 787, 789, 797, 798, 799, 800, 802, 803, 808, 809, 810, 811, 812, 813, 815, 816, 818, 820, 827, 832, 833, 834, 836, 848, 849, 850, 851, 853, 854, 859, 860, 861, 864, 865, 866, 868, 873, 874, 879, 880, 881, 882, 884, 885, 886, 888, 889, 890, 892, 893, 895, 897, 902, 907, 908, 909, 911, 912, 913, 914, 916, 919, 920, 921, 922, 923, 925, 926, 928, 930, 935, 936, 940, 941, 942, 943, 944, 946, 947, 949, 951, 952, 953, 956, 958, 963, 965, 966, 967, 968, 969, 970, 971, 973, 974, 975, 976, 978, 979, 980, 981, 982, 984, 994, 1003, 1010, 1011, 1013, 1014, 1015, 1016, 1018, 1020, 1021, 1022, 1023, 1025, 1027, 1028, 1095, 1097, 1098, 1099, 1101, 1109, 1110, 1111, 1147, 1148, 1149, 1150, 1151, 1153, 1154, 1155, 1157, 1158, 1160, 1161, 1162, 1163, 1168, 1169, 1170, 1171, 1172, 1173, 1175, 1176, 1183, 1184, 1186, 1191, 1198, 1199, 1201, 1250, 1251, 1252, 1253, 1254, 1255, 1268, 1271, 1272, 1275, 1280, 1307, 1314, 1316, 1318, 1321, 1323, 1324, 1416, 1417, 1499, 1500, 1520, 1522, 1523, 1525, 1526, 1529, 1534, 1535, 1540, 1541, 1606, 1607, 1648, 1649, 1650, 1651, 1652, 1653, 1660, 1661, 1664, 1665, 1666, 1668, 1671, 1695, 1698, 1699, 1702, 1703, 1713, 1722, 1732, 1734, 1737, 1740, 1741, 1747, 1750, 1751, 1753, 1754, 1757, 1760, 1761, 1763, 1771, 1774, 1775, 1776, 1777, 1778, 1779, 1780, 1782, 1783, 1784, 1788, 1790, 1791, 1792, 1796, 1797, 1798, 1799, 1800, 1801, 1803, 1829, 1830, 1837, 1839, 1847, 1848, 1849, 1850, 1851, 1852, 1853, 1854, 1856, 1857, 1858, 1864, 1865, 1866, 1868, 1869, 1870, 1871, 1872, 1873, 1875, 1878, 1881, 1882, 1883, 1884, 1885, 1887, 1888, 1892, 1894, 1895, 1901, 1904, 1905, 1907, 1909, 1910, 1912, 1913, 1919, 1921, 1922, 1923, 1925, 1926, 1927, 1928, 1929, 1930, 1932, 1941, 1942, 1945, 1946, 1951, 1952, 1953, 1955, 1956, 1962, 1964, 1965, 1966, 1967, 1969, 1974, 1975, 1978, 1979, 1982, 1984, 1985, 1986, 1987, 1989, 1991, 1992, 1998, 2010, 2011, 2013, 2015, 2016, 2019, 2020, 2021, 2022, 2025, 2026, 2036, 2038, 2039, 2040, 2042, 2043, 2044, 2045, 2046, 2047, 2049, 2060, 2061, 2068, 2069, 2070, 2071, 2073, 2074, 2076, 2078, 2079, 2080, 2081, 2082, 2083, 2085, 2086, 2087, 2089, 2091, 2092, 2093, 2094, 2095, 2098, 2099, 2100, 2102, 2110, 2113, 2114, 2119, 2120, 2122, 2123, 2124, 2126, 2141, 2142, 2143, 2144, 2146, 2169, 2170, 2171, 2175, 2180, 2188, 2231, 2232, 2235, 2236, 2249, 2250, 2251, 2252, 2333, 2381, 2383, 2386, 2387, 2389, 2390, 2392, 2395, 2397, 2411], "excluded_lines": []}}}, "src/nicestlog/cli_output_transformer.py": {"executed_lines": [1, 9, 11, 12, 13, 14, 15, 18, 19, 20, 22, 23, 24, 25, 26, 27, 28, 31, 32, 34, 36, 55, 56, 80, 81, 88, 89, 93, 102, 112, 145, 205, 243, 268, 291, 320, 336, 360, 375, 381, 391, 484, 493, 533, 551], "summary": {"covered_lines": 42, "num_statements": 238, "percent_covered": 17.647058823529413, "percent_covered_display": "18", "missing_lines": 196, "excluded_lines": 0}, "missing_lines": [37, 38, 39, 40, 41, 44, 53, 58, 63, 64, 65, 66, 67, 68, 69, 70, 71, 72, 73, 74, 75, 76, 77, 78, 83, 84, 85, 86, 91, 95, 96, 97, 98, 99, 100, 104, 105, 106, 109, 110, 115, 116, 126, 127, 128, 131, 132, 139, 140, 141, 143, 149, 155, 158, 164, 167, 173, 176, 182, 185, 190, 193, 201, 203, 207, 216, 217, 220, 221, 226, 227, 228, 229, 230, 231, 232, 233, 234, 235, 236, 237, 238, 239, 241, 245, 254, 255, 258, 259, 264, 266, 270, 279, 280, 283, 284, 285, 286, 287, 289, 293, 302, 303, 306, 307, 312, 313, 314, 315, 316, 318, 322, 331, 332, 334, 338, 346, 355, 356, 358, 362, 363, 364, 366, 372, 373, 377, 378, 379, 383, 385, 386, 387, 389, 393, 396, 403, 404, 405, 407, 413, 416, 417, 421, 422, 427, 430, 433, 436, 441, 444, 452, 453, 454, 461, 466, 467, 470, 471, 472, 474, 476, 482, 486, 487, 488, 489, 491, 495, 497, 498, 500, 501, 510, 516, 518, 519, 525, 527, 528, 530, 535, 536, 537, 538, 539, 540, 542, 543, 544, 546, 548, 553, 554, 555, 556], "excluded_lines": [], "functions": {"CLIOutputToStructlogTransformer.__init__": {"executed_lines": [], "summary": {"covered_lines": 0, "num_statements": 7, "percent_covered": 0.0, "percent_covered_display": "0", "missing_lines": 7, "excluded_lines": 0}, "missing_lines": [37, 38, 39, 40, 41, 44, 53], "excluded_lines": []}, "CLIOutputToStructlogTransformer.slugify": {"executed_lines": [], "summary": {"covered_lines": 0, "num_statements": 17, "percent_covered": 0.0, "percent_covered_display": "0", "missing_lines": 17, "excluded_lines": 0}, "missing_lines": [58, 63, 64, 65, 66, 67, 68, 69, 70, 71, 72, 73, 74, 75, 76, 77, 78], "excluded_lines": []}, "CLIOutputToStructlogTransformer.derive_event_from_literal": {"executed_lines": [], "summary": {"covered_lines": 0, "num_statements": 4, "percent_covered": 0.0, "percent_covered_display": "0", "missing_lines": 4, "excluded_lines": 0}, "missing_lines": [83, 84, 85, 86], "excluded_lines": []}, "CLIOutputToStructlogTransformer.is_simple_event": {"executed_lines": [], "summary": {"covered_lines": 0, "num_statements": 1, "percent_covered": 0.0, "percent_covered_display": "0", "missing_lines": 1, "excluded_lines": 0}, "missing_lines": [91], "excluded_lines": []}, "CLIOutputToStructlogTransformer.visit_Import": {"executed_lines": [], "summary": {"covered_lines": 0, "num_statements": 6, "percent_covered": 0.0, "percent_covered_display": "0", "missing_lines": 6, "excluded_lines": 0}, "missing_lines": [95, 96, 97, 98, 99, 100], "excluded_lines": []}, "CLIOutputToStructlogTransformer.visit_ImportFrom": {"executed_lines": [], "summary": {"covered_lines": 0, "num_statements": 5, "percent_covered": 0.0, "percent_covered_display": "0", "missing_lines": 5, "excluded_lines": 0}, "missing_lines": [104, 105, 106, 109, 110], "excluded_lines": []}, "CLIOutputToStructlogTransformer.visit_Assign": {"executed_lines": [], "summary": {"covered_lines": 0, "num_statements": 11, "percent_covered": 0.0, "percent_covered_display": "0", "missing_lines": 11, "excluded_lines": 0}, "missing_lines": [115, 116, 126, 127, 128, 131, 132, 139, 140, 141, 143], "excluded_lines": []}, "CLIOutputToStructlogTransformer.detect_cli_output_call": {"executed_lines": [], "summary": {"covered_lines": 0, "num_statements": 13, "percent_covered": 0.0, "percent_covered_display": "0", "missing_lines": 13, "excluded_lines": 0}, "missing_lines": [149, 155, 158, 164, 167, 173, 176, 182, 185, 190, 193, 201, 203], "excluded_lines": []}, "CLIOutputToStructlogTransformer._analyze_typer_echo": {"executed_lines": [], "summary": {"covered_lines": 0, "num_statements": 20, "percent_covered": 0.0, "percent_covered_display": "0", "missing_lines": 20, "excluded_lines": 0}, "missing_lines": [207, 216, 217, 220, 221, 226, 227, 228, 229, 230, 231, 232, 233, 234, 235, 236, 237, 238, 239, 241], "excluded_lines": []}, "CLIOutputToStructlogTransformer._analyze_click_echo": {"executed_lines": [], "summary": {"covered_lines": 0, "num_statements": 7, "percent_covered": 0.0, "percent_covered_display": "0", "missing_lines": 7, "excluded_lines": 0}, "missing_lines": [245, 254, 255, 258, 259, 264, 266], "excluded_lines": []}, "CLIOutputToStructlogTransformer._analyze_rich_print": {"executed_lines": [], "summary": {"covered_lines": 0, "num_statements": 9, "percent_covered": 0.0, "percent_covered_display": "0", "missing_lines": 9, "excluded_lines": 0}, "missing_lines": [270, 279, 280, 283, 284, 285, 286, 287, 289], "excluded_lines": []}, "CLIOutputToStructlogTransformer._analyze_rich_console_print": {"executed_lines": [], "summary": {"covered_lines": 0, "num_statements": 11, "percent_covered": 0.0, "percent_covered_display": "0", "missing_lines": 11, "excluded_lines": 0}, "missing_lines": [293, 302, 303, 306, 307, 312, 313, 314, 315, 316, 318], "excluded_lines": []}, "CLIOutputToStructlogTransformer._analyze_argparse_error": {"executed_lines": [], "summary": {"covered_lines": 0, "num_statements": 4, "percent_covered": 0.0, "percent_covered_display": "0", "missing_lines": 4, "excluded_lines": 0}, "missing_lines": [322, 331, 332, 334], "excluded_lines": []}, "CLIOutputToStructlogTransformer._analyze_sys_write": {"executed_lines": [], "summary": {"covered_lines": 0, "num_statements": 5, "percent_covered": 0.0, "percent_covered_display": "0", "missing_lines": 5, "excluded_lines": 0}, "missing_lines": [338, 346, 355, 356, 358], "excluded_lines": []}, "CLIOutputToStructlogTransformer._extract_color_value": {"executed_lines": [], "summary": {"covered_lines": 0, "num_statements": 6, "percent_covered": 0.0, "percent_covered_display": "0", "missing_lines": 6, "excluded_lines": 0}, "missing_lines": [362, 363, 364, 366, 372, 373], "excluded_lines": []}, "CLIOutputToStructlogTransformer._extract_string_value": {"executed_lines": [], "summary": {"covered_lines": 0, "num_statements": 3, "percent_covered": 0.0, "percent_covered_display": "0", "missing_lines": 3, "excluded_lines": 0}, "missing_lines": [377, 378, 379], "excluded_lines": []}, "CLIOutputToStructlogTransformer.visit_Call": {"executed_lines": [], "summary": {"covered_lines": 0, "num_statements": 5, "percent_covered": 0.0, "percent_covered_display": "0", "missing_lines": 5, "excluded_lines": 0}, "missing_lines": [383, 385, 386, 387, 389], "excluded_lines": []}, "CLIOutputToStructlogTransformer._transform_cli_call_to_structlog": {"executed_lines": [], "summary": {"covered_lines": 0, "num_statements": 29, "percent_covered": 0.0, "percent_covered_display": "0", "missing_lines": 29, "excluded_lines": 0}, "missing_lines": [393, 396, 403, 404, 405, 407, 413, 416, 417, 421, 422, 427, 430, 433, 436, 441, 444, 452, 453, 454, 461, 466, 467, 470, 471, 472, 474, 476, 482], "excluded_lines": []}, "CLIOutputToStructlogTransformer._determine_log_level": {"executed_lines": [], "summary": {"covered_lines": 0, "num_statements": 5, "percent_covered": 0.0, "percent_covered_display": "0", "missing_lines": 5, "excluded_lines": 0}, "missing_lines": [486, 487, 488, 489, 491], "excluded_lines": []}, "CLIOutputToStructlogTransformer.ensure_imports_and_logger": {"executed_lines": [], "summary": {"covered_lines": 0, "num_statements": 13, "percent_covered": 0.0, "percent_covered_display": "0", "missing_lines": 13, "excluded_lines": 0}, "missing_lines": [495, 497, 498, 500, 501, 510, 516, 518, 519, 525, 527, 528, 530], "excluded_lines": []}, "migrate_cli_outputs_file": {"executed_lines": [], "summary": {"covered_lines": 0, "num_statements": 11, "percent_covered": 0.0, "percent_covered_display": "0", "missing_lines": 11, "excluded_lines": 0}, "missing_lines": [535, 536, 537, 538, 539, 540, 542, 543, 544, 546, 548], "excluded_lines": []}, "analyze_cli_outputs_in_file": {"executed_lines": [], "summary": {"covered_lines": 0, "num_statements": 4, "percent_covered": 0.0, "percent_covered_display": "0", "missing_lines": 4, "excluded_lines": 0}, "missing_lines": [553, 554, 555, 556], "excluded_lines": []}, "": {"executed_lines": [1, 9, 11, 12, 13, 14, 15, 18, 19, 20, 22, 23, 24, 25, 26, 27, 28, 31, 32, 34, 36, 55, 56, 80, 81, 88, 89, 93, 102, 112, 145, 205, 243, 268, 291, 320, 336, 360, 375, 381, 391, 484, 493, 533, 551], "summary": {"covered_lines": 42, "num_statements": 42, "percent_covered": 100.0, "percent_covered_display": "100", "missing_lines": 0, "excluded_lines": 0}, "missing_lines": [], "excluded_lines": []}}, "classes": {"CLIOutputCall": {"executed_lines": [], "summary": {"covered_lines": 0, "num_statements": 0, "percent_covered": 100.0, "percent_covered_display": "100", "missing_lines": 0, "excluded_lines": 0}, "missing_lines": [], "excluded_lines": []}, "CLIOutputToStructlogTransformer": {"executed_lines": [], "summary": {"covered_lines": 0, "num_statements": 181, "percent_covered": 0.0, "percent_covered_display": "0", "missing_lines": 181, "excluded_lines": 0}, "missing_lines": [37, 38, 39, 40, 41, 44, 53, 58, 63, 64, 65, 66, 67, 68, 69, 70, 71, 72, 73, 74, 75, 76, 77, 78, 83, 84, 85, 86, 91, 95, 96, 97, 98, 99, 100, 104, 105, 106, 109, 110, 115, 116, 126, 127, 128, 131, 132, 139, 140, 141, 143, 149, 155, 158, 164, 167, 173, 176, 182, 185, 190, 193, 201, 203, 207, 216, 217, 220, 221, 226, 227, 228, 229, 230, 231, 232, 233, 234, 235, 236, 237, 238, 239, 241, 245, 254, 255, 258, 259, 264, 266, 270, 279, 280, 283, 284, 285, 286, 287, 289, 293, 302, 303, 306, 307, 312, 313, 314, 315, 316, 318, 322, 331, 332, 334, 338, 346, 355, 356, 358, 362, 363, 364, 366, 372, 373, 377, 378, 379, 383, 385, 386, 387, 389, 393, 396, 403, 404, 405, 407, 413, 416, 417, 421, 422, 427, 430, 433, 436, 441, 444, 452, 453, 454, 461, 466, 467, 470, 471, 472, 474, 476, 482, 486, 487, 488, 489, 491, 495, 497, 498, 500, 501, 510, 516, 518, 519, 525, 527, 528, 530], "excluded_lines": []}, "": {"executed_lines": [1, 9, 11, 12, 13, 14, 15, 18, 19, 20, 22, 23, 24, 25, 26, 27, 28, 31, 32, 34, 36, 55, 56, 80, 81, 88, 89, 93, 102, 112, 145, 205, 243, 268, 291, 320, 336, 360, 375, 381, 391, 484, 493, 533, 551], "summary": {"covered_lines": 42, "num_statements": 57, "percent_covered": 73.6842105263158, "percent_covered_display": "74", "missing_lines": 15, "excluded_lines": 0}, "missing_lines": [535, 536, 537, 538, 539, 540, 542, 543, 544, 546, 548, 553, 554, 555, 556], "excluded_lines": []}}}, "src/nicestlog/config.py": {"executed_lines": [1, 5, 6, 7, 8, 10, 13, 14, 15, 17, 18, 19, 20, 21, 22, 25, 26, 31, 38, 40, 42, 43, 44, 45, 47, 48, 51, 52, 53, 54, 55, 58, 59, 60, 61, 62, 63, 64, 65, 68, 69, 70, 71, 72, 77, 78, 87, 89, 91, 93, 94, 98, 99, 100, 101, 102, 103, 104, 105, 108], "summary": {"covered_lines": 57, "num_statements": 61, "percent_covered": 93.44262295081967, "percent_covered_display": "93", "missing_lines": 4, "excluded_lines": 0}, "missing_lines": [109, 110, 111, 112], "excluded_lines": [], "functions": {"NicestLogConfig.__init__": {"executed_lines": [38, 40, 42, 43, 44, 45, 47, 48, 51, 52, 53, 54, 55, 58, 59, 60, 61, 62, 63, 64, 65, 68, 69, 70, 71, 72, 77, 78], "summary": {"covered_lines": 28, "num_statements": 28, "percent_covered": 100.0, "percent_covered_display": "100", "missing_lines": 0, "excluded_lines": 0}, "missing_lines": [], "excluded_lines": []}, "NicestLogConfig._load_config": {"executed_lines": [89, 91, 93, 94, 98, 99, 100, 101, 102, 103, 104, 105, 108], "summary": {"covered_lines": 13, "num_statements": 17, "percent_covered": 76.47058823529412, "percent_covered_display": "76", "missing_lines": 4, "excluded_lines": 0}, "missing_lines": [109, 110, 111, 112], "excluded_lines": []}, "": {"executed_lines": [1, 5, 6, 7, 8, 10, 13, 14, 15, 17, 18, 19, 20, 21, 22, 25, 26, 31, 87], "summary": {"covered_lines": 16, "num_statements": 16, "percent_covered": 100.0, "percent_covered_display": "100", "missing_lines": 0, "excluded_lines": 0}, "missing_lines": [], "excluded_lines": []}}, "classes": {"SimpleFormatSettings": {"executed_lines": [], "summary": {"covered_lines": 0, "num_statements": 0, "percent_covered": 100.0, "percent_covered_display": "100", "missing_lines": 0, "excluded_lines": 0}, "missing_lines": [], "excluded_lines": []}, "NicestLogConfig": {"executed_lines": [38, 40, 42, 43, 44, 45, 47, 48, 51, 52, 53, 54, 55, 58, 59, 60, 61, 62, 63, 64, 65, 68, 69, 70, 71, 72, 77, 78, 89, 91, 93, 94, 98, 99, 100, 101, 102, 103, 104, 105, 108], "summary": {"covered_lines": 41, "num_statements": 45, "percent_covered": 91.11111111111111, "percent_covered_display": "91", "missing_lines": 4, "excluded_lines": 0}, "missing_lines": [109, 110, 111, 112], "excluded_lines": []}, "": {"executed_lines": [1, 5, 6, 7, 8, 10, 13, 14, 15, 17, 18, 19, 20, 21, 22, 25, 26, 31, 87], "summary": {"covered_lines": 16, "num_statements": 16, "percent_covered": 100.0, "percent_covered_display": "100", "missing_lines": 0, "excluded_lines": 0}, "missing_lines": [], "excluded_lines": []}}}, "src/nicestlog/core.py": {"executed_lines": [1, 5, 6, 7, 8, 9, 10, 12, 14, 17, 20, 21, 25, 26, 28, 40, 45, 46, 48, 49, 51, 52, 53, 54, 56, 58, 59, 61, 62, 63, 64, 66, 69, 70, 71, 74, 75, 77, 78, 81, 82, 84, 85, 87, 88, 89, 90, 92, 93, 94, 96, 99, 100, 101, 104, 116, 117, 122, 133, 140, 141, 142, 145, 147, 150, 151, 162, 163, 164, 168, 169, 170, 174, 175, 176, 178, 179, 180, 182, 183, 184, 185, 186, 188, 189, 193, 194, 196, 197, 198, 212, 214, 215, 216, 217, 219, 221, 222, 223, 224, 225, 228, 229, 230, 231, 233, 234, 235, 241, 243, 245, 246, 247, 249, 250, 252, 253, 254, 256, 257, 258, 259, 260, 261, 263, 264, 266, 279, 282, 285, 288, 291, 296, 302, 303, 304, 312, 313, 316, 317, 323, 334, 335, 337, 338, 340, 341, 343, 345, 348, 359, 360, 362, 364, 367, 369, 370, 372, 373, 374, 388, 391, 392, 396, 399, 400, 401, 402, 403, 406, 407, 408, 409, 410, 413, 414, 415, 417, 420, 421, 424, 425, 426, 429, 430, 433, 434, 438, 441, 455, 458, 459, 461, 462, 463, 465, 466, 467, 468, 469, 472, 473, 474, 477, 478, 479, 486, 489, 490, 491, 492, 493, 494, 495, 498, 499, 500, 503, 506, 507, 514, 521, 523, 526, 527, 530, 531, 532, 533, 536, 539, 548, 549, 552, 567, 568, 570, 573, 574, 576, 577, 578, 580, 589, 590, 592, 593, 594, 597, 605, 606, 608, 610, 617, 625, 627, 639, 640], "summary": {"covered_lines": 253, "num_statements": 306, "percent_covered": 82.6797385620915, "percent_covered_display": "83", "missing_lines": 53, "excluded_lines": 0}, "missing_lines": [22, 23, 29, 30, 31, 32, 33, 34, 35, 36, 37, 38, 106, 107, 108, 109, 110, 112, 113, 146, 148, 171, 191, 199, 211, 280, 283, 286, 289, 292, 293, 294, 297, 305, 306, 308, 309, 310, 344, 346, 375, 387, 393, 394, 416, 435, 439, 553, 554, 555, 557, 633, 636], "excluded_lines": [], "functions": {"PartialFormatter.__init__": {"executed_lines": [48, 49], "summary": {"covered_lines": 2, "num_statements": 2, "percent_covered": 100.0, "percent_covered_display": "100", "missing_lines": 0, "excluded_lines": 0}, "missing_lines": [], "excluded_lines": []}, "PartialFormatter.get_field": {"executed_lines": [52, 53, 54, 56], "summary": {"covered_lines": 4, "num_statements": 4, "percent_covered": 100.0, "percent_covered_display": "100", "missing_lines": 0, "excluded_lines": 0}, "missing_lines": [], "excluded_lines": []}, "PartialFormatter.format_field": {"executed_lines": [59, 61, 62, 63, 64, 66], "summary": {"covered_lines": 6, "num_statements": 6, "percent_covered": 100.0, "percent_covered_display": "100", "missing_lines": 0, "excluded_lines": 0}, "missing_lines": [], "excluded_lines": []}, "TranslationProcessor.__init__": {"executed_lines": [71, 74, 75], "summary": {"covered_lines": 3, "num_statements": 3, "percent_covered": 100.0, "percent_covered_display": "100", "missing_lines": 0, "excluded_lines": 0}, "missing_lines": [], "excluded_lines": []}, "TranslationProcessor.__call__": {"executed_lines": [78, 81, 82, 84, 85, 87, 88, 89, 90, 92, 93, 94, 96], "summary": {"covered_lines": 13, "num_statements": 13, "percent_covered": 100.0, "percent_covered_display": "100", "missing_lines": 0, "excluded_lines": 0}, "missing_lines": [], "excluded_lines": []}, "_pad": {"executed_lines": [100, 101], "summary": {"covered_lines": 2, "num_statements": 2, "percent_covered": 100.0, "percent_covered_display": "100", "missing_lines": 0, "excluded_lines": 0}, "missing_lines": [], "excluded_lines": []}, "prefix": {"executed_lines": [], "summary": {"covered_lines": 0, "num_statements": 7, "percent_covered": 0.0, "percent_covered_display": "0", "missing_lines": 7, "excluded_lines": 0}, "missing_lines": [106, 107, 108, 109, 110, 112, 113], "excluded_lines": []}, "ConsoleFileRenderer.__init__": {"executed_lines": [140, 141, 142, 145, 147, 150, 151, 162, 163, 164], "summary": {"covered_lines": 10, "num_statements": 12, "percent_covered": 83.33333333333333, "percent_covered_display": "83", "missing_lines": 2, "excluded_lines": 0}, "missing_lines": [146, 148], "excluded_lines": []}, "ConsoleFileRenderer.__call__": {"executed_lines": [169, 170, 174, 175, 176, 178, 179, 180, 182, 183, 184, 185, 186, 188, 189, 193, 194, 196, 214, 215, 216, 217, 219, 221, 222, 223, 224, 225, 228, 229, 230, 231, 233, 234, 235, 241, 243, 245, 246, 247, 249, 250, 252, 253, 254, 256, 257, 258, 259, 260, 261, 263, 264, 266, 279, 282, 285, 288, 291, 296, 302, 303, 304, 312, 313]
[...]
{"executed_lines": [], "summary": {"covered_lines": 0, "num_statements": 1, "percent_covered": 0.0, "percent_covered_display": "0", "missing_lines": 1, "excluded_lines": 0}, "missing_lines": [91], "excluded_lines": []}, "ProjectAnalyzer.__init__": {"executed_lines": [98, 99, 102, 108, 115, 122, 132, 139, 152], "summary": {"covered_lines": 9, "num_statements": 9, "percent_covered": 100.0, "percent_covered_display": "100", "missing_lines": 0, "excluded_lines": 0}, "missing_lines": [], "excluded_lines": []}, "ProjectAnalyzer.analyze_project": {"executed_lines": [177, 183, 187, 188, 189, 192, 197, 199, 209, 217], "summary": {"covered_lines": 10, "num_statements": 11, "percent_covered": 90.9090909090909, "percent_covered_display": "91", "missing_lines": 1, "excluded_lines": 0}, "missing_lines": [184], "excluded_lines": []}, "ProjectAnalyzer._load_ignore_patterns": {"executed_lines": [221, 224, 225, 245, 246, 260], "summary": {"covered_lines": 6, "num_statements": 25, "percent_covered": 24.0, "percent_covered_display": "24", "missing_lines": 19, "excluded_lines": 0}, "missing_lines": [226, 227, 228, 229, 230, 232, 233, 235, 236, 237, 238, 247, 248, 249, 250, 251, 252, 253, 254], "excluded_lines": []}, "ProjectAnalyzer._should_ignore_file": {"executed_lines": [], "summary": {"covered_lines": 0, "num_statements": 12, "percent_covered": 0.0, "percent_covered_display": "0", "missing_lines": 12, "excluded_lines": 0}, "missing_lines": [267, 268, 269, 270, 272, 275, 276, 277, 279, 280, 281, 283], "excluded_lines": []}, "ProjectAnalyzer._get_python_files": {"executed_lines": [287, 288, 290, 294, 305], "summary": {"covered_lines": 5, "num_statements": 10, "percent_covered": 50.0, "percent_covered_display": "50", "missing_lines": 5, "excluded_lines": 0}, "missing_lines": [291, 292, 295, 296, 297], "excluded_lines": []}, "ProjectAnalyzer._analyze_logging_patterns": {"executed_lines": [309, 310, 312, 318, 331], "summary": {"covered_lines": 5, "num_statements": 11, "percent_covered": 45.45454545454545, "percent_covered_display": "45", "missing_lines": 6, "excluded_lines": 0}, "missing_lines": [319, 320, 321, 322, 323, 324], "excluded_lines": []}, "ProjectAnalyzer._analyze_file_patterns": {"executed_lines": [], "summary": {"covered_lines": 0, "num_statements": 26, "percent_covered": 0.0, "percent_covered_display": "0", "missing_lines": 26, "excluded_lines": 0}, "missing_lines": [337, 338, 340, 341, 342, 343, 346, 347, 348, 349, 359, 360, 363, 364, 365, 366, 378, 379, 380, 392, 393, 394, 406, 407, 408, 419], "excluded_lines": []}, "ProjectAnalyzer._analyze_complexity": {"executed_lines": [423, 424, 425, 426, 428, 446, 447, 450, 451, 457], "summary": {"covered_lines": 10, "num_statements": 25, "percent_covered": 40.0, "percent_covered_display": "40", "missing_lines": 15, "excluded_lines": 0}, "missing_lines": [429, 430, 431, 432, 435, 436, 437, 438, 439, 441, 443, 444, 452, 453, 455], "excluded_lines": []}, "ProjectAnalyzer._calculate_ast_complexity": {"executed_lines": [], "summary": {"covered_lines": 0, "num_statements": 9, "percent_covered": 0.0, "percent_covered_display": "0", "missing_lines": 9, "excluded_lines": 0}, "missing_lines": [468, 470, 471, 472, 473, 474, 475, 476, 478], "excluded_lines": []}, "ProjectAnalyzer._analyze_dependencies": {"executed_lines": [482, 483, 484, 485, 486, 487, 490, 498, 499, 500, 518, 521, 524, 529], "summary": {"covered_lines": 14, "num_statements": 26, "percent_covered": 53.84615384615385, "percent_covered_display": "54", "missing_lines": 12, "excluded_lines": 0}, "missing_lines": [501, 502, 505, 506, 507, 508, 511, 512, 513, 515, 522, 525], "excluded_lines": []}, "ProjectAnalyzer._generate_recommendation": {"executed_lines": [547, 548, 549, 550, 551, 554, 558, 562, 566, 571, 572, 573, 576, 580, 581, 590, 591, 593, 597, 598, 601, 611, 619, 628, 637, 645], "summary": {"covered_lines": 26, "num_statements": 49, "percent_covered": 53.06122448979592, "percent_covered_display": "53", "missing_lines": 23, "excluded_lines": 0}, "missing_lines": [555, 556, 557, 559, 560, 561, 563, 564, 565, 567, 568, 569, 582, 583, 584, 586, 587, 594, 595, 602, 612, 620, 629], "excluded_lines": []}, "ProjectAnalyzer._generate_warnings": {"executed_lines": [662, 664, 667, 670, 671, 676, 680, 681, 687], "summary": {"covered_lines": 9, "num_statements": 14, "percent_covered": 64.28571428571429, "percent_covered_display": "64", "missing_lines": 5, "excluded_lines": 0}, "missing_lines": [665, 668, 672, 677, 682], "excluded_lines": []}, "ProjectAnalyzer._get_timestamp": {"executed_lines": [691, 693], "summary": {"covered_lines": 2, "num_statements": 2, "percent_covered": 100.0, "percent_covered_display": "100", "missing_lines": 0, "excluded_lines": 0}, "missing_lines": [], "excluded_lines": []}, "analyze_project_for_agents": {"executed_lines": [709, 710], "summary": {"covered_lines": 2, "num_statements": 2, "percent_covered": 100.0, "percent_covered_display": "100", "missing_lines": 0, "excluded_lines": 0}, "missing_lines": [], "excluded_lines": []}, "": {"executed_lines": [1, 8, 10, 11, 12, 13, 14, 15, 16, 17, 19, 22, 23, 24, 26, 27, 28, 29, 30, 31, 34, 35, 36, 38, 39, 40, 41, 42, 43, 46, 47, 48, 50, 51, 52, 53, 54, 55, 58, 59, 60, 62, 65, 66, 67, 68, 69, 70, 73, 74, 75, 77, 78, 79, 80, 81, 82, 83, 85, 89, 94, 95, 97, 175, 219, 262, 285, 307, 333, 421, 466, 480, 538, 655, 689, 696], "summary": {"covered_lines": 69, "num_statements": 69, "percent_covered": 100.0, "percent_covered_display": "100", "missing_lines": 0, "excluded_lines": 0}, "missing_lines": [], "excluded_lines": []}}, "classes": {"LoggingPattern": {"executed_lines": [], "summary": {"covered_lines": 0, "num_statements": 0, "percent_covered": 100.0, "percent_covered_display": "100", "missing_lines": 0, "excluded_lines": 0}, "missing_lines": [], "excluded_lines": []}, "ProjectComplexity": {"executed_lines": [], "summary": {"covered_lines": 0, "num_statements": 0, "percent_covered": 100.0, "percent_covered_display": "100", "missing_lines": 0, "excluded_lines": 0}, "missing_lines": [], "excluded_lines": []}, "DependencyAnalysis": {"executed_lines": [], "summary": {"covered_lines": 0, "num_statements": 0, "percent_covered": 100.0, "percent_covered_display": "100", "missing_lines": 0, "excluded_lines": 0}, "missing_lines": [], "excluded_lines": []}, "MigrationRecommendation": {"executed_lines": [], "summary": {"covered_lines": 0, "num_statements": 0, "percent_covered": 100.0, "percent_covered_display": "100", "missing_lines": 0, "excluded_lines": 0}, "missing_lines": [], "excluded_lines": []}, "ProjectAnalysisResult": {"executed_lines": [], "summary": {"covered_lines": 0, "num_statements": 2, "percent_covered": 0.0, "percent_covered_display": "0", "missing_lines": 2, "excluded_lines": 0}, "missing_lines": [87, 91], "excluded_lines": []}, "ProjectAnalyzer": {"executed_lines": [98, 99, 102, 108, 115, 122, 132, 139, 152, 177, 183, 187, 188, 189, 192, 197, 199, 209, 217, 221, 224, 225, 245, 246, 260, 287, 288, 290, 294, 305, 309, 310, 312, 318, 331, 423, 424, 425, 426, 428, 446, 447, 450, 451, 457, 482, 483, 484, 485, 486, 487, 490, 498, 499, 500, 518, 521, 524, 529, 547, 548, 549, 550, 551, 554, 558, 562, 566, 571, 572, 573, 576, 580, 581, 590, 591, 593, 597, 598, 601, 611, 619, 628, 637, 645, 662, 664, 667, 670, 671, 676, 680, 681, 687, 691, 693], "summary": {"covered_lines": 96, "num_statements": 229, "percent_covered": 41.92139737991266, "percent_covered_display": "42", "missing_lines": 133, "excluded_lines": 0}, "missing_lines": [184, 226, 227, 228, 229, 230, 232, 233, 235, 236, 237, 238, 247, 248, 249, 250, 251, 252, 253, 254, 267, 268, 269, 270, 272, 275, 276, 277, 279, 280, 281, 283, 291, 292, 295, 296, 297, 319, 320, 321, 322, 323, 324, 337, 338, 340, 341, 342, 343, 346, 347, 348, 349, 359, 360, 363, 364, 365, 366, 378, 379, 380, 392, 393, 394, 406, 407, 408, 419, 429, 430, 431, 432, 435, 436, 437, 438, 439, 441, 443, 444, 452, 453, 455, 468, 470, 471, 472, 473, 474, 475, 476, 478, 501, 502, 505, 506, 507, 508, 511, 512, 513, 515, 522, 525, 555, 556, 557, 559, 560, 561, 563, 564, 565, 567, 568, 569, 582, 583, 584, 586, 587, 594, 595, 602, 612, 620, 629, 665, 668, 672, 677, 682], "excluded_lines": []}, "": {"executed_lines": [1, 8, 10, 11, 12, 13, 14, 15, 16, 17, 19, 22, 23, 24, 26, 27, 28, 29, 30, 31, 34, 35, 36, 38, 39, 40, 41, 42, 43, 46, 47, 48, 50, 51, 52, 53, 54, 55, 58, 59, 60, 62, 65, 66, 67, 68, 69, 70, 73, 74, 75, 77, 78, 79, 80, 81, 82, 83, 85, 89, 94, 95, 97, 175, 219, 262, 285, 307, 333, 421, 466, 480, 538, 655, 689, 696, 709, 710], "summary": {"covered_lines": 71, "num_statements": 71, "percent_covered": 100.0, "percent_covered_display": "100", "missing_lines": 0, "excluded_lines": 0}, "missing_lines": [], "excluded_lines": []}}}, "src/nicestlog/systemd_integration.py": {"executed_lines": [1, 7, 8, 9, 10, 11, 12, 13, 15, 16, 19, 20, 21, 24, 25, 30, 39, 49, 50, 51, 52, 54, 55, 60, 62, 63, 109, 115, 119, 120, 121, 124, 125, 140, 144, 145, 147, 148, 151, 152, 153, 154, 157, 161, 172, 173, 174, 175, 178, 179, 180, 181, 184, 199, 202, 224, 228, 229, 233, 234, 240, 243, 246, 247, 250, 252, 261, 264, 286, 287, 288, 290, 318, 319, 321, 326, 329, 398, 420, 482], "summary": {"covered_lines": 78, "num_statements": 184, "percent_covered": 42.391304347826086, "percent_covered_display": "42", "missing_lines": 106, "excluded_lines": 0}, "missing_lines": [18, 66, 67, 68, 69, 72, 84, 85, 88, 89, 90, 93, 96, 97, 99, 102, 103, 104, 105, 107, 116, 141, 185, 187, 188, 189, 190, 191, 192, 193, 194, 195, 196, 197, 241, 347, 348, 349, 351, 352, 355, 356, 358, 359, 360, 361, 364, 365, 368, 369, 370, 371, 374, 384, 385, 386, 387, 389, 391, 393, 394, 395, 401, 403, 404, 405, 406, 407, 408, 409, 410, 411, 412, 413, 414, 415, 417, 422, 423, 426, 427, 428, 429, 430, 431, 433, 435, 438, 440, 441, 448, 450, 454, 455, 458, 459, 460, 461, 462, 465, 466, 469, 470, 478, 479, 483], "excluded_lines": [], "functions": {"SystemdJournalHandler.__init__": {"executed_lines": [49, 50, 51, 52, 54, 55], "summary": {"covered_lines": 6, "num_statements": 6, "percent_covered": 100.0, "percent_covered_display": "100", "missing_lines": 0, "excluded_lines": 0}, "missing_lines": [], "excluded_lines": []}, "SystemdJournalHandler.__call__": {"executed_lines": [62, 63], "summary": {"covered_lines": 2, "num_statements": 21, "percent_covered": 9.523809523809524, "percent_covered_display": "10", "missing_lines": 19, "excluded_lines": 0}, "missing_lines": [66, 67, 68, 69, 72, 84, 85, 88, 89, 90, 93, 96, 97, 99, 102, 103, 104, 105, 107], "excluded_lines": []}, "SystemdJournalHandler.emit": {"executed_lines": [115, 119, 120, 121, 124, 125, 140, 144, 145, 147, 148, 151, 152, 153, 154], "summary": {"covered_lines": 15, "num_statements": 17, "percent_covered": 88.23529411764706, "percent_covered_display": "88", "missing_lines": 2, "excluded_lines": 0}, "missing_lines": [116, 141], "excluded_lines": []}, "detect_systemd_environment": {"executed_lines": [161, 172, 173, 174, 175, 178, 179, 180, 181, 184, 199], "summary": {"covered_lines": 11, "num_statements": 23, "percent_covered": 47.82608695652174, "percent_covered_display": "48", "missing_lines": 12, "excluded_lines": 0}, "missing_lines": [185, 187, 188, 189, 190, 191, 192, 193, 194, 195, 196, 197], "excluded_lines": []}, "setup_systemd_logging": {"executed_lines": [224, 228, 229, 233, 234, 240, 243, 246, 247, 250, 252, 261], "summary": {"covered_lines": 12, "num_statements": 13, "percent_covered": 92.3076923076923, "percent_covered_display": "92", "missing_lines": 1, "excluded_lines": 0}, "missing_lines": [241], "excluded_lines": []}, "create_systemd_service_file": {"executed_lines": [286, 287, 288, 290, 318, 319, 321, 326], "summary": {"covered_lines": 8, "num_statements": 8, "percent_covered": 100.0, "percent_covered_display": "100", "missing_lines": 0, "excluded_lines": 0}, "missing_lines": [], "excluded_lines": []}, "query_journal_logs": {"executed_lines": [], "summary": {"covered_lines": 0, "num_statements": 27, "percent_covered": 0.0, "percent_covered_display": "0", "missing_lines": 27, "excluded_lines": 0}, "missing_lines": [347, 348, 349, 351, 352, 355, 356, 358, 359, 360, 361, 364, 365, 368, 369, 370, 371, 374, 384, 385, 386, 387, 389, 391, 393, 394, 395], "excluded_lines": []}, "parse_time_delta": {"executed_lines": [], "summary": {"covered_lines": 0, "num_statements": 15, "percent_covered": 0.0, "percent_covered_display": "0", "missing_lines": 15, "excluded_lines": 0}, "missing_lines": [401, 403, 404, 405, 406, 407, 408, 409, 410, 411, 412, 413, 414, 415, 417], "excluded_lines": []}, "demo_systemd_integration": {"executed_lines": [], "summary": {"covered_lines": 0, "num_statements": 28, "percent_covered": 0.0, "percent_covered_display": "0", "missing_lines": 28, "excluded_lines": 0}, "missing_lines": [422, 423, 426, 427, 428, 429, 430, 431, 433, 435, 438, 440, 441, 448, 450, 454, 455, 458, 459, 460, 461, 462, 465, 466, 469, 470, 478, 479], "excluded_lines": []}, "": {"executed_lines": [1, 7, 8, 9, 10, 11, 12, 13, 15, 16, 19, 20, 21, 24, 25, 30, 39, 60, 109, 157, 202, 264, 329, 398, 420, 482], "summary": {"covered_lines": 24, "num_statements": 26, "percent_covered": 92.3076923076923, "percent_covered_display": "92", "missing_lines": 2, "excluded_lines": 0}, "missing_lines": [18, 483], "excluded_lines": []}}, "classes": {"SystemdJournalHandler": {"executed_lines": [49, 50, 51, 52, 54, 55, 62, 63, 115, 119, 120, 121, 124, 125, 140, 144, 145, 147, 148, 151, 152, 153, 154], "summary": {"covered_lines": 23, "num_statements": 44, "percent_covered": 52.27272727272727, "percent_covered_display": "52", "missing_lines": 21, "excluded_lines": 0}, "missing_lines": [66, 67, 68, 69, 72, 84, 85, 88, 89, 90, 93, 96, 97, 99, 102, 103, 104, 105, 107, 116, 141], "excluded_lines": []}, "": {"executed_lines": [1, 7, 8, 9, 10, 11, 12, 13, 15, 16, 19, 20, 21, 24, 25, 30, 39, 60, 109, 157, 161, 172, 173, 174, 175, 178, 179, 180, 181, 184, 199, 202, 224, 228, 229, 233, 234, 240, 243, 246, 247, 250, 252, 261, 264, 286, 287, 288, 290, 318, 319, 321, 326, 329, 398, 420, 482], "summary": {"covered_lines": 55, "num_statements": 140, "percent_covered": 39.285714285714285, "percent_covered_display": "39", "missing_lines": 85, "excluded_lines": 0}, "missing_lines": [18, 185, 187, 188, 189, 190, 191, 192, 193, 194, 195, 196, 197, 241, 347, 348, 349, 351, 352, 355, 356, 358, 359, 360, 361, 364, 365, 368, 369, 370, 371, 374, 384, 385, 386, 387, 389, 391, 393, 394, 395, 401, 403, 404, 405, 406, 407, 408, 409, 410, 411, 412, 413, 414, 415, 417, 422, 423, 426, 427, 428, 429, 430, 431, 433, 435, 438, 440, 441, 448, 450, 454, 455, 458, 459, 460, 461, 462, 465, 466, 469, 470, 478, 479, 483], "excluded_lines": []}}}, "src/nicestlog/web_dashboard.py": {"executed_lines": [1, 7, 8, 9, 10, 11, 13, 14, 16, 24, 27, 28, 29, 32, 33, 35, 38, 68, 288, 305, 374, 409, 426, 443], "summary": {"covered_lines": 22, "num_statements": 101, "percent_covered": 21.782178217821784, "percent_covered_display": "22", "missing_lines": 79, "excluded_lines": 0}, "missing_lines": [17, 18, 20, 21, 22, 36, 40, 53, 54, 56, 57, 59, 60, 61, 62, 64, 307, 308, 311, 313, 314, 316, 317, 319, 320, 322, 324, 325, 327, 328, 331, 332, 333, 334, 336, 338, 339, 341, 342, 364, 365, 367, 368, 369, 371, 376, 377, 379, 380, 383, 388, 389, 397, 399, 401, 411, 412, 423, 428, 429, 436, 437, 439, 440, 445, 446, 447, 449, 451, 452, 454, 464, 465, 466, 470, 477, 480, 481, 484], "excluded_lines": [], "functions": {"WebLogHandler.__init__": {"executed_lines": [], "summary": {"covered_lines": 0, "num_statements": 1, "percent_covered": 0.0, "percent_covered_display": "0", "missing_lines": 1, "excluded_lines": 0}, "missing_lines": [36], "excluded_lines": []}, "WebLogHandler.__call__": {"executed_lines": [], "summary": {"covered_lines": 0, "num_statements": 10, "percent_covered": 0.0, "percent_covered_display": "0", "missing_lines": 10, "excluded_lines": 0}, "missing_lines": [40, 53, 54, 56, 57, 59, 60, 61, 62, 64], "excluded_lines": []}, "create_dashboard_app": {"executed_lines": [], "summary": {"covered_lines": 0, "num_statements": 12, "percent_covered": 0.0, "percent_covered_display": "0", "missing_lines": 12, "excluded_lines": 0}, "missing_lines": [307, 308, 311, 313, 314, 319, 320, 338, 339, 364, 365, 371], "excluded_lines": []}, "create_dashboard_app.dashboard": {"executed_lines": [], "summary": {"covered_lines": 0, "num_statements": 2, "percent_covered": 0.0, "percent_covered_display": "0", "missing_lines": 2, "excluded_lines": 0}, "missing_lines": [316, 317], "excluded_lines": []}, "create_dashboard_app.get_logs": {"executed_lines": [], "summary": {"covered_lines": 0, "num_statements": 10, "percent_covered": 0.0, "percent_covered_display": "0", "missing_lines": 10, "excluded_lines": 0}, "missing_lines": [322, 324, 325, 327, 328, 331, 332, 333, 334, 336], "excluded_lines": []}, "create_dashboard_app.api_stats": {"executed_lines": [], "summary": {"covered_lines": 0, "num_statements": 2, "percent_covered": 0.0, "percent_covered_display": "0", "missing_lines": 2, "excluded_lines": 0}, "missing_lines": [341, 342], "excluded_lines": []}, "create_dashboard_app.clear_logs": {"executed_lines": [], "summary": {"covered_lines": 0, "num_statements": 3, "percent_covered": 0.0, "percent_covered_display": "0", "missing_lines": 3, "excluded_lines": 0}, "missing_lines": [367, 368, 369], "excluded_lines": []}, "get_log_stats": {"executed_lines": [], "summary": {"covered_lines": 0, "num_statements": 10, "percent_covered": 0.0, "percent_covered_display": "0", "missing_lines": 10, "excluded_lines": 0}, "missing_lines": [376, 377, 379, 380, 383, 388, 389, 397, 399, 401], "excluded_lines": []}, "setup_web_logging": {"executed_lines": [], "summary": {"covered_lines": 0, "num_statements": 3, "percent_covered": 0.0, "percent_covered_display": "0", "missing_lines": 3, "excluded_lines": 0}, "missing_lines": [411, 412, 423], "excluded_lines": []}, "run_dashboard": {"executed_lines": [], "summary": {"covered_lines": 0, "num_statements": 6, "percent_covered": 0.0, "percent_covered_display": "0", "missing_lines": 6, "excluded_lines": 0}, "missing_lines": [428, 429, 436, 437, 439, 440], "excluded_lines": []}, "generate_demo_logs": {"executed_lines": [], "summary": {"covered_lines": 0, "num_statements": 8, "percent_covered": 0.0, "percent_covered_display": "0", "missing_lines": 8, "excluded_lines": 0}, "missing_lines": [451, 452, 454, 464, 465, 466, 470, 477], "excluded_lines": []}, "": {"executed_lines": [1, 7, 8, 9, 10, 11, 13, 14, 16, 24, 27, 28, 29, 32, 33, 35, 38, 68, 288, 305, 374, 409, 426, 443], "summary": {"covered_lines": 22, "num_statements": 34, "percent_covered": 64.70588235294117, "percent_covered_display": "65", "missing_lines": 12, "excluded_lines": 0}, "missing_lines": [17, 18, 20, 21, 22, 445, 446, 447, 449, 480, 481, 484], "excluded_lines": []}}, "classes": {"WebLogHandler": {"executed_lines": [], "summary": {"covered_lines": 0, "num_statements": 11, "percent_covered": 0.0, "percent_covered_display": "0", "missing_lines": 11, "excluded_lines": 0}, "missing_lines": [36, 40, 53, 54, 56, 57, 59, 60, 61, 62, 64], "excluded_lines": []}, "": {"executed_lines": [1, 7, 8, 9, 10, 11, 13, 14, 16, 24, 27, 28, 29, 32, 33, 35, 38, 68, 288, 305, 374, 409, 426, 443], "summary": {"covered_lines": 22, "num_statements": 90, "percent_covered": 24.444444444444443, "percent_covered_display": "24", "missing_lines": 68, "excluded_lines": 0}, "missing_lines": [17, 18, 20, 21, 22, 307, 308, 311, 313, 314, 316, 317, 319, 320, 322, 324, 325, 327, 328, 331, 332, 333, 334, 336, 338, 339, 341, 342, 364, 365, 367, 368, 369, 371, 376, 377, 379, 380, 383, 388, 389, 397, 399, 401, 411, 412, 423, 428, 429, 436, 437, 439, 440, 445, 446, 447, 449, 451, 452, 454, 464, 465, 466, 470, 477, 480, 481, 484], "excluded_lines": []}}}}, "totals": {"covered_lines": 3154, "num_statements": 5127, "percent_covered": 61.51745660230154, "percent_covered_display": "62", "missing_lines": 1973, "excluded_lines": 4}}